[0.005s] Invoking command in '/home/leomorningrain/code/sdk_mark2_mcnm_ws/build/xpkg_comm': CMAKE_PREFIX_PATH=/home/leomorningrain/code/sdk_mark2_mcnm_ws/install/xpkg_msgs:/home/leomorningrain/code/sdk_mark2_mcnm_ws/install/xpkg_vehicle:/home/leomorningrain/code/sdk_mark2_mcnm_ws/install/xpkg_urdf_mark2_mcnm:/home/leomorningrain/code/sdk_mark2_mcnm_ws/install/xpkg_comm:/home/leomorningrain/code/sdk_mark2_mcnm_ws/install/xpkg_demo:/home/leomorningrain/code/sdk_mark2_mcnm_ws/install/teleop_twist_joy:/home/leomorningrain/code/sdk_mark2_mcnm_ws/install/articubot_one:/opt/ros/humble LD_LIBRARY_PATH=/home/leomorningrain/code/sdk_mark2_mcnm_ws/install/xpkg_msgs/lib:/home/leomorningrain/code/sdk_mark2_mcnm_ws/install/teleop_twist_joy/lib:/usr/lib/x86_64-linux-gnu/gazebo-11/plugins:/opt/ros/humble/opt/rviz_ogre_vendor/lib:/opt/ros/humble/lib/x86_64-linux-gnu:/opt/ros/humble/lib:/usr/local/lib /usr/bin/cmake /home/leomorningrain/code/sdk_mark2_mcnm_ws/src/base/xpkg_comm -DCMAKE_INSTALL_PREFIX=/home/leomorningrain/code/sdk_mark2_mcnm_ws/install/xpkg_comm
[0.037s] -- The C compiler identification is GNU 11.4.0
[0.070s] -- The CXX compiler identification is GNU 11.4.0
[0.075s] -- Detecting C compiler ABI info
[0.116s] -- Detecting C compiler ABI info - done
[0.124s] -- Check for working C compiler: /usr/bin/cc - skipped
[0.124s] -- Detecting C compile features
[0.124s] -- Detecting C compile features - done
[0.126s] -- Detecting CXX compiler ABI info
[0.172s] -- Detecting CXX compiler ABI info - done
[0.177s] -- Check for working CXX compiler: /usr/bin/c++ - skipped
[0.177s] -- Detecting CXX compile features
[0.177s] -- Detecting CXX compile features - done
[0.178s] -- Your ROS version is ROS2
[0.179s] -- Found ament_cmake: 1.3.8 (/opt/ros/humble/share/ament_cmake/cmake)
[0.272s] -- Found Python3: /usr/bin/python3 (found version "3.10.12") found components: Interpreter 
[0.325s] -- Found rclcpp: 16.0.8 (/opt/ros/humble/share/rclcpp/cmake)
[0.351s] -- Found rosidl_generator_c: 3.1.5 (/opt/ros/humble/share/rosidl_generator_c/cmake)
[0.354s] -- Found rosidl_adapter: 3.1.5 (/opt/ros/humble/share/rosidl_adapter/cmake)
[0.359s] -- Found rosidl_generator_cpp: 3.1.5 (/opt/ros/humble/share/rosidl_generator_cpp/cmake)
[0.368s] -- Using all available rosidl_typesupport_c: rosidl_typesupport_fastrtps_c;rosidl_typesupport_introspection_c
[0.380s] -- Using all available rosidl_typesupport_cpp: rosidl_typesupport_fastrtps_cpp;rosidl_typesupport_introspection_cpp
[0.425s] -- Found rmw_implementation_cmake: 6.1.1 (/opt/ros/humble/share/rmw_implementation_cmake/cmake)
[0.426s] -- Found rmw_fastrtps_cpp: 6.2.6 (/opt/ros/humble/share/rmw_fastrtps_cpp/cmake)
[0.485s] -- Found OpenSSL: /usr/lib/x86_64-linux-gnu/libcrypto.so (found version "3.0.2")  
[0.502s] -- Found FastRTPS: /opt/ros/humble/include  
[0.532s] -- Using RMW implementation 'rmw_fastrtps_cpp' as default
[0.538s] -- Looking for pthread.h
[0.579s] -- Looking for pthread.h - found
[0.580s] -- Performing Test CMAKE_HAVE_LIBC_PTHREAD
[0.621s] -- Performing Test CMAKE_HAVE_LIBC_PTHREAD - Success
[0.622s] -- Found Threads: TRUE  
[0.717s] -- Found xpkg_msgs: 0.1.0 (/home/leomorningrain/code/sdk_mark2_mcnm_ws/install/xpkg_msgs/share/xpkg_msgs/cmake)
[0.735s] -- Found ament_lint_auto: 0.12.10 (/opt/ros/humble/share/ament_lint_auto/cmake)
[0.788s] -- Added test 'copyright' to check source files copyright and LICENSE
[0.789s] -- Added test 'cppcheck' to perform static code analysis on C / C++ code
[0.789s] -- Configured cppcheck include dirs: /home/leomorningrain/code/sdk_mark2_mcnm_ws/src/base/xpkg_comm/../..;/home/leomorningrain/code/sdk_mark2_mcnm_ws/src/base/xpkg_comm/..;/home/leomorningrain/code/sdk_mark2_mcnm_ws/src/base/xpkg_comm/.;/home/leomorningrain/code/sdk_mark2_mcnm_ws/src/base/xpkg_comm/include;/home/leomorningrain/code/sdk_mark2_mcnm_ws/src/base/xpkg_comm/include/LIB_JSON;/home/leomorningrain/code/sdk_mark2_mcnm_ws/src/base/xpkg_comm/include/ROS_INF;/home/leomorningrain/code/sdk_mark2_mcnm_ws/src/base/xpkg_comm/include/COMM_INF;/home/leomorningrain/code/sdk_mark2_mcnm_ws/src/base/xpkg_comm/include/FUNC
[0.789s] -- Configured cppcheck exclude dirs and/or files: 
[0.790s] -- Added test 'cpplint' to check C / C++ code against the Google style
[0.790s] -- Configured cpplint exclude dirs and/or files: 
[0.790s] -- Added test 'flake8' to check Python code syntax and style conventions
[0.791s] -- Added test 'lint_cmake' to check CMake code style
[0.791s] -- Added test 'pep257' to check Python code against some of the docstring style conventions in PEP 257
[0.792s] -- Added test 'uncrustify' to check C / C++ code style
[0.792s] -- Configured uncrustify additional arguments: 
[0.792s] -- Added test 'xmllint' to check XML markup files
[0.794s] -- Configuring done
[0.799s] -- Generating done
[0.800s] -- Build files have been written to: /home/leomorningrain/code/sdk_mark2_mcnm_ws/build/xpkg_comm
[0.805s] Invoked command in '/home/leomorningrain/code/sdk_mark2_mcnm_ws/build/xpkg_comm' returned '0': CMAKE_PREFIX_PATH=/home/leomorningrain/code/sdk_mark2_mcnm_ws/install/xpkg_msgs:/home/leomorningrain/code/sdk_mark2_mcnm_ws/install/xpkg_vehicle:/home/leomorningrain/code/sdk_mark2_mcnm_ws/install/xpkg_urdf_mark2_mcnm:/home/leomorningrain/code/sdk_mark2_mcnm_ws/install/xpkg_comm:/home/leomorningrain/code/sdk_mark2_mcnm_ws/install/xpkg_demo:/home/leomorningrain/code/sdk_mark2_mcnm_ws/install/teleop_twist_joy:/home/leomorningrain/code/sdk_mark2_mcnm_ws/install/articubot_one:/opt/ros/humble LD_LIBRARY_PATH=/home/leomorningrain/code/sdk_mark2_mcnm_ws/install/xpkg_msgs/lib:/home/leomorningrain/code/sdk_mark2_mcnm_ws/install/teleop_twist_joy/lib:/usr/lib/x86_64-linux-gnu/gazebo-11/plugins:/opt/ros/humble/opt/rviz_ogre_vendor/lib:/opt/ros/humble/lib/x86_64-linux-gnu:/opt/ros/humble/lib:/usr/local/lib /usr/bin/cmake /home/leomorningrain/code/sdk_mark2_mcnm_ws/src/base/xpkg_comm -DCMAKE_INSTALL_PREFIX=/home/leomorningrain/code/sdk_mark2_mcnm_ws/install/xpkg_comm
[0.806s] Invoking command in '/home/leomorningrain/code/sdk_mark2_mcnm_ws/build/xpkg_comm': CMAKE_PREFIX_PATH=/home/leomorningrain/code/sdk_mark2_mcnm_ws/install/xpkg_msgs:/home/leomorningrain/code/sdk_mark2_mcnm_ws/install/xpkg_vehicle:/home/leomorningrain/code/sdk_mark2_mcnm_ws/install/xpkg_urdf_mark2_mcnm:/home/leomorningrain/code/sdk_mark2_mcnm_ws/install/xpkg_comm:/home/leomorningrain/code/sdk_mark2_mcnm_ws/install/xpkg_demo:/home/leomorningrain/code/sdk_mark2_mcnm_ws/install/teleop_twist_joy:/home/leomorningrain/code/sdk_mark2_mcnm_ws/install/articubot_one:/opt/ros/humble LD_LIBRARY_PATH=/home/leomorningrain/code/sdk_mark2_mcnm_ws/install/xpkg_msgs/lib:/home/leomorningrain/code/sdk_mark2_mcnm_ws/install/teleop_twist_joy/lib:/usr/lib/x86_64-linux-gnu/gazebo-11/plugins:/opt/ros/humble/opt/rviz_ogre_vendor/lib:/opt/ros/humble/lib/x86_64-linux-gnu:/opt/ros/humble/lib:/usr/local/lib /usr/bin/cmake --build /home/leomorningrain/code/sdk_mark2_mcnm_ws/build/xpkg_comm -- -j32 -l32
[0.836s] [ 66%] [32mBuilding CXX object CMakeFiles/xnode_comm.dir/src/xnode_comm.cpp.o[0m
[0.836s] [ 66%] [32mBuilding CXX object CMakeFiles/xnode_comm.dir/src/ROS_INF/ros2_interface.cpp.o[0m
[0.836s] [ 66%] [32mBuilding CXX object CMakeFiles/xnode_comm.dir/src/COMM_INF/comm_inf_tcp.cpp.o[0m
[0.836s] [ 83%] [32mBuilding CXX object CMakeFiles/xnode_comm.dir/src/COMM_INF/comm_inf_com.cpp.o[0m
[0.836s] [ 83%] [32mBuilding CXX object CMakeFiles/xnode_comm.dir/src/FUNC/comm_func.cpp.o[0m
[1.000s] [01m[K/home/leomorningrain/code/sdk_mark2_mcnm_ws/src/base/xpkg_comm/src/COMM_INF/comm_inf_com.cpp:[m[K In member function ‘[01m[Kstd::vector<unsigned char> CommINFCOM::COMDataRecv()[m[K’:
[1.000s] [01m[K/home/leomorningrain/code/sdk_mark2_mcnm_ws/src/base/xpkg_comm/src/COMM_INF/comm_inf_com.cpp:254:20:[m[K [01;35m[Kwarning: [m[Kvariable ‘[01m[Ktime[m[K’ set but not used [[01;35m[K]8;;https://gcc.gnu.org/onlinedocs/gcc/Warning-Options.html#index-Wunused-but-set-variable-Wunused-but-set-variable]8;;[m[K]
[1.000s]   254 |     struct timeval [01;35m[Ktime[m[K;
[1.000s]       |                    [01;35m[K^~~~[m[K
[7.594s] [100%] [32m[1mLinking CXX executable xnode_comm[0m
[7.897s] [100%] Built target xnode_comm
[7.906s] Invoked command in '/home/leomorningrain/code/sdk_mark2_mcnm_ws/build/xpkg_comm' returned '0': CMAKE_PREFIX_PATH=/home/leomorningrain/code/sdk_mark2_mcnm_ws/install/xpkg_msgs:/home/leomorningrain/code/sdk_mark2_mcnm_ws/install/xpkg_vehicle:/home/leomorningrain/code/sdk_mark2_mcnm_ws/install/xpkg_urdf_mark2_mcnm:/home/leomorningrain/code/sdk_mark2_mcnm_ws/install/xpkg_comm:/home/leomorningrain/code/sdk_mark2_mcnm_ws/install/xpkg_demo:/home/leomorningrain/code/sdk_mark2_mcnm_ws/install/teleop_twist_joy:/home/leomorningrain/code/sdk_mark2_mcnm_ws/install/articubot_one:/opt/ros/humble LD_LIBRARY_PATH=/home/leomorningrain/code/sdk_mark2_mcnm_ws/install/xpkg_msgs/lib:/home/leomorningrain/code/sdk_mark2_mcnm_ws/install/teleop_twist_joy/lib:/usr/lib/x86_64-linux-gnu/gazebo-11/plugins:/opt/ros/humble/opt/rviz_ogre_vendor/lib:/opt/ros/humble/lib/x86_64-linux-gnu:/opt/ros/humble/lib:/usr/local/lib /usr/bin/cmake --build /home/leomorningrain/code/sdk_mark2_mcnm_ws/build/xpkg_comm -- -j32 -l32
[7.926s] Invoking command in '/home/leomorningrain/code/sdk_mark2_mcnm_ws/build/xpkg_comm': CMAKE_PREFIX_PATH=/home/leomorningrain/code/sdk_mark2_mcnm_ws/install/xpkg_msgs:/home/leomorningrain/code/sdk_mark2_mcnm_ws/install/xpkg_vehicle:/home/leomorningrain/code/sdk_mark2_mcnm_ws/install/xpkg_urdf_mark2_mcnm:/home/leomorningrain/code/sdk_mark2_mcnm_ws/install/xpkg_comm:/home/leomorningrain/code/sdk_mark2_mcnm_ws/install/xpkg_demo:/home/leomorningrain/code/sdk_mark2_mcnm_ws/install/teleop_twist_joy:/home/leomorningrain/code/sdk_mark2_mcnm_ws/install/articubot_one:/opt/ros/humble LD_LIBRARY_PATH=/home/leomorningrain/code/sdk_mark2_mcnm_ws/install/xpkg_msgs/lib:/home/leomorningrain/code/sdk_mark2_mcnm_ws/install/teleop_twist_joy/lib:/usr/lib/x86_64-linux-gnu/gazebo-11/plugins:/opt/ros/humble/opt/rviz_ogre_vendor/lib:/opt/ros/humble/lib/x86_64-linux-gnu:/opt/ros/humble/lib:/usr/local/lib /usr/bin/cmake --install /home/leomorningrain/code/sdk_mark2_mcnm_ws/build/xpkg_comm
[7.930s] -- Install configuration: ""
[7.930s] -- Installing: /home/leomorningrain/code/sdk_mark2_mcnm_ws/install/xpkg_comm/share/ament_index/resource_index/package_run_dependencies/xpkg_comm
[7.930s] -- Installing: /home/leomorningrain/code/sdk_mark2_mcnm_ws/install/xpkg_comm/share/ament_index/resource_index/parent_prefix_path/xpkg_comm
[7.930s] -- Installing: /home/leomorningrain/code/sdk_mark2_mcnm_ws/install/xpkg_comm/share/xpkg_comm/environment/ament_prefix_path.sh
[7.930s] -- Installing: /home/leomorningrain/code/sdk_mark2_mcnm_ws/install/xpkg_comm/share/xpkg_comm/environment/ament_prefix_path.dsv
[7.930s] -- Installing: /home/leomorningrain/code/sdk_mark2_mcnm_ws/install/xpkg_comm/share/xpkg_comm/environment/path.sh
[7.930s] -- Installing: /home/leomorningrain/code/sdk_mark2_mcnm_ws/install/xpkg_comm/share/xpkg_comm/environment/path.dsv
[7.930s] -- Installing: /home/leomorningrain/code/sdk_mark2_mcnm_ws/install/xpkg_comm/share/xpkg_comm/local_setup.bash
[7.930s] -- Installing: /home/leomorningrain/code/sdk_mark2_mcnm_ws/install/xpkg_comm/share/xpkg_comm/local_setup.sh
[7.930s] -- Installing: /home/leomorningrain/code/sdk_mark2_mcnm_ws/install/xpkg_comm/share/xpkg_comm/local_setup.zsh
[7.930s] -- Installing: /home/leomorningrain/code/sdk_mark2_mcnm_ws/install/xpkg_comm/share/xpkg_comm/local_setup.dsv
[7.930s] -- Installing: /home/leomorningrain/code/sdk_mark2_mcnm_ws/install/xpkg_comm/share/xpkg_comm/package.dsv
[7.930s] -- Installing: /home/leomorningrain/code/sdk_mark2_mcnm_ws/install/xpkg_comm/share/ament_index/resource_index/packages/xpkg_comm
[7.930s] -- Installing: /home/leomorningrain/code/sdk_mark2_mcnm_ws/install/xpkg_comm/share/xpkg_comm/cmake/xpkg_commConfig.cmake
[7.930s] -- Installing: /home/leomorningrain/code/sdk_mark2_mcnm_ws/install/xpkg_comm/share/xpkg_comm/cmake/xpkg_commConfig-version.cmake
[7.930s] -- Installing: /home/leomorningrain/code/sdk_mark2_mcnm_ws/install/xpkg_comm/share/xpkg_comm/package.xml
[7.930s] -- Installing: /home/leomorningrain/code/sdk_mark2_mcnm_ws/install/xpkg_comm/lib/xpkg_comm/xnode_comm
[7.933s] -- Set runtime path of "/home/leomorningrain/code/sdk_mark2_mcnm_ws/install/xpkg_comm/lib/xpkg_comm/xnode_comm" to ""
[7.933s] -- Installing: /home/leomorningrain/code/sdk_mark2_mcnm_ws/install/xpkg_comm/share/xpkg_comm/launch
[7.933s] -- Installing: /home/leomorningrain/code/sdk_mark2_mcnm_ws/install/xpkg_comm/share/xpkg_comm/launch/ROS2
[7.933s] -- Installing: /home/leomorningrain/code/sdk_mark2_mcnm_ws/install/xpkg_comm/share/xpkg_comm/launch/ROS2/xnode_comm_test.launch.py
[7.933s] -- Installing: /home/leomorningrain/code/sdk_mark2_mcnm_ws/install/xpkg_comm/share/xpkg_comm/launch/ROS2/xnode_comm_test.launch.xml
[7.933s] -- Installing: /home/leomorningrain/code/sdk_mark2_mcnm_ws/install/xpkg_comm/share/xpkg_comm/launch/ROS1
[7.933s] -- Installing: /home/leomorningrain/code/sdk_mark2_mcnm_ws/install/xpkg_comm/share/xpkg_comm/launch/ROS1/xnode_comm_test.launch
[7.933s] -- Installing: /home/leomorningrain/code/sdk_mark2_mcnm_ws/install/xpkg_comm/share/xpkg_comm/scripts
[7.933s] -- Installing: /home/leomorningrain/code/sdk_mark2_mcnm_ws/install/xpkg_comm/share/xpkg_comm/scripts/script_init.py
[7.933s] -- Installing: /home/leomorningrain/code/sdk_mark2_mcnm_ws/install/xpkg_comm/share/xpkg_comm/scripts/CAN_COM_HUB.rules
[7.935s] Invoked command in '/home/leomorningrain/code/sdk_mark2_mcnm_ws/build/xpkg_comm' returned '0': CMAKE_PREFIX_PATH=/home/leomorningrain/code/sdk_mark2_mcnm_ws/install/xpkg_msgs:/home/leomorningrain/code/sdk_mark2_mcnm_ws/install/xpkg_vehicle:/home/leomorningrain/code/sdk_mark2_mcnm_ws/install/xpkg_urdf_mark2_mcnm:/home/leomorningrain/code/sdk_mark2_mcnm_ws/install/xpkg_comm:/home/leomorningrain/code/sdk_mark2_mcnm_ws/install/xpkg_demo:/home/leomorningrain/code/sdk_mark2_mcnm_ws/install/teleop_twist_joy:/home/leomorningrain/code/sdk_mark2_mcnm_ws/install/articubot_one:/opt/ros/humble LD_LIBRARY_PATH=/home/leomorningrain/code/sdk_mark2_mcnm_ws/install/xpkg_msgs/lib:/home/leomorningrain/code/sdk_mark2_mcnm_ws/install/teleop_twist_joy/lib:/usr/lib/x86_64-linux-gnu/gazebo-11/plugins:/opt/ros/humble/opt/rviz_ogre_vendor/lib:/opt/ros/humble/lib/x86_64-linux-gnu:/opt/ros/humble/lib:/usr/local/lib /usr/bin/cmake --install /home/leomorningrain/code/sdk_mark2_mcnm_ws/build/xpkg_comm
