[0.011s] Invoking command in '/home/leomorningrain/code/sdk_mark2_mcnm_ws/build/articubot_one': CMAKE_PREFIX_PATH=${CMAKE_PREFIX_PATH}:/opt/ros/humble /usr/bin/cmake --build /home/leomorningrain/code/sdk_mark2_mcnm_ws/build/articubot_one -- -j32 -l32
[0.023s] -- Found ament_cmake: 1.3.8 (/opt/ros/humble/share/ament_cmake/cmake)
[0.093s] -- Found rclcpp: 16.0.8 (/opt/ros/humble/share/rclcpp/cmake)
[0.110s] -- Found rosidl_generator_c: 3.1.5 (/opt/ros/humble/share/rosidl_generator_c/cmake)
[0.111s] -- Found rosidl_adapter: 3.1.5 (/opt/ros/humble/share/rosidl_adapter/cmake)
[0.115s] -- Found rosidl_generator_cpp: 3.1.5 (/opt/ros/humble/share/rosidl_generator_cpp/cmake)
[0.121s] -- Using all available rosidl_typesupport_c: rosidl_typesupport_fastrtps_c;rosidl_typesupport_introspection_c
[0.130s] -- Using all available rosidl_typesupport_cpp: rosidl_typesupport_fastrtps_cpp;rosidl_typesupport_introspection_cpp
[0.159s] -- Found rmw_implementation_cmake: 6.1.1 (/opt/ros/humble/share/rmw_implementation_cmake/cmake)
[0.160s] -- Found rmw_fastrtps_cpp: 6.2.6 (/opt/ros/humble/share/rmw_fastrtps_cpp/cmake)
[0.219s] -- Using RMW implementation 'rmw_fastrtps_cpp' as default
[0.297s] -- Found ament_lint_auto: 0.12.10 (/opt/ros/humble/share/ament_lint_auto/cmake)
[0.330s] -- Added test 'flake8' to check Python code syntax and style conventions
[0.330s] -- Added test 'lint_cmake' to check CMake code style
[0.330s] -- Added test 'pep257' to check Python code against some of the docstring style conventions in PEP 257
[0.331s] -- Added test 'xmllint' to check XML markup files
[0.331s] -- Configuring done
[0.333s] -- Generating done
[0.333s] -- Build files have been written to: /home/leomorningrain/code/sdk_mark2_mcnm_ws/build/articubot_one
[0.347s] Invoked command in '/home/leomorningrain/code/sdk_mark2_mcnm_ws/build/articubot_one' returned '0': CMAKE_PREFIX_PATH=${CMAKE_PREFIX_PATH}:/opt/ros/humble /usr/bin/cmake --build /home/leomorningrain/code/sdk_mark2_mcnm_ws/build/articubot_one -- -j32 -l32
[0.358s] Invoking command in '/home/leomorningrain/code/sdk_mark2_mcnm_ws/build/articubot_one': CMAKE_PREFIX_PATH=${CMAKE_PREFIX_PATH}:/opt/ros/humble /usr/bin/cmake --install /home/leomorningrain/code/sdk_mark2_mcnm_ws/build/articubot_one
[0.362s] -- Install configuration: ""
[0.362s] -- Up-to-date: /home/leomorningrain/code/sdk_mark2_mcnm_ws/install/articubot_one/share/articubot_one/launch
[0.362s] -- Up-to-date: /home/leomorningrain/code/sdk_mark2_mcnm_ws/install/articubot_one/share/articubot_one/launch/rsp.launch.py
[0.362s] -- Up-to-date: /home/leomorningrain/code/sdk_mark2_mcnm_ws/install/articubot_one/share/articubot_one/launch/joystick.launch.py
[0.362s] -- Up-to-date: /home/leomorningrain/code/sdk_mark2_mcnm_ws/install/articubot_one/share/articubot_one/launch/launch_sim.launch.py
[0.362s] -- Up-to-date: /home/leomorningrain/code/sdk_mark2_mcnm_ws/install/articubot_one/share/articubot_one/config
[0.362s] -- Up-to-date: /home/leomorningrain/code/sdk_mark2_mcnm_ws/install/articubot_one/share/articubot_one/config/my_controller.yaml
[0.362s] -- Up-to-date: /home/leomorningrain/code/sdk_mark2_mcnm_ws/install/articubot_one/share/articubot_one/config/joystick.yaml
[0.362s] -- Installing: /home/leomorningrain/code/sdk_mark2_mcnm_ws/install/articubot_one/share/articubot_one/description
[0.362s] -- Installing: /home/leomorningrain/code/sdk_mark2_mcnm_ws/install/articubot_one/share/articubot_one/description/ros2_control.xacro
[0.362s] -- Installing: /home/leomorningrain/code/sdk_mark2_mcnm_ws/install/articubot_one/share/articubot_one/description/robot_core.xacro
[0.362s] -- Installing: /home/leomorningrain/code/sdk_mark2_mcnm_ws/install/articubot_one/share/articubot_one/description/model.urdf
[0.362s] -- Installing: /home/leomorningrain/code/sdk_mark2_mcnm_ws/install/articubot_one/share/articubot_one/description/gazebo_control.xacro
[0.363s] -- Installing: /home/leomorningrain/code/sdk_mark2_mcnm_ws/install/articubot_one/share/articubot_one/description/robot.urdf.xacro
[0.363s] -- Up-to-date: /home/leomorningrain/code/sdk_mark2_mcnm_ws/install/articubot_one/share/ament_index/resource_index/package_run_dependencies/articubot_one
[0.363s] -- Up-to-date: /home/leomorningrain/code/sdk_mark2_mcnm_ws/install/articubot_one/share/ament_index/resource_index/parent_prefix_path/articubot_one
[0.363s] -- Up-to-date: /home/leomorningrain/code/sdk_mark2_mcnm_ws/install/articubot_one/share/articubot_one/environment/ament_prefix_path.sh
[0.363s] -- Installing: /home/leomorningrain/code/sdk_mark2_mcnm_ws/install/articubot_one/share/articubot_one/environment/ament_prefix_path.dsv
[0.363s] -- Up-to-date: /home/leomorningrain/code/sdk_mark2_mcnm_ws/install/articubot_one/share/articubot_one/environment/path.sh
[0.363s] -- Installing: /home/leomorningrain/code/sdk_mark2_mcnm_ws/install/articubot_one/share/articubot_one/environment/path.dsv
[0.363s] -- Up-to-date: /home/leomorningrain/code/sdk_mark2_mcnm_ws/install/articubot_one/share/articubot_one/local_setup.bash
[0.363s] -- Up-to-date: /home/leomorningrain/code/sdk_mark2_mcnm_ws/install/articubot_one/share/articubot_one/local_setup.sh
[0.363s] -- Up-to-date: /home/leomorningrain/code/sdk_mark2_mcnm_ws/install/articubot_one/share/articubot_one/local_setup.zsh
[0.363s] -- Installing: /home/leomorningrain/code/sdk_mark2_mcnm_ws/install/articubot_one/share/articubot_one/local_setup.dsv
[0.363s] -- Installing: /home/leomorningrain/code/sdk_mark2_mcnm_ws/install/articubot_one/share/articubot_one/package.dsv
[0.363s] -- Up-to-date: /home/leomorningrain/code/sdk_mark2_mcnm_ws/install/articubot_one/share/ament_index/resource_index/packages/articubot_one
[0.363s] -- Up-to-date: /home/leomorningrain/code/sdk_mark2_mcnm_ws/install/articubot_one/share/articubot_one/cmake/articubot_oneConfig.cmake
[0.363s] -- Up-to-date: /home/leomorningrain/code/sdk_mark2_mcnm_ws/install/articubot_one/share/articubot_one/cmake/articubot_oneConfig-version.cmake
[0.363s] -- Up-to-date: /home/leomorningrain/code/sdk_mark2_mcnm_ws/install/articubot_one/share/articubot_one/package.xml
[0.363s] Invoked command in '/home/leomorningrain/code/sdk_mark2_mcnm_ws/build/articubot_one' returned '0': CMAKE_PREFIX_PATH=${CMAKE_PREFIX_PATH}:/opt/ros/humble /usr/bin/cmake --install /home/leomorningrain/code/sdk_mark2_mcnm_ws/build/articubot_one
