[0.011s] Invoking command in '/home/leomorningrain/code/sdk_mark2_mcnm_ws/build/articubot_one': CMAKE_PREFIX_PATH=${CMAKE_PREFIX_PATH}:/opt/ros/humble /usr/bin/cmake --build /home/leomorningrain/code/sdk_mark2_mcnm_ws/build/articubot_one -- -j32 -l32
[0.030s] Invoked command in '/home/leomorningrain/code/sdk_mark2_mcnm_ws/build/articubot_one' returned '0': CMAKE_PREFIX_PATH=${CMAKE_PREFIX_PATH}:/opt/ros/humble /usr/bin/cmake --build /home/leomorningrain/code/sdk_mark2_mcnm_ws/build/articubot_one -- -j32 -l32
[0.047s] Invoking command in '/home/leomorningrain/code/sdk_mark2_mcnm_ws/build/articubot_one': CMAKE_PREFIX_PATH=${CMAKE_PREFIX_PATH}:/opt/ros/humble /usr/bin/cmake --install /home/leomorningrain/code/sdk_mark2_mcnm_ws/build/articubot_one
[0.051s] -- Install configuration: ""
[0.051s] -- Up-to-date: /home/leomorningrain/code/sdk_mark2_mcnm_ws/install/articubot_one/share/articubot_one/launch
[0.051s] -- Up-to-date: /home/leomorningrain/code/sdk_mark2_mcnm_ws/install/articubot_one/share/articubot_one/launch/rsp.launch.py
[0.051s] -- Up-to-date: /home/leomorningrain/code/sdk_mark2_mcnm_ws/install/articubot_one/share/articubot_one/launch/joystick.launch.py
[0.051s] -- Up-to-date: /home/leomorningrain/code/sdk_mark2_mcnm_ws/install/articubot_one/share/articubot_one/launch/launch_sim.launch.py
[0.051s] -- Up-to-date: /home/leomorningrain/code/sdk_mark2_mcnm_ws/install/articubot_one/share/articubot_one/config
[0.051s] -- Up-to-date: /home/leomorningrain/code/sdk_mark2_mcnm_ws/install/articubot_one/share/articubot_one/config/my_controller.yaml
[0.051s] -- Up-to-date: /home/leomorningrain/code/sdk_mark2_mcnm_ws/install/articubot_one/share/articubot_one/config/joystick.yaml
[0.051s] -- Up-to-date: /home/leomorningrain/code/sdk_mark2_mcnm_ws/install/articubot_one/share/articubot_one/description
[0.052s] -- Up-to-date: /home/leomorningrain/code/sdk_mark2_mcnm_ws/install/articubot_one/share/articubot_one/description/ros2_control.xacro
[0.052s] -- Up-to-date: /home/leomorningrain/code/sdk_mark2_mcnm_ws/install/articubot_one/share/articubot_one/description/robot_core.xacro
[0.052s] -- Up-to-date: /home/leomorningrain/code/sdk_mark2_mcnm_ws/install/articubot_one/share/articubot_one/description/model.urdf
[0.052s] -- Up-to-date: /home/leomorningrain/code/sdk_mark2_mcnm_ws/install/articubot_one/share/articubot_one/description/gazebo_control.xacro
[0.052s] -- Up-to-date: /home/leomorningrain/code/sdk_mark2_mcnm_ws/install/articubot_one/share/articubot_one/description/robot.urdf.xacro
[0.053s] -- Up-to-date: /home/leomorningrain/code/sdk_mark2_mcnm_ws/install/articubot_one/share/ament_index/resource_index/package_run_dependencies/articubot_one
[0.053s] -- Up-to-date: /home/leomorningrain/code/sdk_mark2_mcnm_ws/install/articubot_one/share/ament_index/resource_index/parent_prefix_path/articubot_one
[0.053s] -- Up-to-date: /home/leomorningrain/code/sdk_mark2_mcnm_ws/install/articubot_one/share/articubot_one/environment/ament_prefix_path.sh
[0.053s] -- Up-to-date: /home/leomorningrain/code/sdk_mark2_mcnm_ws/install/articubot_one/share/articubot_one/environment/ament_prefix_path.dsv
[0.053s] -- Up-to-date: /home/leomorningrain/code/sdk_mark2_mcnm_ws/install/articubot_one/share/articubot_one/environment/path.sh
[0.053s] -- Up-to-date: /home/leomorningrain/code/sdk_mark2_mcnm_ws/install/articubot_one/share/articubot_one/environment/path.dsv
[0.053s] -- Up-to-date: /home/leomorningrain/code/sdk_mark2_mcnm_ws/install/articubot_one/share/articubot_one/local_setup.bash
[0.054s] -- Up-to-date: /home/leomorningrain/code/sdk_mark2_mcnm_ws/install/articubot_one/share/articubot_one/local_setup.sh
[0.054s] -- Up-to-date: /home/leomorningrain/code/sdk_mark2_mcnm_ws/install/articubot_one/share/articubot_one/local_setup.zsh
[0.054s] -- Up-to-date: /home/leomorningrain/code/sdk_mark2_mcnm_ws/install/articubot_one/share/articubot_one/local_setup.dsv
[0.054s] -- Up-to-date: /home/leomorningrain/code/sdk_mark2_mcnm_ws/install/articubot_one/share/articubot_one/package.dsv
[0.054s] -- Up-to-date: /home/leomorningrain/code/sdk_mark2_mcnm_ws/install/articubot_one/share/ament_index/resource_index/packages/articubot_one
[0.055s] -- Up-to-date: /home/leomorningrain/code/sdk_mark2_mcnm_ws/install/articubot_one/share/articubot_one/cmake/articubot_oneConfig.cmake
[0.055s] -- Up-to-date: /home/leomorningrain/code/sdk_mark2_mcnm_ws/install/articubot_one/share/articubot_one/cmake/articubot_oneConfig-version.cmake
[0.055s] -- Up-to-date: /home/leomorningrain/code/sdk_mark2_mcnm_ws/install/articubot_one/share/articubot_one/package.xml
[0.055s] Invoked command in '/home/leomorningrain/code/sdk_mark2_mcnm_ws/build/articubot_one' returned '0': CMAKE_PREFIX_PATH=${CMAKE_PREFIX_PATH}:/opt/ros/humble /usr/bin/cmake --install /home/leomorningrain/code/sdk_mark2_mcnm_ws/build/articubot_one
