[0.351s] Invoking command in '/home/leomorningrain/code/sdk_mark2_mcnm_ws/src/serial_motor_demo/serial_motor_demo': CMAKE_PREFIX_PATH=/home/leomorningrain/code/sdk_mark2_mcnm_ws/install/serial_motor_demo_msgs:/home/leomorningrain/code/sdk_mark2_mcnm_ws/install/xpkg_vehicle:/home/leomorningrain/code/sdk_mark2_mcnm_ws/install/xpkg_urdf_mark2_mcnm:/home/leomorningrain/code/sdk_mark2_mcnm_ws/install/xpkg_comm:/home/leomorningrain/code/sdk_mark2_mcnm_ws/install/xpkg_msgs:/home/leomorningrain/code/sdk_mark2_mcnm_ws/install/xpkg_demo:/home/leomorningrain/code/sdk_mark2_mcnm_ws/install/teleop_twist_joy:/home/leomorningrain/code/sdk_mark2_mcnm_ws/install/articubot_one LD_LIBRARY_PATH=/home/leomorningrain/code/sdk_mark2_mcnm_ws/install/serial_motor_demo_msgs/lib:/home/leomorningrain/code/sdk_mark2_mcnm_ws/install/xpkg_msgs/lib:/home/leomorningrain/code/sdk_mark2_mcnm_ws/install/teleop_twist_joy/lib:/usr/lib/x86_64-linux-gnu/gazebo-11/plugins:/opt/ros/humble/opt/rviz_ogre_vendor/lib:/opt/ros/humble/lib/x86_64-linux-gnu:/opt/ros/humble/lib:/usr/local/lib PYTHONPATH=/home/leomorningrain/code/sdk_mark2_mcnm_ws/build/serial_motor_demo/prefix_override:/home/leomorningrain/code/sdk_mark2_mcnm_ws/install/serial_motor_demo/lib/python3.10/site-packages:${PYTHONPATH} /usr/bin/python3 -W ignore:setup.py install is deprecated setup.py egg_info --egg-base ../../../build/serial_motor_demo build --build-base /home/leomorningrain/code/sdk_mark2_mcnm_ws/build/serial_motor_demo/build install --record /home/leomorningrain/code/sdk_mark2_mcnm_ws/build/serial_motor_demo/install.log --install-scripts $base/lib/serial_motor_demo --single-version-externally-managed install_data
[0.471s] /usr/lib/python3/dist-packages/setuptools/dist.py:723: UserWarning: Usage of dash-separated 'script-dir' will not be supported in future versions. Please use the underscore name 'script_dir' instead
[0.471s]   warnings.warn(
[0.475s] running egg_info
[0.476s] writing ../../../build/serial_motor_demo/serial_motor_demo.egg-info/PKG-INFO
[0.476s] writing dependency_links to ../../../build/serial_motor_demo/serial_motor_demo.egg-info/dependency_links.txt
[0.476s] writing entry points to ../../../build/serial_motor_demo/serial_motor_demo.egg-info/entry_points.txt
[0.476s] writing requirements to ../../../build/serial_motor_demo/serial_motor_demo.egg-info/requires.txt
[0.476s] writing top-level names to ../../../build/serial_motor_demo/serial_motor_demo.egg-info/top_level.txt
[0.477s] reading manifest file '../../../build/serial_motor_demo/serial_motor_demo.egg-info/SOURCES.txt'
[0.478s] writing manifest file '../../../build/serial_motor_demo/serial_motor_demo.egg-info/SOURCES.txt'
[0.478s] running build
[0.478s] running build_py
[0.478s] running install
[0.478s] running install_lib
[0.479s] running install_data
[0.479s] running install_egg_info
[0.480s] removing '/home/leomorningrain/code/sdk_mark2_mcnm_ws/install/serial_motor_demo/lib/python3.10/site-packages/serial_motor_demo-0.0.0-py3.10.egg-info' (and everything under it)
[0.480s] Copying ../../../build/serial_motor_demo/serial_motor_demo.egg-info to /home/leomorningrain/code/sdk_mark2_mcnm_ws/install/serial_motor_demo/lib/python3.10/site-packages/serial_motor_demo-0.0.0-py3.10.egg-info
[0.480s] running install_scripts
[0.493s] Installing driver script to /home/leomorningrain/code/sdk_mark2_mcnm_ws/install/serial_motor_demo/lib/serial_motor_demo
[0.493s] Installing gui script to /home/leomorningrain/code/sdk_mark2_mcnm_ws/install/serial_motor_demo/lib/serial_motor_demo
[0.493s] writing list of installed files to '/home/leomorningrain/code/sdk_mark2_mcnm_ws/build/serial_motor_demo/install.log'
[0.506s] Invoked command in '/home/leomorningrain/code/sdk_mark2_mcnm_ws/src/serial_motor_demo/serial_motor_demo' returned '0': CMAKE_PREFIX_PATH=/home/leomorningrain/code/sdk_mark2_mcnm_ws/install/serial_motor_demo_msgs:/home/leomorningrain/code/sdk_mark2_mcnm_ws/install/xpkg_vehicle:/home/leomorningrain/code/sdk_mark2_mcnm_ws/install/xpkg_urdf_mark2_mcnm:/home/leomorningrain/code/sdk_mark2_mcnm_ws/install/xpkg_comm:/home/leomorningrain/code/sdk_mark2_mcnm_ws/install/xpkg_msgs:/home/leomorningrain/code/sdk_mark2_mcnm_ws/install/xpkg_demo:/home/leomorningrain/code/sdk_mark2_mcnm_ws/install/teleop_twist_joy:/home/leomorningrain/code/sdk_mark2_mcnm_ws/install/articubot_one LD_LIBRARY_PATH=/home/leomorningrain/code/sdk_mark2_mcnm_ws/install/serial_motor_demo_msgs/lib:/home/leomorningrain/code/sdk_mark2_mcnm_ws/install/xpkg_msgs/lib:/home/leomorningrain/code/sdk_mark2_mcnm_ws/install/teleop_twist_joy/lib:/usr/lib/x86_64-linux-gnu/gazebo-11/plugins:/opt/ros/humble/opt/rviz_ogre_vendor/lib:/opt/ros/humble/lib/x86_64-linux-gnu:/opt/ros/humble/lib:/usr/local/lib PYTHONPATH=/home/leomorningrain/code/sdk_mark2_mcnm_ws/build/serial_motor_demo/prefix_override:/home/leomorningrain/code/sdk_mark2_mcnm_ws/install/serial_motor_demo/lib/python3.10/site-packages:${PYTHONPATH} /usr/bin/python3 -W ignore:setup.py install is deprecated setup.py egg_info --egg-base ../../../build/serial_motor_demo build --build-base /home/leomorningrain/code/sdk_mark2_mcnm_ws/build/serial_motor_demo/build install --record /home/leomorningrain/code/sdk_mark2_mcnm_ws/build/serial_motor_demo/install.log --install-scripts $base/lib/serial_motor_demo --single-version-externally-managed install_data
