[0.010s] Invoking command in '/home/leomorningrain/code/sdk_mark2_mcnm_ws/build/serial_motor_demo_msgs': CMAKE_PREFIX_PATH=/opt/ros/humble /usr/bin/cmake --build /home/leomorningrain/code/sdk_mark2_mcnm_ws/build/serial_motor_demo_msgs -- -j32 -l32
[0.042s] [  2%] Built target serial_motor_demo_msgs__cpp
[0.043s] [ 12%] Built target serial_motor_demo_msgs__rosidl_generator_c
[0.051s] [ 12%] Built target ament_cmake_python_copy_serial_motor_demo_msgs
[0.055s] [ 23%] Built target serial_motor_demo_msgs__rosidl_typesupport_c
[0.055s] [ 34%] Built target serial_motor_demo_msgs__rosidl_typesupport_introspection_c
[0.056s] [ 44%] Built target serial_motor_demo_msgs__rosidl_typesupport_cpp
[0.058s] [ 55%] Built target serial_motor_demo_msgs__rosidl_typesupport_fastrtps_cpp
[0.060s] [ 65%] Built target serial_motor_demo_msgs__rosidl_typesupport_fastrtps_c
[0.061s] [ 76%] Built target serial_motor_demo_msgs__rosidl_typesupport_introspection_cpp
[0.076s] [ 76%] Built target serial_motor_demo_msgs
[0.085s] [ 78%] Built target serial_motor_demo_msgs__py
[0.097s] [ 87%] Built target serial_motor_demo_msgs__rosidl_generator_py
[0.109s] [ 95%] Built target serial_motor_demo_msgs__rosidl_typesupport_fastrtps_c__pyext
[0.109s] [ 95%] Built target serial_motor_demo_msgs__rosidl_typesupport_introspection_c__pyext
[0.110s] [100%] Built target serial_motor_demo_msgs__rosidl_typesupport_c__pyext
[0.186s] running egg_info
[0.186s] writing serial_motor_demo_msgs.egg-info/PKG-INFO
[0.186s] writing dependency_links to serial_motor_demo_msgs.egg-info/dependency_links.txt
[0.186s] writing top-level names to serial_motor_demo_msgs.egg-info/top_level.txt
[0.188s] reading manifest file 'serial_motor_demo_msgs.egg-info/SOURCES.txt'
[0.188s] writing manifest file 'serial_motor_demo_msgs.egg-info/SOURCES.txt'
[0.204s] [100%] Built target ament_cmake_python_build_serial_motor_demo_msgs_egg
[0.210s] Invoked command in '/home/leomorningrain/code/sdk_mark2_mcnm_ws/build/serial_motor_demo_msgs' returned '0': CMAKE_PREFIX_PATH=/opt/ros/humble /usr/bin/cmake --build /home/leomorningrain/code/sdk_mark2_mcnm_ws/build/serial_motor_demo_msgs -- -j32 -l32
[0.260s] Invoking command in '/home/leomorningrain/code/sdk_mark2_mcnm_ws/build/serial_motor_demo_msgs': CMAKE_PREFIX_PATH=/opt/ros/humble /usr/bin/cmake --install /home/leomorningrain/code/sdk_mark2_mcnm_ws/build/serial_motor_demo_msgs
[0.265s] -- Install configuration: ""
[0.265s] -- Up-to-date: /home/leomorningrain/code/sdk_mark2_mcnm_ws/install/serial_motor_demo_msgs/share/ament_index/resource_index/rosidl_interfaces/serial_motor_demo_msgs
[0.265s] -- Up-to-date: /home/leomorningrain/code/sdk_mark2_mcnm_ws/install/serial_motor_demo_msgs/include/serial_motor_demo_msgs/serial_motor_demo_msgs
[0.265s] -- Up-to-date: /home/leomorningrain/code/sdk_mark2_mcnm_ws/install/serial_motor_demo_msgs/include/serial_motor_demo_msgs/serial_motor_demo_msgs/msg
[0.265s] -- Up-to-date: /home/leomorningrain/code/sdk_mark2_mcnm_ws/install/serial_motor_demo_msgs/include/serial_motor_demo_msgs/serial_motor_demo_msgs/msg/detail
[0.265s] -- Up-to-date: /home/leomorningrain/code/sdk_mark2_mcnm_ws/install/serial_motor_demo_msgs/include/serial_motor_demo_msgs/serial_motor_demo_msgs/msg/detail/motor_vels__functions.h
[0.265s] -- Up-to-date: /home/leomorningrain/code/sdk_mark2_mcnm_ws/install/serial_motor_demo_msgs/include/serial_motor_demo_msgs/serial_motor_demo_msgs/msg/detail/motor_vels__functions.c
[0.265s] -- Up-to-date: /home/leomorningrain/code/sdk_mark2_mcnm_ws/install/serial_motor_demo_msgs/include/serial_motor_demo_msgs/serial_motor_demo_msgs/msg/detail/encoder_vals__type_support.h
[0.265s] -- Up-to-date: /home/leomorningrain/code/sdk_mark2_mcnm_ws/install/serial_motor_demo_msgs/include/serial_motor_demo_msgs/serial_motor_demo_msgs/msg/detail/motor_vels__type_support.h
[0.265s] -- Up-to-date: /home/leomorningrain/code/sdk_mark2_mcnm_ws/install/serial_motor_demo_msgs/include/serial_motor_demo_msgs/serial_motor_demo_msgs/msg/detail/motor_command__functions.c
[0.265s] -- Up-to-date: /home/leomorningrain/code/sdk_mark2_mcnm_ws/install/serial_motor_demo_msgs/include/serial_motor_demo_msgs/serial_motor_demo_msgs/msg/detail/motor_command__struct.h
[0.265s] -- Up-to-date: /home/leomorningrain/code/sdk_mark2_mcnm_ws/install/serial_motor_demo_msgs/include/serial_motor_demo_msgs/serial_motor_demo_msgs/msg/detail/encoder_vals__functions.h
[0.266s] -- Up-to-date: /home/leomorningrain/code/sdk_mark2_mcnm_ws/install/serial_motor_demo_msgs/include/serial_motor_demo_msgs/serial_motor_demo_msgs/msg/detail/motor_command__type_support.h
[0.266s] -- Up-to-date: /home/leomorningrain/code/sdk_mark2_mcnm_ws/install/serial_motor_demo_msgs/include/serial_motor_demo_msgs/serial_motor_demo_msgs/msg/detail/encoder_vals__struct.h
[0.266s] -- Up-to-date: /home/leomorningrain/code/sdk_mark2_mcnm_ws/install/serial_motor_demo_msgs/include/serial_motor_demo_msgs/serial_motor_demo_msgs/msg/detail/motor_command__functions.h
[0.266s] -- Up-to-date: /home/leomorningrain/code/sdk_mark2_mcnm_ws/install/serial_motor_demo_msgs/include/serial_motor_demo_msgs/serial_motor_demo_msgs/msg/detail/encoder_vals__functions.c
[0.266s] -- Up-to-date: /home/leomorningrain/code/sdk_mark2_mcnm_ws/install/serial_motor_demo_msgs/include/serial_motor_demo_msgs/serial_motor_demo_msgs/msg/detail/motor_vels__struct.h
[0.266s] -- Up-to-date: /home/leomorningrain/code/sdk_mark2_mcnm_ws/install/serial_motor_demo_msgs/include/serial_motor_demo_msgs/serial_motor_demo_msgs/msg/motor_command.h
[0.266s] -- Up-to-date: /home/leomorningrain/code/sdk_mark2_mcnm_ws/install/serial_motor_demo_msgs/include/serial_motor_demo_msgs/serial_motor_demo_msgs/msg/rosidl_generator_c__visibility_control.h
[0.266s] -- Up-to-date: /home/leomorningrain/code/sdk_mark2_mcnm_ws/install/serial_motor_demo_msgs/include/serial_motor_demo_msgs/serial_motor_demo_msgs/msg/encoder_vals.h
[0.266s] -- Up-to-date: /home/leomorningrain/code/sdk_mark2_mcnm_ws/install/serial_motor_demo_msgs/include/serial_motor_demo_msgs/serial_motor_demo_msgs/msg/motor_vels.h
[0.266s] -- Up-to-date: /home/leomorningrain/code/sdk_mark2_mcnm_ws/install/serial_motor_demo_msgs/share/serial_motor_demo_msgs/environment/library_path.sh
[0.266s] -- Up-to-date: /home/leomorningrain/code/sdk_mark2_mcnm_ws/install/serial_motor_demo_msgs/share/serial_motor_demo_msgs/environment/library_path.dsv
[0.266s] -- Up-to-date: /home/leomorningrain/code/sdk_mark2_mcnm_ws/install/serial_motor_demo_msgs/lib/libserial_motor_demo_msgs__rosidl_generator_c.so
[0.266s] -- Up-to-date: /home/leomorningrain/code/sdk_mark2_mcnm_ws/install/serial_motor_demo_msgs/include/serial_motor_demo_msgs/serial_motor_demo_msgs
[0.266s] -- Up-to-date: /home/leomorningrain/code/sdk_mark2_mcnm_ws/install/serial_motor_demo_msgs/include/serial_motor_demo_msgs/serial_motor_demo_msgs/msg
[0.267s] -- Up-to-date: /home/leomorningrain/code/sdk_mark2_mcnm_ws/install/serial_motor_demo_msgs/include/serial_motor_demo_msgs/serial_motor_demo_msgs/msg/rosidl_typesupport_fastrtps_c__visibility_control.h
[0.267s] -- Up-to-date: /home/leomorningrain/code/sdk_mark2_mcnm_ws/install/serial_motor_demo_msgs/include/serial_motor_demo_msgs/serial_motor_demo_msgs/msg/detail
[0.267s] -- Up-to-date: /home/leomorningrain/code/sdk_mark2_mcnm_ws/install/serial_motor_demo_msgs/include/serial_motor_demo_msgs/serial_motor_demo_msgs/msg/detail/encoder_vals__rosidl_typesupport_fastrtps_c.h
[0.267s] -- Up-to-date: /home/leomorningrain/code/sdk_mark2_mcnm_ws/install/serial_motor_demo_msgs/include/serial_motor_demo_msgs/serial_motor_demo_msgs/msg/detail/motor_command__rosidl_typesupport_fastrtps_c.h
[0.267s] -- Up-to-date: /home/leomorningrain/code/sdk_mark2_mcnm_ws/install/serial_motor_demo_msgs/include/serial_motor_demo_msgs/serial_motor_demo_msgs/msg/detail/motor_vels__rosidl_typesupport_fastrtps_c.h
[0.267s] -- Up-to-date: /home/leomorningrain/code/sdk_mark2_mcnm_ws/install/serial_motor_demo_msgs/lib/libserial_motor_demo_msgs__rosidl_typesupport_fastrtps_c.so
[0.267s] -- Up-to-date: /home/leomorningrain/code/sdk_mark2_mcnm_ws/install/serial_motor_demo_msgs/include/serial_motor_demo_msgs/serial_motor_demo_msgs
[0.267s] -- Up-to-date: /home/leomorningrain/code/sdk_mark2_mcnm_ws/install/serial_motor_demo_msgs/include/serial_motor_demo_msgs/serial_motor_demo_msgs/msg
[0.267s] -- Up-to-date: /home/leomorningrain/code/sdk_mark2_mcnm_ws/install/serial_motor_demo_msgs/include/serial_motor_demo_msgs/serial_motor_demo_msgs/msg/rosidl_typesupport_introspection_c__visibility_control.h
[0.267s] -- Up-to-date: /home/leomorningrain/code/sdk_mark2_mcnm_ws/install/serial_motor_demo_msgs/include/serial_motor_demo_msgs/serial_motor_demo_msgs/msg/detail
[0.267s] -- Up-to-date: /home/leomorningrain/code/sdk_mark2_mcnm_ws/install/serial_motor_demo_msgs/include/serial_motor_demo_msgs/serial_motor_demo_msgs/msg/detail/encoder_vals__type_support.c
[0.267s] -- Up-to-date: /home/leomorningrain/code/sdk_mark2_mcnm_ws/install/serial_motor_demo_msgs/include/serial_motor_demo_msgs/serial_motor_demo_msgs/msg/detail/motor_command__type_support.c
[0.267s] -- Up-to-date: /home/leomorningrain/code/sdk_mark2_mcnm_ws/install/serial_motor_demo_msgs/include/serial_motor_demo_msgs/serial_motor_demo_msgs/msg/detail/motor_command__rosidl_typesupport_introspection_c.h
[0.267s] -- Up-to-date: /home/leomorningrain/code/sdk_mark2_mcnm_ws/install/serial_motor_demo_msgs/include/serial_motor_demo_msgs/serial_motor_demo_msgs/msg/detail/motor_vels__rosidl_typesupport_introspection_c.h
[0.267s] -- Up-to-date: /home/leomorningrain/code/sdk_mark2_mcnm_ws/install/serial_motor_demo_msgs/include/serial_motor_demo_msgs/serial_motor_demo_msgs/msg/detail/motor_vels__type_support.c
[0.267s] -- Up-to-date: /home/leomorningrain/code/sdk_mark2_mcnm_ws/install/serial_motor_demo_msgs/include/serial_motor_demo_msgs/serial_motor_demo_msgs/msg/detail/encoder_vals__rosidl_typesupport_introspection_c.h
[0.267s] -- Up-to-date: /home/leomorningrain/code/sdk_mark2_mcnm_ws/install/serial_motor_demo_msgs/lib/libserial_motor_demo_msgs__rosidl_typesupport_introspection_c.so
[0.267s] -- Up-to-date: /home/leomorningrain/code/sdk_mark2_mcnm_ws/install/serial_motor_demo_msgs/lib/libserial_motor_demo_msgs__rosidl_typesupport_c.so
[0.267s] -- Up-to-date: /home/leomorningrain/code/sdk_mark2_mcnm_ws/install/serial_motor_demo_msgs/include/serial_motor_demo_msgs/serial_motor_demo_msgs
[0.267s] -- Up-to-date: /home/leomorningrain/code/sdk_mark2_mcnm_ws/install/serial_motor_demo_msgs/include/serial_motor_demo_msgs/serial_motor_demo_msgs/msg
[0.267s] -- Up-to-date: /home/leomorningrain/code/sdk_mark2_mcnm_ws/install/serial_motor_demo_msgs/include/serial_motor_demo_msgs/serial_motor_demo_msgs/msg/motor_vels.hpp
[0.267s] -- Up-to-date: /home/leomorningrain/code/sdk_mark2_mcnm_ws/install/serial_motor_demo_msgs/include/serial_motor_demo_msgs/serial_motor_demo_msgs/msg/detail
[0.268s] -- Up-to-date: /home/leomorningrain/code/sdk_mark2_mcnm_ws/install/serial_motor_demo_msgs/include/serial_motor_demo_msgs/serial_motor_demo_msgs/msg/detail/motor_command__struct.hpp
[0.268s] -- Up-to-date: /home/leomorningrain/code/sdk_mark2_mcnm_ws/install/serial_motor_demo_msgs/include/serial_motor_demo_msgs/serial_motor_demo_msgs/msg/detail/encoder_vals__builder.hpp
[0.268s] -- Up-to-date: /home/leomorningrain/code/sdk_mark2_mcnm_ws/install/serial_motor_demo_msgs/include/serial_motor_demo_msgs/serial_motor_demo_msgs/msg/detail/encoder_vals__struct.hpp
[0.268s] -- Up-to-date: /home/leomorningrain/code/sdk_mark2_mcnm_ws/install/serial_motor_demo_msgs/include/serial_motor_demo_msgs/serial_motor_demo_msgs/msg/detail/motor_command__traits.hpp
[0.268s] -- Up-to-date: /home/leomorningrain/code/sdk_mark2_mcnm_ws/install/serial_motor_demo_msgs/include/serial_motor_demo_msgs/serial_motor_demo_msgs/msg/detail/encoder_vals__traits.hpp
[0.268s] -- Up-to-date: /home/leomorningrain/code/sdk_mark2_mcnm_ws/install/serial_motor_demo_msgs/include/serial_motor_demo_msgs/serial_motor_demo_msgs/msg/detail/motor_vels__builder.hpp
[0.268s] -- Up-to-date: /home/leomorningrain/code/sdk_mark2_mcnm_ws/install/serial_motor_demo_msgs/include/serial_motor_demo_msgs/serial_motor_demo_msgs/msg/detail/motor_command__builder.hpp
[0.268s] -- Up-to-date: /home/leomorningrain/code/sdk_mark2_mcnm_ws/install/serial_motor_demo_msgs/include/serial_motor_demo_msgs/serial_motor_demo_msgs/msg/detail/motor_vels__struct.hpp
[0.268s] -- Up-to-date: /home/leomorningrain/code/sdk_mark2_mcnm_ws/install/serial_motor_demo_msgs/include/serial_motor_demo_msgs/serial_motor_demo_msgs/msg/detail/motor_vels__traits.hpp
[0.268s] -- Up-to-date: /home/leomorningrain/code/sdk_mark2_mcnm_ws/install/serial_motor_demo_msgs/include/serial_motor_demo_msgs/serial_motor_demo_msgs/msg/encoder_vals.hpp
[0.268s] -- Up-to-date: /home/leomorningrain/code/sdk_mark2_mcnm_ws/install/serial_motor_demo_msgs/include/serial_motor_demo_msgs/serial_motor_demo_msgs/msg/motor_command.hpp
[0.268s] -- Up-to-date: /home/leomorningrain/code/sdk_mark2_mcnm_ws/install/serial_motor_demo_msgs/include/serial_motor_demo_msgs/serial_motor_demo_msgs
[0.268s] -- Up-to-date: /home/leomorningrain/code/sdk_mark2_mcnm_ws/install/serial_motor_demo_msgs/include/serial_motor_demo_msgs/serial_motor_demo_msgs/msg
[0.268s] -- Up-to-date: /home/leomorningrain/code/sdk_mark2_mcnm_ws/install/serial_motor_demo_msgs/include/serial_motor_demo_msgs/serial_motor_demo_msgs/msg/detail
[0.269s] -- Up-to-date: /home/leomorningrain/code/sdk_mark2_mcnm_ws/install/serial_motor_demo_msgs/include/serial_motor_demo_msgs/serial_motor_demo_msgs/msg/detail/motor_vels__rosidl_typesupport_fastrtps_cpp.hpp
[0.269s] -- Up-to-date: /home/leomorningrain/code/sdk_mark2_mcnm_ws/install/serial_motor_demo_msgs/include/serial_motor_demo_msgs/serial_motor_demo_msgs/msg/detail/encoder_vals__rosidl_typesupport_fastrtps_cpp.hpp
[0.269s] -- Up-to-date: /home/leomorningrain/code/sdk_mark2_mcnm_ws/install/serial_motor_demo_msgs/include/serial_motor_demo_msgs/serial_motor_demo_msgs/msg/detail/dds_fastrtps
[0.269s] -- Up-to-date: /home/leomorningrain/code/sdk_mark2_mcnm_ws/install/serial_motor_demo_msgs/include/serial_motor_demo_msgs/serial_motor_demo_msgs/msg/detail/motor_command__rosidl_typesupport_fastrtps_cpp.hpp
[0.270s] -- Up-to-date: /home/leomorningrain/code/sdk_mark2_mcnm_ws/install/serial_motor_demo_msgs/include/serial_motor_demo_msgs/serial_motor_demo_msgs/msg/rosidl_typesupport_fastrtps_cpp__visibility_control.h
[0.270s] -- Up-to-date: /home/leomorningrain/code/sdk_mark2_mcnm_ws/install/serial_motor_demo_msgs/lib/libserial_motor_demo_msgs__rosidl_typesupport_fastrtps_cpp.so
[0.270s] -- Up-to-date: /home/leomorningrain/code/sdk_mark2_mcnm_ws/install/serial_motor_demo_msgs/include/serial_motor_demo_msgs/serial_motor_demo_msgs
[0.270s] -- Up-to-date: /home/leomorningrain/code/sdk_mark2_mcnm_ws/install/serial_motor_demo_msgs/include/serial_motor_demo_msgs/serial_motor_demo_msgs/msg
[0.270s] -- Up-to-date: /home/leomorningrain/code/sdk_mark2_mcnm_ws/install/serial_motor_demo_msgs/include/serial_motor_demo_msgs/serial_motor_demo_msgs/msg/detail
[0.270s] -- Up-to-date: /home/leomorningrain/code/sdk_mark2_mcnm_ws/install/serial_motor_demo_msgs/include/serial_motor_demo_msgs/serial_motor_demo_msgs/msg/detail/encoder_vals__rosidl_typesupport_introspection_cpp.hpp
[0.270s] -- Up-to-date: /home/leomorningrain/code/sdk_mark2_mcnm_ws/install/serial_motor_demo_msgs/include/serial_motor_demo_msgs/serial_motor_demo_msgs/msg/detail/motor_vels__rosidl_typesupport_introspection_cpp.hpp
[0.270s] -- Up-to-date: /home/leomorningrain/code/sdk_mark2_mcnm_ws/install/serial_motor_demo_msgs/include/serial_motor_demo_msgs/serial_motor_demo_msgs/msg/detail/motor_command__rosidl_typesupport_introspection_cpp.hpp
[0.270s] -- Up-to-date: /home/leomorningrain/code/sdk_mark2_mcnm_ws/install/serial_motor_demo_msgs/include/serial_motor_demo_msgs/serial_motor_demo_msgs/msg/detail/motor_command__type_support.cpp
[0.270s] -- Up-to-date: /home/leomorningrain/code/sdk_mark2_mcnm_ws/install/serial_motor_demo_msgs/include/serial_motor_demo_msgs/serial_motor_demo_msgs/msg/detail/encoder_vals__type_support.cpp
[0.270s] -- Up-to-date: /home/leomorningrain/code/sdk_mark2_mcnm_ws/install/serial_motor_demo_msgs/include/serial_motor_demo_msgs/serial_motor_demo_msgs/msg/detail/motor_vels__type_support.cpp
[0.270s] -- Up-to-date: /home/leomorningrain/code/sdk_mark2_mcnm_ws/install/serial_motor_demo_msgs/lib/libserial_motor_demo_msgs__rosidl_typesupport_introspection_cpp.so
[0.270s] -- Up-to-date: /home/leomorningrain/code/sdk_mark2_mcnm_ws/install/serial_motor_demo_msgs/lib/libserial_motor_demo_msgs__rosidl_typesupport_cpp.so
[0.270s] -- Up-to-date: /home/leomorningrain/code/sdk_mark2_mcnm_ws/install/serial_motor_demo_msgs/share/serial_motor_demo_msgs/environment/pythonpath.sh
[0.270s] -- Up-to-date: /home/leomorningrain/code/sdk_mark2_mcnm_ws/install/serial_motor_demo_msgs/share/serial_motor_demo_msgs/environment/pythonpath.dsv
[0.270s] -- Up-to-date: /home/leomorningrain/code/sdk_mark2_mcnm_ws/install/serial_motor_demo_msgs/local/lib/python3.10/dist-packages/serial_motor_demo_msgs-0.0.0-py3.10.egg-info
[0.270s] -- Installing: /home/leomorningrain/code/sdk_mark2_mcnm_ws/install/serial_motor_demo_msgs/local/lib/python3.10/dist-packages/serial_motor_demo_msgs-0.0.0-py3.10.egg-info/top_level.txt
[0.270s] -- Installing: /home/leomorningrain/code/sdk_mark2_mcnm_ws/install/serial_motor_demo_msgs/local/lib/python3.10/dist-packages/serial_motor_demo_msgs-0.0.0-py3.10.egg-info/PKG-INFO
[0.270s] -- Installing: /home/leomorningrain/code/sdk_mark2_mcnm_ws/install/serial_motor_demo_msgs/local/lib/python3.10/dist-packages/serial_motor_demo_msgs-0.0.0-py3.10.egg-info/SOURCES.txt
[0.270s] -- Installing: /home/leomorningrain/code/sdk_mark2_mcnm_ws/install/serial_motor_demo_msgs/local/lib/python3.10/dist-packages/serial_motor_demo_msgs-0.0.0-py3.10.egg-info/dependency_links.txt
[0.270s] -- Up-to-date: /home/leomorningrain/code/sdk_mark2_mcnm_ws/install/serial_motor_demo_msgs/local/lib/python3.10/dist-packages/serial_motor_demo_msgs
[0.270s] -- Up-to-date: /home/leomorningrain/code/sdk_mark2_mcnm_ws/install/serial_motor_demo_msgs/local/lib/python3.10/dist-packages/serial_motor_demo_msgs/serial_motor_demo_msgs_s__rosidl_typesupport_introspection_c.cpython-310-x86_64-linux-gnu.so
[0.270s] -- Up-to-date: /home/leomorningrain/code/sdk_mark2_mcnm_ws/install/serial_motor_demo_msgs/local/lib/python3.10/dist-packages/serial_motor_demo_msgs/_serial_motor_demo_msgs_s.ep.rosidl_typesupport_c.c
[0.270s] -- Up-to-date: /home/leomorningrain/code/sdk_mark2_mcnm_ws/install/serial_motor_demo_msgs/local/lib/python3.10/dist-packages/serial_motor_demo_msgs/_serial_motor_demo_msgs_s.ep.rosidl_typesupport_introspection_c.c
[0.271s] -- Up-to-date: /home/leomorningrain/code/sdk_mark2_mcnm_ws/install/serial_motor_demo_msgs/local/lib/python3.10/dist-packages/serial_motor_demo_msgs/msg
[0.271s] -- Up-to-date: /home/leomorningrain/code/sdk_mark2_mcnm_ws/install/serial_motor_demo_msgs/local/lib/python3.10/dist-packages/serial_motor_demo_msgs/msg/_encoder_vals.py
[0.271s] -- Up-to-date: /home/leomorningrain/code/sdk_mark2_mcnm_ws/install/serial_motor_demo_msgs/local/lib/python3.10/dist-packages/serial_motor_demo_msgs/msg/_encoder_vals_s.c
[0.271s] -- Up-to-date: /home/leomorningrain/code/sdk_mark2_mcnm_ws/install/serial_motor_demo_msgs/local/lib/python3.10/dist-packages/serial_motor_demo_msgs/msg/_motor_command.py
[0.271s] -- Up-to-date: /home/leomorningrain/code/sdk_mark2_mcnm_ws/install/serial_motor_demo_msgs/local/lib/python3.10/dist-packages/serial_motor_demo_msgs/msg/_motor_vels.py
[0.271s] -- Up-to-date: /home/leomorningrain/code/sdk_mark2_mcnm_ws/install/serial_motor_demo_msgs/local/lib/python3.10/dist-packages/serial_motor_demo_msgs/msg/_motor_vels_s.c
[0.271s] -- Up-to-date: /home/leomorningrain/code/sdk_mark2_mcnm_ws/install/serial_motor_demo_msgs/local/lib/python3.10/dist-packages/serial_motor_demo_msgs/msg/__init__.py
[0.271s] -- Up-to-date: /home/leomorningrain/code/sdk_mark2_mcnm_ws/install/serial_motor_demo_msgs/local/lib/python3.10/dist-packages/serial_motor_demo_msgs/msg/_motor_command_s.c
[0.271s] -- Up-to-date: /home/leomorningrain/code/sdk_mark2_mcnm_ws/install/serial_motor_demo_msgs/local/lib/python3.10/dist-packages/serial_motor_demo_msgs/_serial_motor_demo_msgs_s.ep.rosidl_typesupport_fastrtps_c.c
[0.271s] -- Up-to-date: /home/leomorningrain/code/sdk_mark2_mcnm_ws/install/serial_motor_demo_msgs/local/lib/python3.10/dist-packages/serial_motor_demo_msgs/serial_motor_demo_msgs_s__rosidl_typesupport_c.cpython-310-x86_64-linux-gnu.so
[0.271s] -- Up-to-date: /home/leomorningrain/code/sdk_mark2_mcnm_ws/install/serial_motor_demo_msgs/local/lib/python3.10/dist-packages/serial_motor_demo_msgs/__init__.py
[0.271s] -- Up-to-date: /home/leomorningrain/code/sdk_mark2_mcnm_ws/install/serial_motor_demo_msgs/local/lib/python3.10/dist-packages/serial_motor_demo_msgs/serial_motor_demo_msgs_s__rosidl_typesupport_fastrtps_c.cpython-310-x86_64-linux-gnu.so
[0.271s] -- Up-to-date: /home/leomorningrain/code/sdk_mark2_mcnm_ws/install/serial_motor_demo_msgs/local/lib/python3.10/dist-packages/serial_motor_demo_msgs/libserial_motor_demo_msgs__rosidl_generator_py.so
[0.285s] Listing '/home/leomorningrain/code/sdk_mark2_mcnm_ws/install/serial_motor_demo_msgs/local/lib/python3.10/dist-packages/serial_motor_demo_msgs'...
[0.285s] Listing '/home/leomorningrain/code/sdk_mark2_mcnm_ws/install/serial_motor_demo_msgs/local/lib/python3.10/dist-packages/serial_motor_demo_msgs/msg'...
[0.288s] -- Up-to-date: /home/leomorningrain/code/sdk_mark2_mcnm_ws/install/serial_motor_demo_msgs/local/lib/python3.10/dist-packages/serial_motor_demo_msgs/serial_motor_demo_msgs_s__rosidl_typesupport_fastrtps_c.cpython-310-x86_64-linux-gnu.so
[0.288s] -- Up-to-date: /home/leomorningrain/code/sdk_mark2_mcnm_ws/install/serial_motor_demo_msgs/local/lib/python3.10/dist-packages/serial_motor_demo_msgs/serial_motor_demo_msgs_s__rosidl_typesupport_introspection_c.cpython-310-x86_64-linux-gnu.so
[0.288s] -- Up-to-date: /home/leomorningrain/code/sdk_mark2_mcnm_ws/install/serial_motor_demo_msgs/local/lib/python3.10/dist-packages/serial_motor_demo_msgs/serial_motor_demo_msgs_s__rosidl_typesupport_c.cpython-310-x86_64-linux-gnu.so
[0.288s] -- Up-to-date: /home/leomorningrain/code/sdk_mark2_mcnm_ws/install/serial_motor_demo_msgs/lib/libserial_motor_demo_msgs__rosidl_generator_py.so
[0.288s] -- Up-to-date: /home/leomorningrain/code/sdk_mark2_mcnm_ws/install/serial_motor_demo_msgs/share/serial_motor_demo_msgs/msg/MotorCommand.idl
[0.288s] -- Up-to-date: /home/leomorningrain/code/sdk_mark2_mcnm_ws/install/serial_motor_demo_msgs/share/serial_motor_demo_msgs/msg/MotorVels.idl
[0.288s] -- Up-to-date: /home/leomorningrain/code/sdk_mark2_mcnm_ws/install/serial_motor_demo_msgs/share/serial_motor_demo_msgs/msg/EncoderVals.idl
[0.288s] -- Up-to-date: /home/leomorningrain/code/sdk_mark2_mcnm_ws/install/serial_motor_demo_msgs/share/serial_motor_demo_msgs/msg/MotorCommand.msg
[0.288s] -- Up-to-date: /home/leomorningrain/code/sdk_mark2_mcnm_ws/install/serial_motor_demo_msgs/share/serial_motor_demo_msgs/msg/MotorVels.msg
[0.288s] -- Up-to-date: /home/leomorningrain/code/sdk_mark2_mcnm_ws/install/serial_motor_demo_msgs/share/serial_motor_demo_msgs/msg/EncoderVals.msg
[0.288s] -- Up-to-date: /home/leomorningrain/code/sdk_mark2_mcnm_ws/install/serial_motor_demo_msgs/share/ament_index/resource_index/package_run_dependencies/serial_motor_demo_msgs
[0.288s] -- Up-to-date: /home/leomorningrain/code/sdk_mark2_mcnm_ws/install/serial_motor_demo_msgs/share/ament_index/resource_index/parent_prefix_path/serial_motor_demo_msgs
[0.288s] -- Up-to-date: /home/leomorningrain/code/sdk_mark2_mcnm_ws/install/serial_motor_demo_msgs/share/serial_motor_demo_msgs/environment/ament_prefix_path.sh
[0.288s] -- Up-to-date: /home/leomorningrain/code/sdk_mark2_mcnm_ws/install/serial_motor_demo_msgs/share/serial_motor_demo_msgs/environment/ament_prefix_path.dsv
[0.288s] -- Up-to-date: /home/leomorningrain/code/sdk_mark2_mcnm_ws/install/serial_motor_demo_msgs/share/serial_motor_demo_msgs/environment/path.sh
[0.289s] -- Up-to-date: /home/leomorningrain/code/sdk_mark2_mcnm_ws/install/serial_motor_demo_msgs/share/serial_motor_demo_msgs/environment/path.dsv
[0.289s] -- Up-to-date: /home/leomorningrain/code/sdk_mark2_mcnm_ws/install/serial_motor_demo_msgs/share/serial_motor_demo_msgs/local_setup.bash
[0.289s] -- Up-to-date: /home/leomorningrain/code/sdk_mark2_mcnm_ws/install/serial_motor_demo_msgs/share/serial_motor_demo_msgs/local_setup.sh
[0.289s] -- Up-to-date: /home/leomorningrain/code/sdk_mark2_mcnm_ws/install/serial_motor_demo_msgs/share/serial_motor_demo_msgs/local_setup.zsh
[0.289s] -- Up-to-date: /home/leomorningrain/code/sdk_mark2_mcnm_ws/install/serial_motor_demo_msgs/share/serial_motor_demo_msgs/local_setup.dsv
[0.289s] -- Installing: /home/leomorningrain/code/sdk_mark2_mcnm_ws/install/serial_motor_demo_msgs/share/serial_motor_demo_msgs/package.dsv
[0.289s] -- Up-to-date: /home/leomorningrain/code/sdk_mark2_mcnm_ws/install/serial_motor_demo_msgs/share/ament_index/resource_index/packages/serial_motor_demo_msgs
[0.289s] -- Up-to-date: /home/leomorningrain/code/sdk_mark2_mcnm_ws/install/serial_motor_demo_msgs/share/serial_motor_demo_msgs/cmake/export_serial_motor_demo_msgs__rosidl_generator_cExport.cmake
[0.290s] -- Up-to-date: /home/leomorningrain/code/sdk_mark2_mcnm_ws/install/serial_motor_demo_msgs/share/serial_motor_demo_msgs/cmake/export_serial_motor_demo_msgs__rosidl_generator_cExport-noconfig.cmake
[0.290s] -- Up-to-date: /home/leomorningrain/code/sdk_mark2_mcnm_ws/install/serial_motor_demo_msgs/share/serial_motor_demo_msgs/cmake/export_serial_motor_demo_msgs__rosidl_typesupport_fastrtps_cExport.cmake
[0.290s] -- Up-to-date: /home/leomorningrain/code/sdk_mark2_mcnm_ws/install/serial_motor_demo_msgs/share/serial_motor_demo_msgs/cmake/export_serial_motor_demo_msgs__rosidl_typesupport_fastrtps_cExport-noconfig.cmake
[0.290s] -- Up-to-date: /home/leomorningrain/code/sdk_mark2_mcnm_ws/install/serial_motor_demo_msgs/share/serial_motor_demo_msgs/cmake/serial_motor_demo_msgs__rosidl_typesupport_introspection_cExport.cmake
[0.290s] -- Up-to-date: /home/leomorningrain/code/sdk_mark2_mcnm_ws/install/serial_motor_demo_msgs/share/serial_motor_demo_msgs/cmake/serial_motor_demo_msgs__rosidl_typesupport_introspection_cExport-noconfig.cmake
[0.290s] -- Up-to-date: /home/leomorningrain/code/sdk_mark2_mcnm_ws/install/serial_motor_demo_msgs/share/serial_motor_demo_msgs/cmake/serial_motor_demo_msgs__rosidl_typesupport_cExport.cmake
[0.290s] -- Up-to-date: /home/leomorningrain/code/sdk_mark2_mcnm_ws/install/serial_motor_demo_msgs/share/serial_motor_demo_msgs/cmake/serial_motor_demo_msgs__rosidl_typesupport_cExport-noconfig.cmake
[0.290s] -- Up-to-date: /home/leomorningrain/code/sdk_mark2_mcnm_ws/install/serial_motor_demo_msgs/share/serial_motor_demo_msgs/cmake/export_serial_motor_demo_msgs__rosidl_generator_cppExport.cmake
[0.290s] -- Up-to-date: /home/leomorningrain/code/sdk_mark2_mcnm_ws/install/serial_motor_demo_msgs/share/serial_motor_demo_msgs/cmake/export_serial_motor_demo_msgs__rosidl_typesupport_fastrtps_cppExport.cmake
[0.290s] -- Up-to-date: /home/leomorningrain/code/sdk_mark2_mcnm_ws/install/serial_motor_demo_msgs/share/serial_motor_demo_msgs/cmake/export_serial_motor_demo_msgs__rosidl_typesupport_fastrtps_cppExport-noconfig.cmake
[0.290s] -- Up-to-date: /home/leomorningrain/code/sdk_mark2_mcnm_ws/install/serial_motor_demo_msgs/share/serial_motor_demo_msgs/cmake/serial_motor_demo_msgs__rosidl_typesupport_introspection_cppExport.cmake
[0.291s] -- Up-to-date: /home/leomorningrain/code/sdk_mark2_mcnm_ws/install/serial_motor_demo_msgs/share/serial_motor_demo_msgs/cmake/serial_motor_demo_msgs__rosidl_typesupport_introspection_cppExport-noconfig.cmake
[0.291s] -- Up-to-date: /home/leomorningrain/code/sdk_mark2_mcnm_ws/install/serial_motor_demo_msgs/share/serial_motor_demo_msgs/cmake/serial_motor_demo_msgs__rosidl_typesupport_cppExport.cmake
[0.291s] -- Up-to-date: /home/leomorningrain/code/sdk_mark2_mcnm_ws/install/serial_motor_demo_msgs/share/serial_motor_demo_msgs/cmake/serial_motor_demo_msgs__rosidl_typesupport_cppExport-noconfig.cmake
[0.291s] -- Up-to-date: /home/leomorningrain/code/sdk_mark2_mcnm_ws/install/serial_motor_demo_msgs/share/serial_motor_demo_msgs/cmake/export_serial_motor_demo_msgs__rosidl_generator_pyExport.cmake
[0.291s] -- Up-to-date: /home/leomorningrain/code/sdk_mark2_mcnm_ws/install/serial_motor_demo_msgs/share/serial_motor_demo_msgs/cmake/export_serial_motor_demo_msgs__rosidl_generator_pyExport-noconfig.cmake
[0.291s] -- Up-to-date: /home/leomorningrain/code/sdk_mark2_mcnm_ws/install/serial_motor_demo_msgs/share/serial_motor_demo_msgs/cmake/rosidl_cmake-extras.cmake
[0.291s] -- Up-to-date: /home/leomorningrain/code/sdk_mark2_mcnm_ws/install/serial_motor_demo_msgs/share/serial_motor_demo_msgs/cmake/ament_cmake_export_include_directories-extras.cmake
[0.291s] -- Up-to-date: /home/leomorningrain/code/sdk_mark2_mcnm_ws/install/serial_motor_demo_msgs/share/serial_motor_demo_msgs/cmake/ament_cmake_export_libraries-extras.cmake
[0.292s] -- Up-to-date: /home/leomorningrain/code/sdk_mark2_mcnm_ws/install/serial_motor_demo_msgs/share/serial_motor_demo_msgs/cmake/ament_cmake_export_targets-extras.cmake
[0.292s] -- Up-to-date: /home/leomorningrain/code/sdk_mark2_mcnm_ws/install/serial_motor_demo_msgs/share/serial_motor_demo_msgs/cmake/rosidl_cmake_export_typesupport_targets-extras.cmake
[0.292s] -- Up-to-date: /home/leomorningrain/code/sdk_mark2_mcnm_ws/install/serial_motor_demo_msgs/share/serial_motor_demo_msgs/cmake/ament_cmake_export_dependencies-extras.cmake
[0.292s] -- Up-to-date: /home/leomorningrain/code/sdk_mark2_mcnm_ws/install/serial_motor_demo_msgs/share/serial_motor_demo_msgs/cmake/rosidl_cmake_export_typesupport_libraries-extras.cmake
[0.292s] -- Up-to-date: /home/leomorningrain/code/sdk_mark2_mcnm_ws/install/serial_motor_demo_msgs/share/serial_motor_demo_msgs/cmake/serial_motor_demo_msgsConfig.cmake
[0.292s] -- Up-to-date: /home/leomorningrain/code/sdk_mark2_mcnm_ws/install/serial_motor_demo_msgs/share/serial_motor_demo_msgs/cmake/serial_motor_demo_msgsConfig-version.cmake
[0.292s] -- Up-to-date: /home/leomorningrain/code/sdk_mark2_mcnm_ws/install/serial_motor_demo_msgs/share/serial_motor_demo_msgs/package.xml
[0.293s] Invoked command in '/home/leomorningrain/code/sdk_mark2_mcnm_ws/build/serial_motor_demo_msgs' returned '0': CMAKE_PREFIX_PATH=/opt/ros/humble /usr/bin/cmake --install /home/leomorningrain/code/sdk_mark2_mcnm_ws/build/serial_motor_demo_msgs
