[0.054s] DEBUG:colcon:Command line arguments: ['/usr/bin/colcon', 'build']
[0.054s] DEBUG:colcon:Parsed command line arguments: Namespace(log_base=None, log_level=None, verb_name='build', build_base='build', install_base='install', merge_install=False, symlink_install=False, test_result_base=None, continue_on_error=False, executor='parallel', parallel_workers=32, event_handlers=None, ignore_user_meta=False, metas=['./colcon.meta'], base_paths=['.'], packages_ignore=None, packages_ignore_regex=None, paths=None, packages_up_to=None, packages_up_to_regex=None, packages_above=None, packages_above_and_dependencies=None, packages_above_depth=None, packages_select_by_dep=None, packages_skip_by_dep=None, packages_skip_up_to=None, packages_select_build_failed=False, packages_skip_build_finished=False, packages_select_test_failures=False, packages_skip_test_passed=False, packages_select=None, packages_skip=None, packages_select_regex=None, packages_skip_regex=None, packages_start=None, packages_end=None, allow_overriding=[], cmake_args=None, cmake_target=None, cmake_target_skip_unavailable=False, cmake_clean_cache=False, cmake_clean_first=False, cmake_force_configure=False, ament_cmake_args=None, catkin_cmake_args=None, catkin_skip_building_tests=False, verb_parser=<colcon_defaults.argument_parser.defaults.DefaultArgumentsDecorator object at 0x77d677d34a60>, verb_extension=<colcon_core.verb.build.BuildVerb object at 0x77d677d34040>, main=<bound method BuildVerb.main of <colcon_core.verb.build.BuildVerb object at 0x77d677d34040>>)
[0.124s] Level 1:colcon.colcon_core.package_discovery:discover_packages(colcon_meta) check parameters
[0.124s] Level 1:colcon.colcon_core.package_discovery:discover_packages(recursive) check parameters
[0.124s] Level 1:colcon.colcon_core.package_discovery:discover_packages(ignore) check parameters
[0.124s] Level 1:colcon.colcon_core.package_discovery:discover_packages(path) check parameters
[0.124s] Level 1:colcon.colcon_core.package_discovery:discover_packages(colcon_meta) discover
[0.124s] Level 1:colcon.colcon_core.package_discovery:discover_packages(recursive) discover
[0.124s] INFO:colcon.colcon_core.package_discovery:Crawling recursively for packages in '/home/leomorningrain/code/sdk_mark2_mcnm_ws'
[0.125s] Level 1:colcon.colcon_core.package_identification:_identify(.) by extensions ['ignore', 'ignore_ament_install']
[0.125s] Level 1:colcon.colcon_core.package_identification:_identify(.) by extension 'ignore'
[0.125s] Level 1:colcon.colcon_core.package_identification:_identify(.) by extension 'ignore_ament_install'
[0.125s] Level 1:colcon.colcon_core.package_identification:_identify(.) by extensions ['colcon_pkg']
[0.125s] Level 1:colcon.colcon_core.package_identification:_identify(.) by extension 'colcon_pkg'
[0.125s] Level 1:colcon.colcon_core.package_identification:_identify(.) by extensions ['colcon_meta']
[0.125s] Level 1:colcon.colcon_core.package_identification:_identify(.) by extension 'colcon_meta'
[0.125s] Level 1:colcon.colcon_core.package_identification:_identify(.) by extensions ['ros']
[0.125s] Level 1:colcon.colcon_core.package_identification:_identify(.) by extension 'ros'
[0.130s] Level 1:colcon.colcon_core.package_identification:_identify(.) by extensions ['cmake', 'python']
[0.131s] Level 1:colcon.colcon_core.package_identification:_identify(.) by extension 'cmake'
[0.131s] Level 1:colcon.colcon_core.package_identification:_identify(.) by extension 'python'
[0.131s] Level 1:colcon.colcon_core.package_identification:_identify(.) by extensions ['python_setup_py']
[0.131s] Level 1:colcon.colcon_core.package_identification:_identify(.) by extension 'python_setup_py'
[0.131s] Level 1:colcon.colcon_core.package_identification:_identify(build) by extensions ['ignore', 'ignore_ament_install']
[0.131s] Level 1:colcon.colcon_core.package_identification:_identify(build) by extension 'ignore'
[0.131s] Level 1:colcon.colcon_core.package_identification:_identify(build) ignored
[0.131s] Level 1:colcon.colcon_core.package_identification:_identify(install) by extensions ['ignore', 'ignore_ament_install']
[0.131s] Level 1:colcon.colcon_core.package_identification:_identify(install) by extension 'ignore'
[0.131s] Level 1:colcon.colcon_core.package_identification:_identify(install) ignored
[0.131s] Level 1:colcon.colcon_core.package_identification:_identify(log) by extensions ['ignore', 'ignore_ament_install']
[0.131s] Level 1:colcon.colcon_core.package_identification:_identify(log) by extension 'ignore'
[0.131s] Level 1:colcon.colcon_core.package_identification:_identify(log) ignored
[0.131s] Level 1:colcon.colcon_core.package_identification:_identify(src) by extensions ['ignore', 'ignore_ament_install']
[0.131s] Level 1:colcon.colcon_core.package_identification:_identify(src) by extension 'ignore'
[0.131s] Level 1:colcon.colcon_core.package_identification:_identify(src) by extension 'ignore_ament_install'
[0.131s] Level 1:colcon.colcon_core.package_identification:_identify(src) by extensions ['colcon_pkg']
[0.131s] Level 1:colcon.colcon_core.package_identification:_identify(src) by extension 'colcon_pkg'
[0.131s] Level 1:colcon.colcon_core.package_identification:_identify(src) by extensions ['colcon_meta']
[0.131s] Level 1:colcon.colcon_core.package_identification:_identify(src) by extension 'colcon_meta'
[0.131s] Level 1:colcon.colcon_core.package_identification:_identify(src) by extensions ['ros']
[0.131s] Level 1:colcon.colcon_core.package_identification:_identify(src) by extension 'ros'
[0.131s] Level 1:colcon.colcon_core.package_identification:_identify(src) by extensions ['cmake', 'python']
[0.131s] Level 1:colcon.colcon_core.package_identification:_identify(src) by extension 'cmake'
[0.131s] Level 1:colcon.colcon_core.package_identification:_identify(src) by extension 'python'
[0.132s] Level 1:colcon.colcon_core.package_identification:_identify(src) by extensions ['python_setup_py']
[0.132s] Level 1:colcon.colcon_core.package_identification:_identify(src) by extension 'python_setup_py'
[0.132s] Level 1:colcon.colcon_core.package_identification:_identify(src/articubot_one) by extensions ['ignore', 'ignore_ament_install']
[0.132s] Level 1:colcon.colcon_core.package_identification:_identify(src/articubot_one) by extension 'ignore'
[0.132s] Level 1:colcon.colcon_core.package_identification:_identify(src/articubot_one) by extension 'ignore_ament_install'
[0.132s] Level 1:colcon.colcon_core.package_identification:_identify(src/articubot_one) by extensions ['colcon_pkg']
[0.132s] Level 1:colcon.colcon_core.package_identification:_identify(src/articubot_one) by extension 'colcon_pkg'
[0.132s] Level 1:colcon.colcon_core.package_identification:_identify(src/articubot_one) by extensions ['colcon_meta']
[0.132s] Level 1:colcon.colcon_core.package_identification:_identify(src/articubot_one) by extension 'colcon_meta'
[0.132s] Level 1:colcon.colcon_core.package_identification:_identify(src/articubot_one) by extensions ['ros']
[0.132s] Level 1:colcon.colcon_core.package_identification:_identify(src/articubot_one) by extension 'ros'
[0.133s] DEBUG:colcon.colcon_core.package_identification:Package 'src/articubot_one' with type 'ros.ament_cmake' and name 'articubot_one'
[0.133s] Level 1:colcon.colcon_core.package_identification:_identify(src/base) by extensions ['ignore', 'ignore_ament_install']
[0.133s] Level 1:colcon.colcon_core.package_identification:_identify(src/base) by extension 'ignore'
[0.133s] Level 1:colcon.colcon_core.package_identification:_identify(src/base) by extension 'ignore_ament_install'
[0.133s] Level 1:colcon.colcon_core.package_identification:_identify(src/base) by extensions ['colcon_pkg']
[0.133s] Level 1:colcon.colcon_core.package_identification:_identify(src/base) by extension 'colcon_pkg'
[0.133s] Level 1:colcon.colcon_core.package_identification:_identify(src/base) by extensions ['colcon_meta']
[0.133s] Level 1:colcon.colcon_core.package_identification:_identify(src/base) by extension 'colcon_meta'
[0.133s] Level 1:colcon.colcon_core.package_identification:_identify(src/base) by extensions ['ros']
[0.133s] Level 1:colcon.colcon_core.package_identification:_identify(src/base) by extension 'ros'
[0.133s] Level 1:colcon.colcon_core.package_identification:_identify(src/base) by extensions ['cmake', 'python']
[0.133s] Level 1:colcon.colcon_core.package_identification:_identify(src/base) by extension 'cmake'
[0.133s] Level 1:colcon.colcon_core.package_identification:_identify(src/base) by extension 'python'
[0.133s] Level 1:colcon.colcon_core.package_identification:_identify(src/base) by extensions ['python_setup_py']
[0.133s] Level 1:colcon.colcon_core.package_identification:_identify(src/base) by extension 'python_setup_py'
[0.133s] Level 1:colcon.colcon_core.package_identification:_identify(src/base/xpkg_comm) by extensions ['ignore', 'ignore_ament_install']
[0.133s] Level 1:colcon.colcon_core.package_identification:_identify(src/base/xpkg_comm) by extension 'ignore'
[0.133s] Level 1:colcon.colcon_core.package_identification:_identify(src/base/xpkg_comm) by extension 'ignore_ament_install'
[0.133s] Level 1:colcon.colcon_core.package_identification:_identify(src/base/xpkg_comm) by extensions ['colcon_pkg']
[0.133s] Level 1:colcon.colcon_core.package_identification:_identify(src/base/xpkg_comm) by extension 'colcon_pkg'
[0.133s] Level 1:colcon.colcon_core.package_identification:_identify(src/base/xpkg_comm) by extensions ['colcon_meta']
[0.133s] Level 1:colcon.colcon_core.package_identification:_identify(src/base/xpkg_comm) by extension 'colcon_meta'
[0.134s] Level 1:colcon.colcon_core.package_identification:_identify(src/base/xpkg_comm) by extensions ['ros']
[0.134s] Level 1:colcon.colcon_core.package_identification:_identify(src/base/xpkg_comm) by extension 'ros'
[0.137s] DEBUG:colcon.colcon_core.package_identification:Package 'src/base/xpkg_comm' with type 'ros.ament_cmake' and name 'xpkg_comm'
[0.137s] Level 1:colcon.colcon_core.package_identification:_identify(src/base/xpkg_msgs) by extensions ['ignore', 'ignore_ament_install']
[0.137s] Level 1:colcon.colcon_core.package_identification:_identify(src/base/xpkg_msgs) by extension 'ignore'
[0.137s] Level 1:colcon.colcon_core.package_identification:_identify(src/base/xpkg_msgs) by extension 'ignore_ament_install'
[0.137s] Level 1:colcon.colcon_core.package_identification:_identify(src/base/xpkg_msgs) by extensions ['colcon_pkg']
[0.138s] Level 1:colcon.colcon_core.package_identification:_identify(src/base/xpkg_msgs) by extension 'colcon_pkg'
[0.138s] Level 1:colcon.colcon_core.package_identification:_identify(src/base/xpkg_msgs) by extensions ['colcon_meta']
[0.138s] Level 1:colcon.colcon_core.package_identification:_identify(src/base/xpkg_msgs) by extension 'colcon_meta'
[0.138s] Level 1:colcon.colcon_core.package_identification:_identify(src/base/xpkg_msgs) by extensions ['ros']
[0.138s] Level 1:colcon.colcon_core.package_identification:_identify(src/base/xpkg_msgs) by extension 'ros'
[0.145s] DEBUG:colcon.colcon_core.package_identification:Package 'src/base/xpkg_msgs' with type 'ros.ament_cmake' and name 'xpkg_msgs'
[0.145s] Level 1:colcon.colcon_core.package_identification:_identify(src/demo) by extensions ['ignore', 'ignore_ament_install']
[0.145s] Level 1:colcon.colcon_core.package_identification:_identify(src/demo) by extension 'ignore'
[0.145s] Level 1:colcon.colcon_core.package_identification:_identify(src/demo) by extension 'ignore_ament_install'
[0.145s] Level 1:colcon.colcon_core.package_identification:_identify(src/demo) by extensions ['colcon_pkg']
[0.145s] Level 1:colcon.colcon_core.package_identification:_identify(src/demo) by extension 'colcon_pkg'
[0.145s] Level 1:colcon.colcon_core.package_identification:_identify(src/demo) by extensions ['colcon_meta']
[0.145s] Level 1:colcon.colcon_core.package_identification:_identify(src/demo) by extension 'colcon_meta'
[0.145s] Level 1:colcon.colcon_core.package_identification:_identify(src/demo) by extensions ['ros']
[0.145s] Level 1:colcon.colcon_core.package_identification:_identify(src/demo) by extension 'ros'
[0.145s] Level 1:colcon.colcon_core.package_identification:_identify(src/demo) by extensions ['cmake', 'python']
[0.145s] Level 1:colcon.colcon_core.package_identification:_identify(src/demo) by extension 'cmake'
[0.145s] Level 1:colcon.colcon_core.package_identification:_identify(src/demo) by extension 'python'
[0.145s] Level 1:colcon.colcon_core.package_identification:_identify(src/demo) by extensions ['python_setup_py']
[0.145s] Level 1:colcon.colcon_core.package_identification:_identify(src/demo) by extension 'python_setup_py'
[0.145s] Level 1:colcon.colcon_core.package_identification:_identify(src/demo/demo_general_chassis) by extensions ['ignore', 'ignore_ament_install']
[0.146s] Level 1:colcon.colcon_core.package_identification:_identify(src/demo/demo_general_chassis) by extension 'ignore'
[0.146s] Level 1:colcon.colcon_core.package_identification:_identify(src/demo/demo_general_chassis) by extension 'ignore_ament_install'
[0.146s] Level 1:colcon.colcon_core.package_identification:_identify(src/demo/demo_general_chassis) by extensions ['colcon_pkg']
[0.146s] Level 1:colcon.colcon_core.package_identification:_identify(src/demo/demo_general_chassis) by extension 'colcon_pkg'
[0.146s] Level 1:colcon.colcon_core.package_identification:_identify(src/demo/demo_general_chassis) by extensions ['colcon_meta']
[0.146s] Level 1:colcon.colcon_core.package_identification:_identify(src/demo/demo_general_chassis) by extension 'colcon_meta'
[0.146s] Level 1:colcon.colcon_core.package_identification:_identify(src/demo/demo_general_chassis) by extensions ['ros']
[0.146s] Level 1:colcon.colcon_core.package_identification:_identify(src/demo/demo_general_chassis) by extension 'ros'
[0.147s] DEBUG:colcon.colcon_core.package_identification:Package 'src/demo/demo_general_chassis' with type 'ros.ament_cmake' and name 'xpkg_demo'
[0.147s] Level 1:colcon.colcon_core.package_identification:_identify(src/drivers) by extensions ['ignore', 'ignore_ament_install']
[0.147s] Level 1:colcon.colcon_core.package_identification:_identify(src/drivers) by extension 'ignore'
[0.147s] Level 1:colcon.colcon_core.package_identification:_identify(src/drivers) by extension 'ignore_ament_install'
[0.147s] Level 1:colcon.colcon_core.package_identification:_identify(src/drivers) by extensions ['colcon_pkg']
[0.147s] Level 1:colcon.colcon_core.package_identification:_identify(src/drivers) by extension 'colcon_pkg'
[0.147s] Level 1:colcon.colcon_core.package_identification:_identify(src/drivers) by extensions ['colcon_meta']
[0.147s] Level 1:colcon.colcon_core.package_identification:_identify(src/drivers) by extension 'colcon_meta'
[0.147s] Level 1:colcon.colcon_core.package_identification:_identify(src/drivers) by extensions ['ros']
[0.147s] Level 1:colcon.colcon_core.package_identification:_identify(src/drivers) by extension 'ros'
[0.147s] Level 1:colcon.colcon_core.package_identification:_identify(src/drivers) by extensions ['cmake', 'python']
[0.147s] Level 1:colcon.colcon_core.package_identification:_identify(src/drivers) by extension 'cmake'
[0.147s] Level 1:colcon.colcon_core.package_identification:_identify(src/drivers) by extension 'python'
[0.147s] Level 1:colcon.colcon_core.package_identification:_identify(src/drivers) by extensions ['python_setup_py']
[0.147s] Level 1:colcon.colcon_core.package_identification:_identify(src/drivers) by extension 'python_setup_py'
[0.148s] Level 1:colcon.colcon_core.package_identification:_identify(src/drivers/xpkg_vehicle) by extensions ['ignore', 'ignore_ament_install']
[0.148s] Level 1:colcon.colcon_core.package_identification:_identify(src/drivers/xpkg_vehicle) by extension 'ignore'
[0.148s] Level 1:colcon.colcon_core.package_identification:_identify(src/drivers/xpkg_vehicle) by extension 'ignore_ament_install'
[0.148s] Level 1:colcon.colcon_core.package_identification:_identify(src/drivers/xpkg_vehicle) by extensions ['colcon_pkg']
[0.148s] Level 1:colcon.colcon_core.package_identification:_identify(src/drivers/xpkg_vehicle) by extension 'colcon_pkg'
[0.148s] Level 1:colcon.colcon_core.package_identification:_identify(src/drivers/xpkg_vehicle) by extensions ['colcon_meta']
[0.148s] Level 1:colcon.colcon_core.package_identification:_identify(src/drivers/xpkg_vehicle) by extension 'colcon_meta'
[0.148s] Level 1:colcon.colcon_core.package_identification:_identify(src/drivers/xpkg_vehicle) by extensions ['ros']
[0.148s] Level 1:colcon.colcon_core.package_identification:_identify(src/drivers/xpkg_vehicle) by extension 'ros'
[0.153s] DEBUG:colcon.colcon_core.package_identification:Package 'src/drivers/xpkg_vehicle' with type 'ros.ament_cmake' and name 'xpkg_vehicle'
[0.153s] Level 1:colcon.colcon_core.package_identification:_identify(src/urdf) by extensions ['ignore', 'ignore_ament_install']
[0.153s] Level 1:colcon.colcon_core.package_identification:_identify(src/urdf) by extension 'ignore'
[0.153s] Level 1:colcon.colcon_core.package_identification:_identify(src/urdf) by extension 'ignore_ament_install'
[0.153s] Level 1:colcon.colcon_core.package_identification:_identify(src/urdf) by extensions ['colcon_pkg']
[0.153s] Level 1:colcon.colcon_core.package_identification:_identify(src/urdf) by extension 'colcon_pkg'
[0.153s] Level 1:colcon.colcon_core.package_identification:_identify(src/urdf) by extensions ['colcon_meta']
[0.153s] Level 1:colcon.colcon_core.package_identification:_identify(src/urdf) by extension 'colcon_meta'
[0.153s] Level 1:colcon.colcon_core.package_identification:_identify(src/urdf) by extensions ['ros']
[0.153s] Level 1:colcon.colcon_core.package_identification:_identify(src/urdf) by extension 'ros'
[0.153s] Level 1:colcon.colcon_core.package_identification:_identify(src/urdf) by extensions ['cmake', 'python']
[0.153s] Level 1:colcon.colcon_core.package_identification:_identify(src/urdf) by extension 'cmake'
[0.153s] Level 1:colcon.colcon_core.package_identification:_identify(src/urdf) by extension 'python'
[0.153s] Level 1:colcon.colcon_core.package_identification:_identify(src/urdf) by extensions ['python_setup_py']
[0.153s] Level 1:colcon.colcon_core.package_identification:_identify(src/urdf) by extension 'python_setup_py'
[0.153s] Level 1:colcon.colcon_core.package_identification:_identify(src/urdf/xpkg_urdf_mark2_mcnm) by extensions ['ignore', 'ignore_ament_install']
[0.153s] Level 1:colcon.colcon_core.package_identification:_identify(src/urdf/xpkg_urdf_mark2_mcnm) by extension 'ignore'
[0.153s] Level 1:colcon.colcon_core.package_identification:_identify(src/urdf/xpkg_urdf_mark2_mcnm) by extension 'ignore_ament_install'
[0.153s] Level 1:colcon.colcon_core.package_identification:_identify(src/urdf/xpkg_urdf_mark2_mcnm) by extensions ['colcon_pkg']
[0.153s] Level 1:colcon.colcon_core.package_identification:_identify(src/urdf/xpkg_urdf_mark2_mcnm) by extension 'colcon_pkg'
[0.153s] Level 1:colcon.colcon_core.package_identification:_identify(src/urdf/xpkg_urdf_mark2_mcnm) by extensions ['colcon_meta']
[0.153s] Level 1:colcon.colcon_core.package_identification:_identify(src/urdf/xpkg_urdf_mark2_mcnm) by extension 'colcon_meta'
[0.153s] Level 1:colcon.colcon_core.package_identification:_identify(src/urdf/xpkg_urdf_mark2_mcnm) by extensions ['ros']
[0.153s] Level 1:colcon.colcon_core.package_identification:_identify(src/urdf/xpkg_urdf_mark2_mcnm) by extension 'ros'
[0.156s] DEBUG:colcon.colcon_core.package_identification:Package 'src/urdf/xpkg_urdf_mark2_mcnm' with type 'ros.ament_cmake' and name 'xpkg_urdf_mark2_mcnm'
[0.156s] Level 1:colcon.colcon_core.package_discovery:discover_packages(recursive) using defaults
[0.156s] Level 1:colcon.colcon_core.package_discovery:discover_packages(ignore) discover
[0.156s] Level 1:colcon.colcon_core.package_discovery:discover_packages(ignore) using defaults
[0.156s] Level 1:colcon.colcon_core.package_discovery:discover_packages(path) discover
[0.156s] Level 1:colcon.colcon_core.package_discovery:discover_packages(path) using defaults
[0.174s] Level 1:colcon.colcon_core.package_discovery:discover_packages(prefix_path) check parameters
[0.174s] Level 1:colcon.colcon_core.package_discovery:discover_packages(prefix_path) discover
[0.175s] DEBUG:colcon.colcon_installed_package_information.package_discovery:Found 341 installed packages in /opt/ros/humble
[0.176s] Level 1:colcon.colcon_core.package_discovery:discover_packages(prefix_path) using defaults
[0.194s] Level 5:colcon.colcon_core.verb:set package 'articubot_one' build argument 'cmake_args' from command line to 'None'
[0.194s] Level 5:colcon.colcon_core.verb:set package 'articubot_one' build argument 'cmake_target' from command line to 'None'
[0.195s] Level 5:colcon.colcon_core.verb:set package 'articubot_one' build argument 'cmake_target_skip_unavailable' from command line to 'False'
[0.195s] Level 5:colcon.colcon_core.verb:set package 'articubot_one' build argument 'cmake_clean_cache' from command line to 'False'
[0.195s] Level 5:colcon.colcon_core.verb:set package 'articubot_one' build argument 'cmake_clean_first' from command line to 'False'
[0.195s] Level 5:colcon.colcon_core.verb:set package 'articubot_one' build argument 'cmake_force_configure' from command line to 'False'
[0.195s] Level 5:colcon.colcon_core.verb:set package 'articubot_one' build argument 'ament_cmake_args' from command line to 'None'
[0.195s] Level 5:colcon.colcon_core.verb:set package 'articubot_one' build argument 'catkin_cmake_args' from command line to 'None'
[0.195s] Level 5:colcon.colcon_core.verb:set package 'articubot_one' build argument 'catkin_skip_building_tests' from command line to 'False'
[0.195s] DEBUG:colcon.colcon_core.verb:Building package 'articubot_one' with the following arguments: {'ament_cmake_args': None, 'build_base': '/home/leomorningrain/code/sdk_mark2_mcnm_ws/build/articubot_one', 'catkin_cmake_args': None, 'catkin_skip_building_tests': False, 'cmake_args': None, 'cmake_clean_cache': False, 'cmake_clean_first': False, 'cmake_force_configure': False, 'cmake_target': None, 'cmake_target_skip_unavailable': False, 'install_base': '/home/leomorningrain/code/sdk_mark2_mcnm_ws/install/articubot_one', 'merge_install': False, 'path': '/home/leomorningrain/code/sdk_mark2_mcnm_ws/src/articubot_one', 'symlink_install': False, 'test_result_base': None}
[0.195s] Level 5:colcon.colcon_core.verb:set package 'xpkg_demo' build argument 'cmake_args' from command line to 'None'
[0.195s] Level 5:colcon.colcon_core.verb:set package 'xpkg_demo' build argument 'cmake_target' from command line to 'None'
[0.195s] Level 5:colcon.colcon_core.verb:set package 'xpkg_demo' build argument 'cmake_target_skip_unavailable' from command line to 'False'
[0.195s] Level 5:colcon.colcon_core.verb:set package 'xpkg_demo' build argument 'cmake_clean_cache' from command line to 'False'
[0.195s] Level 5:colcon.colcon_core.verb:set package 'xpkg_demo' build argument 'cmake_clean_first' from command line to 'False'
[0.195s] Level 5:colcon.colcon_core.verb:set package 'xpkg_demo' build argument 'cmake_force_configure' from command line to 'False'
[0.195s] Level 5:colcon.colcon_core.verb:set package 'xpkg_demo' build argument 'ament_cmake_args' from command line to 'None'
[0.195s] Level 5:colcon.colcon_core.verb:set package 'xpkg_demo' build argument 'catkin_cmake_args' from command line to 'None'
[0.195s] Level 5:colcon.colcon_core.verb:set package 'xpkg_demo' build argument 'catkin_skip_building_tests' from command line to 'False'
[0.195s] DEBUG:colcon.colcon_core.verb:Building package 'xpkg_demo' with the following arguments: {'ament_cmake_args': None, 'build_base': '/home/leomorningrain/code/sdk_mark2_mcnm_ws/build/xpkg_demo', 'catkin_cmake_args': None, 'catkin_skip_building_tests': False, 'cmake_args': None, 'cmake_clean_cache': False, 'cmake_clean_first': False, 'cmake_force_configure': False, 'cmake_target': None, 'cmake_target_skip_unavailable': False, 'install_base': '/home/leomorningrain/code/sdk_mark2_mcnm_ws/install/xpkg_demo', 'merge_install': False, 'path': '/home/leomorningrain/code/sdk_mark2_mcnm_ws/src/demo/demo_general_chassis', 'symlink_install': False, 'test_result_base': None}
[0.195s] Level 5:colcon.colcon_core.verb:set package 'xpkg_msgs' build argument 'cmake_args' from command line to 'None'
[0.195s] Level 5:colcon.colcon_core.verb:set package 'xpkg_msgs' build argument 'cmake_target' from command line to 'None'
[0.195s] Level 5:colcon.colcon_core.verb:set package 'xpkg_msgs' build argument 'cmake_target_skip_unavailable' from command line to 'False'
[0.195s] Level 5:colcon.colcon_core.verb:set package 'xpkg_msgs' build argument 'cmake_clean_cache' from command line to 'False'
[0.195s] Level 5:colcon.colcon_core.verb:set package 'xpkg_msgs' build argument 'cmake_clean_first' from command line to 'False'
[0.195s] Level 5:colcon.colcon_core.verb:set package 'xpkg_msgs' build argument 'cmake_force_configure' from command line to 'False'
[0.195s] Level 5:colcon.colcon_core.verb:set package 'xpkg_msgs' build argument 'ament_cmake_args' from command line to 'None'
[0.195s] Level 5:colcon.colcon_core.verb:set package 'xpkg_msgs' build argument 'catkin_cmake_args' from command line to 'None'
[0.195s] Level 5:colcon.colcon_core.verb:set package 'xpkg_msgs' build argument 'catkin_skip_building_tests' from command line to 'False'
[0.195s] DEBUG:colcon.colcon_core.verb:Building package 'xpkg_msgs' with the following arguments: {'ament_cmake_args': None, 'build_base': '/home/leomorningrain/code/sdk_mark2_mcnm_ws/build/xpkg_msgs', 'catkin_cmake_args': None, 'catkin_skip_building_tests': False, 'cmake_args': None, 'cmake_clean_cache': False, 'cmake_clean_first': False, 'cmake_force_configure': False, 'cmake_target': None, 'cmake_target_skip_unavailable': False, 'install_base': '/home/leomorningrain/code/sdk_mark2_mcnm_ws/install/xpkg_msgs', 'merge_install': False, 'path': '/home/leomorningrain/code/sdk_mark2_mcnm_ws/src/base/xpkg_msgs', 'symlink_install': False, 'test_result_base': None}
[0.195s] Level 5:colcon.colcon_core.verb:set package 'xpkg_urdf_mark2_mcnm' build argument 'cmake_args' from command line to 'None'
[0.195s] Level 5:colcon.colcon_core.verb:set package 'xpkg_urdf_mark2_mcnm' build argument 'cmake_target' from command line to 'None'
[0.195s] Level 5:colcon.colcon_core.verb:set package 'xpkg_urdf_mark2_mcnm' build argument 'cmake_target_skip_unavailable' from command line to 'False'
[0.195s] Level 5:colcon.colcon_core.verb:set package 'xpkg_urdf_mark2_mcnm' build argument 'cmake_clean_cache' from command line to 'False'
[0.195s] Level 5:colcon.colcon_core.verb:set package 'xpkg_urdf_mark2_mcnm' build argument 'cmake_clean_first' from command line to 'False'
[0.195s] Level 5:colcon.colcon_core.verb:set package 'xpkg_urdf_mark2_mcnm' build argument 'cmake_force_configure' from command line to 'False'
[0.195s] Level 5:colcon.colcon_core.verb:set package 'xpkg_urdf_mark2_mcnm' build argument 'ament_cmake_args' from command line to 'None'
[0.195s] Level 5:colcon.colcon_core.verb:set package 'xpkg_urdf_mark2_mcnm' build argument 'catkin_cmake_args' from command line to 'None'
[0.195s] Level 5:colcon.colcon_core.verb:set package 'xpkg_urdf_mark2_mcnm' build argument 'catkin_skip_building_tests' from command line to 'False'
[0.195s] DEBUG:colcon.colcon_core.verb:Building package 'xpkg_urdf_mark2_mcnm' with the following arguments: {'ament_cmake_args': None, 'build_base': '/home/leomorningrain/code/sdk_mark2_mcnm_ws/build/xpkg_urdf_mark2_mcnm', 'catkin_cmake_args': None, 'catkin_skip_building_tests': False, 'cmake_args': None, 'cmake_clean_cache': False, 'cmake_clean_first': False, 'cmake_force_configure': False, 'cmake_target': None, 'cmake_target_skip_unavailable': False, 'install_base': '/home/leomorningrain/code/sdk_mark2_mcnm_ws/install/xpkg_urdf_mark2_mcnm', 'merge_install': False, 'path': '/home/leomorningrain/code/sdk_mark2_mcnm_ws/src/urdf/xpkg_urdf_mark2_mcnm', 'symlink_install': False, 'test_result_base': None}
[0.196s] Level 5:colcon.colcon_core.verb:set package 'xpkg_comm' build argument 'cmake_args' from command line to 'None'
[0.196s] Level 5:colcon.colcon_core.verb:set package 'xpkg_comm' build argument 'cmake_target' from command line to 'None'
[0.196s] Level 5:colcon.colcon_core.verb:set package 'xpkg_comm' build argument 'cmake_target_skip_unavailable' from command line to 'False'
[0.196s] Level 5:colcon.colcon_core.verb:set package 'xpkg_comm' build argument 'cmake_clean_cache' from command line to 'False'
[0.196s] Level 5:colcon.colcon_core.verb:set package 'xpkg_comm' build argument 'cmake_clean_first' from command line to 'False'
[0.196s] Level 5:colcon.colcon_core.verb:set package 'xpkg_comm' build argument 'cmake_force_configure' from command line to 'False'
[0.196s] Level 5:colcon.colcon_core.verb:set package 'xpkg_comm' build argument 'ament_cmake_args' from command line to 'None'
[0.196s] Level 5:colcon.colcon_core.verb:set package 'xpkg_comm' build argument 'catkin_cmake_args' from command line to 'None'
[0.196s] Level 5:colcon.colcon_core.verb:set package 'xpkg_comm' build argument 'catkin_skip_building_tests' from command line to 'False'
[0.196s] DEBUG:colcon.colcon_core.verb:Building package 'xpkg_comm' with the following arguments: {'ament_cmake_args': None, 'build_base': '/home/leomorningrain/code/sdk_mark2_mcnm_ws/build/xpkg_comm', 'catkin_cmake_args': None, 'catkin_skip_building_tests': False, 'cmake_args': None, 'cmake_clean_cache': False, 'cmake_clean_first': False, 'cmake_force_configure': False, 'cmake_target': None, 'cmake_target_skip_unavailable': False, 'install_base': '/home/leomorningrain/code/sdk_mark2_mcnm_ws/install/xpkg_comm', 'merge_install': False, 'path': '/home/leomorningrain/code/sdk_mark2_mcnm_ws/src/base/xpkg_comm', 'symlink_install': False, 'test_result_base': None}
[0.196s] Level 5:colcon.colcon_core.verb:set package 'xpkg_vehicle' build argument 'cmake_args' from command line to 'None'
[0.196s] Level 5:colcon.colcon_core.verb:set package 'xpkg_vehicle' build argument 'cmake_target' from command line to 'None'
[0.196s] Level 5:colcon.colcon_core.verb:set package 'xpkg_vehicle' build argument 'cmake_target_skip_unavailable' from command line to 'False'
[0.196s] Level 5:colcon.colcon_core.verb:set package 'xpkg_vehicle' build argument 'cmake_clean_cache' from command line to 'False'
[0.196s] Level 5:colcon.colcon_core.verb:set package 'xpkg_vehicle' build argument 'cmake_clean_first' from command line to 'False'
[0.196s] Level 5:colcon.colcon_core.verb:set package 'xpkg_vehicle' build argument 'cmake_force_configure' from command line to 'False'
[0.196s] Level 5:colcon.colcon_core.verb:set package 'xpkg_vehicle' build argument 'ament_cmake_args' from command line to 'None'
[0.196s] Level 5:colcon.colcon_core.verb:set package 'xpkg_vehicle' build argument 'catkin_cmake_args' from command line to 'None'
[0.196s] Level 5:colcon.colcon_core.verb:set package 'xpkg_vehicle' build argument 'catkin_skip_building_tests' from command line to 'False'
[0.196s] DEBUG:colcon.colcon_core.verb:Building package 'xpkg_vehicle' with the following arguments: {'ament_cmake_args': None, 'build_base': '/home/leomorningrain/code/sdk_mark2_mcnm_ws/build/xpkg_vehicle', 'catkin_cmake_args': None, 'catkin_skip_building_tests': False, 'cmake_args': None, 'cmake_clean_cache': False, 'cmake_clean_first': False, 'cmake_force_configure': False, 'cmake_target': None, 'cmake_target_skip_unavailable': False, 'install_base': '/home/leomorningrain/code/sdk_mark2_mcnm_ws/install/xpkg_vehicle', 'merge_install': False, 'path': '/home/leomorningrain/code/sdk_mark2_mcnm_ws/src/drivers/xpkg_vehicle', 'symlink_install': False, 'test_result_base': None}
[0.196s] INFO:colcon.colcon_core.executor:Executing jobs using 'parallel' executor
[0.197s] DEBUG:colcon.colcon_parallel_executor.executor.parallel:run_until_complete
[0.197s] INFO:colcon.colcon_ros.task.ament_cmake.build:Building ROS package in '/home/leomorningrain/code/sdk_mark2_mcnm_ws/src/base/xpkg_msgs' with build type 'ament_cmake'
[0.197s] INFO:colcon.colcon_cmake.task.cmake.build:Building CMake package in '/home/leomorningrain/code/sdk_mark2_mcnm_ws/src/base/xpkg_msgs'
[0.198s] INFO:colcon.colcon_core.plugin_system:Skipping extension 'colcon_core.shell.bat': Not used on non-Windows systems
[0.199s] INFO:colcon.colcon_core.shell:Skip shell extension 'powershell' for command environment: Not usable outside of PowerShell
[0.199s] DEBUG:colcon.colcon_core.shell:Skip shell extension 'dsv' for command environment
[0.200s] INFO:colcon.colcon_ros.task.ament_cmake.build:Building ROS package in '/home/leomorningrain/code/sdk_mark2_mcnm_ws/src/articubot_one' with build type 'ament_cmake'
[0.200s] INFO:colcon.colcon_cmake.task.cmake.build:Building CMake package in '/home/leomorningrain/code/sdk_mark2_mcnm_ws/src/articubot_one'
[0.201s] INFO:colcon.colcon_core.shell:Skip shell extension 'powershell' for command environment: Not usable outside of PowerShell
[0.201s] DEBUG:colcon.colcon_core.shell:Skip shell extension 'dsv' for command environment
[0.202s] INFO:colcon.colcon_ros.task.ament_cmake.build:Building ROS package in '/home/leomorningrain/code/sdk_mark2_mcnm_ws/src/demo/demo_general_chassis' with build type 'ament_cmake'
[0.202s] INFO:colcon.colcon_cmake.task.cmake.build:Building CMake package in '/home/leomorningrain/code/sdk_mark2_mcnm_ws/src/demo/demo_general_chassis'
[0.202s] INFO:colcon.colcon_core.shell:Skip shell extension 'powershell' for command environment: Not usable outside of PowerShell
[0.202s] DEBUG:colcon.colcon_core.shell:Skip shell extension 'dsv' for command environment
[0.204s] INFO:colcon.colcon_ros.task.ament_cmake.build:Building ROS package in '/home/leomorningrain/code/sdk_mark2_mcnm_ws/src/urdf/xpkg_urdf_mark2_mcnm' with build type 'ament_cmake'
[0.204s] INFO:colcon.colcon_cmake.task.cmake.build:Building CMake package in '/home/leomorningrain/code/sdk_mark2_mcnm_ws/src/urdf/xpkg_urdf_mark2_mcnm'
[0.204s] INFO:colcon.colcon_core.shell:Skip shell extension 'powershell' for command environment: Not usable outside of PowerShell
[0.204s] DEBUG:colcon.colcon_core.shell:Skip shell extension 'dsv' for command environment
[0.208s] DEBUG:colcon.colcon_core.event_handler.log_command:Invoking command in '/home/leomorningrain/code/sdk_mark2_mcnm_ws/build/xpkg_msgs': CMAKE_PREFIX_PATH=/opt/ros/humble /usr/bin/cmake --build /home/leomorningrain/code/sdk_mark2_mcnm_ws/build/xpkg_msgs -- -j32 -l32
[0.209s] DEBUG:colcon.colcon_core.event_handler.log_command:Invoking command in '/home/leomorningrain/code/sdk_mark2_mcnm_ws/build/articubot_one': CMAKE_PREFIX_PATH=/opt/ros/humble /usr/bin/cmake --build /home/leomorningrain/code/sdk_mark2_mcnm_ws/build/articubot_one -- -j32 -l32
[0.211s] DEBUG:colcon.colcon_core.event_handler.log_command:Invoking command in '/home/leomorningrain/code/sdk_mark2_mcnm_ws/build/xpkg_demo': CMAKE_PREFIX_PATH=/opt/ros/humble /usr/bin/cmake --build /home/leomorningrain/code/sdk_mark2_mcnm_ws/build/xpkg_demo -- -j32 -l32
[0.214s] DEBUG:colcon.colcon_core.event_handler.log_command:Invoking command in '/home/leomorningrain/code/sdk_mark2_mcnm_ws/build/xpkg_urdf_mark2_mcnm': CMAKE_PREFIX_PATH=/opt/ros/humble /usr/bin/cmake --build /home/leomorningrain/code/sdk_mark2_mcnm_ws/build/xpkg_urdf_mark2_mcnm -- -j32 -l32
[0.238s] DEBUG:colcon.colcon_core.event_handler.log_command:Invoked command in '/home/leomorningrain/code/sdk_mark2_mcnm_ws/build/xpkg_demo' returned '0': CMAKE_PREFIX_PATH=/opt/ros/humble /usr/bin/cmake --build /home/leomorningrain/code/sdk_mark2_mcnm_ws/build/xpkg_demo -- -j32 -l32
[0.239s] DEBUG:colcon.colcon_core.event_handler.log_command:Invoked command in '/home/leomorningrain/code/sdk_mark2_mcnm_ws/build/xpkg_urdf_mark2_mcnm' returned '0': CMAKE_PREFIX_PATH=/opt/ros/humble /usr/bin/cmake --build /home/leomorningrain/code/sdk_mark2_mcnm_ws/build/xpkg_urdf_mark2_mcnm -- -j32 -l32
[0.239s] DEBUG:colcon.colcon_core.event_handler.log_command:Invoked command in '/home/leomorningrain/code/sdk_mark2_mcnm_ws/build/articubot_one' returned '0': CMAKE_PREFIX_PATH=/opt/ros/humble /usr/bin/cmake --build /home/leomorningrain/code/sdk_mark2_mcnm_ws/build/articubot_one -- -j32 -l32
[0.255s] DEBUG:colcon.colcon_core.event_handler.log_command:Invoking command in '/home/leomorningrain/code/sdk_mark2_mcnm_ws/build/xpkg_urdf_mark2_mcnm': CMAKE_PREFIX_PATH=/opt/ros/humble /usr/bin/cmake --install /home/leomorningrain/code/sdk_mark2_mcnm_ws/build/xpkg_urdf_mark2_mcnm
[0.258s] DEBUG:colcon.colcon_core.event_handler.log_command:Invoking command in '/home/leomorningrain/code/sdk_mark2_mcnm_ws/build/xpkg_demo': CMAKE_PREFIX_PATH=/opt/ros/humble /usr/bin/cmake --install /home/leomorningrain/code/sdk_mark2_mcnm_ws/build/xpkg_demo
[0.259s] DEBUG:colcon.colcon_core.event_handler.log_command:Invoking command in '/home/leomorningrain/code/sdk_mark2_mcnm_ws/build/articubot_one': CMAKE_PREFIX_PATH=/opt/ros/humble /usr/bin/cmake --install /home/leomorningrain/code/sdk_mark2_mcnm_ws/build/articubot_one
[0.261s] Level 1:colcon.colcon_core.environment:create_environment_scripts_only(xpkg_urdf_mark2_mcnm)
[0.265s] DEBUG:colcon.colcon_core.event_handler.log_command:Invoked command in '/home/leomorningrain/code/sdk_mark2_mcnm_ws/build/xpkg_urdf_mark2_mcnm' returned '0': CMAKE_PREFIX_PATH=/opt/ros/humble /usr/bin/cmake --install /home/leomorningrain/code/sdk_mark2_mcnm_ws/build/xpkg_urdf_mark2_mcnm
[0.266s] Level 1:colcon.colcon_core.environment:checking '/home/leomorningrain/code/sdk_mark2_mcnm_ws/install/xpkg_urdf_mark2_mcnm' for CMake module files
[0.267s] Level 1:colcon.colcon_core.environment:checking '/home/leomorningrain/code/sdk_mark2_mcnm_ws/install/xpkg_urdf_mark2_mcnm' for CMake config files
[0.268s] Level 1:colcon.colcon_core.shell:create_environment_hook('xpkg_urdf_mark2_mcnm', 'cmake_prefix_path')
[0.268s] INFO:colcon.colcon_core.shell:Creating environment hook '/home/leomorningrain/code/sdk_mark2_mcnm_ws/install/xpkg_urdf_mark2_mcnm/share/xpkg_urdf_mark2_mcnm/hook/cmake_prefix_path.ps1'
[0.269s] INFO:colcon.colcon_core.shell:Creating environment descriptor '/home/leomorningrain/code/sdk_mark2_mcnm_ws/install/xpkg_urdf_mark2_mcnm/share/xpkg_urdf_mark2_mcnm/hook/cmake_prefix_path.dsv'
[0.270s] INFO:colcon.colcon_core.shell:Creating environment hook '/home/leomorningrain/code/sdk_mark2_mcnm_ws/install/xpkg_urdf_mark2_mcnm/share/xpkg_urdf_mark2_mcnm/hook/cmake_prefix_path.sh'
[0.271s] Level 1:colcon.colcon_core.environment:checking '/home/leomorningrain/code/sdk_mark2_mcnm_ws/install/xpkg_urdf_mark2_mcnm/bin'
[0.271s] Level 1:colcon.colcon_core.environment:checking '/home/leomorningrain/code/sdk_mark2_mcnm_ws/install/xpkg_urdf_mark2_mcnm/lib/pkgconfig/xpkg_urdf_mark2_mcnm.pc'
[0.272s] Level 1:colcon.colcon_core.environment:checking '/home/leomorningrain/code/sdk_mark2_mcnm_ws/install/xpkg_urdf_mark2_mcnm/lib/python3.10/site-packages'
[0.272s] Level 1:colcon.colcon_core.environment:checking '/home/leomorningrain/code/sdk_mark2_mcnm_ws/install/xpkg_urdf_mark2_mcnm/bin'
[0.272s] INFO:colcon.colcon_core.shell:Creating package script '/home/leomorningrain/code/sdk_mark2_mcnm_ws/install/xpkg_urdf_mark2_mcnm/share/xpkg_urdf_mark2_mcnm/package.ps1'
[0.273s] INFO:colcon.colcon_core.shell:Creating package descriptor '/home/leomorningrain/code/sdk_mark2_mcnm_ws/install/xpkg_urdf_mark2_mcnm/share/xpkg_urdf_mark2_mcnm/package.dsv'
[0.273s] INFO:colcon.colcon_core.shell:Creating package script '/home/leomorningrain/code/sdk_mark2_mcnm_ws/install/xpkg_urdf_mark2_mcnm/share/xpkg_urdf_mark2_mcnm/package.sh'
[0.273s] INFO:colcon.colcon_core.shell:Creating package script '/home/leomorningrain/code/sdk_mark2_mcnm_ws/install/xpkg_urdf_mark2_mcnm/share/xpkg_urdf_mark2_mcnm/package.bash'
[0.274s] INFO:colcon.colcon_core.shell:Creating package script '/home/leomorningrain/code/sdk_mark2_mcnm_ws/install/xpkg_urdf_mark2_mcnm/share/xpkg_urdf_mark2_mcnm/package.zsh'
[0.274s] Level 1:colcon.colcon_core.environment:create_file_with_runtime_dependencies(/home/leomorningrain/code/sdk_mark2_mcnm_ws/install/xpkg_urdf_mark2_mcnm/share/colcon-core/packages/xpkg_urdf_mark2_mcnm)
[0.275s] Level 1:colcon.colcon_core.environment:create_environment_scripts_only(xpkg_demo)
[0.276s] Level 1:colcon.colcon_core.environment:checking '/home/leomorningrain/code/sdk_mark2_mcnm_ws/install/xpkg_demo' for CMake module files
[0.276s] DEBUG:colcon.colcon_core.event_handler.log_command:Invoked command in '/home/leomorningrain/code/sdk_mark2_mcnm_ws/build/xpkg_demo' returned '0': CMAKE_PREFIX_PATH=/opt/ros/humble /usr/bin/cmake --install /home/leomorningrain/code/sdk_mark2_mcnm_ws/build/xpkg_demo
[0.276s] Level 1:colcon.colcon_core.environment:checking '/home/leomorningrain/code/sdk_mark2_mcnm_ws/install/xpkg_demo' for CMake config files
[0.276s] Level 1:colcon.colcon_core.shell:create_environment_hook('xpkg_demo', 'cmake_prefix_path')
[0.276s] INFO:colcon.colcon_core.shell:Creating environment hook '/home/leomorningrain/code/sdk_mark2_mcnm_ws/install/xpkg_demo/share/xpkg_demo/hook/cmake_prefix_path.ps1'
[0.277s] INFO:colcon.colcon_core.shell:Creating environment descriptor '/home/leomorningrain/code/sdk_mark2_mcnm_ws/install/xpkg_demo/share/xpkg_demo/hook/cmake_prefix_path.dsv'
[0.277s] INFO:colcon.colcon_core.shell:Creating environment hook '/home/leomorningrain/code/sdk_mark2_mcnm_ws/install/xpkg_demo/share/xpkg_demo/hook/cmake_prefix_path.sh'
[0.277s] Level 1:colcon.colcon_core.environment:checking '/home/leomorningrain/code/sdk_mark2_mcnm_ws/install/xpkg_demo/bin'
[0.277s] Level 1:colcon.colcon_core.environment:checking '/home/leomorningrain/code/sdk_mark2_mcnm_ws/install/xpkg_demo/lib/pkgconfig/xpkg_demo.pc'
[0.277s] Level 1:colcon.colcon_core.environment:checking '/home/leomorningrain/code/sdk_mark2_mcnm_ws/install/xpkg_demo/lib/python3.10/site-packages'
[0.277s] Level 1:colcon.colcon_core.environment:checking '/home/leomorningrain/code/sdk_mark2_mcnm_ws/install/xpkg_demo/bin'
[0.278s] INFO:colcon.colcon_core.shell:Creating package script '/home/leomorningrain/code/sdk_mark2_mcnm_ws/install/xpkg_demo/share/xpkg_demo/package.ps1'
[0.278s] INFO:colcon.colcon_core.shell:Creating package descriptor '/home/leomorningrain/code/sdk_mark2_mcnm_ws/install/xpkg_demo/share/xpkg_demo/package.dsv'
[0.278s] INFO:colcon.colcon_core.shell:Creating package script '/home/leomorningrain/code/sdk_mark2_mcnm_ws/install/xpkg_demo/share/xpkg_demo/package.sh'
[0.278s] INFO:colcon.colcon_core.shell:Creating package script '/home/leomorningrain/code/sdk_mark2_mcnm_ws/install/xpkg_demo/share/xpkg_demo/package.bash'
[0.278s] INFO:colcon.colcon_core.shell:Creating package script '/home/leomorningrain/code/sdk_mark2_mcnm_ws/install/xpkg_demo/share/xpkg_demo/package.zsh'
[0.278s] Level 1:colcon.colcon_core.environment:create_file_with_runtime_dependencies(/home/leomorningrain/code/sdk_mark2_mcnm_ws/install/xpkg_demo/share/colcon-core/packages/xpkg_demo)
[0.279s] Level 1:colcon.colcon_core.environment:create_environment_scripts_only(articubot_one)
[0.281s] Level 1:colcon.colcon_core.environment:checking '/home/leomorningrain/code/sdk_mark2_mcnm_ws/install/articubot_one' for CMake module files
[0.281s] DEBUG:colcon.colcon_core.event_handler.log_command:Invoked command in '/home/leomorningrain/code/sdk_mark2_mcnm_ws/build/articubot_one' returned '0': CMAKE_PREFIX_PATH=/opt/ros/humble /usr/bin/cmake --install /home/leomorningrain/code/sdk_mark2_mcnm_ws/build/articubot_one
[0.281s] Level 1:colcon.colcon_core.environment:checking '/home/leomorningrain/code/sdk_mark2_mcnm_ws/install/articubot_one' for CMake config files
[0.282s] Level 1:colcon.colcon_core.shell:create_environment_hook('articubot_one', 'cmake_prefix_path')
[0.282s] INFO:colcon.colcon_core.shell:Creating environment hook '/home/leomorningrain/code/sdk_mark2_mcnm_ws/install/articubot_one/share/articubot_one/hook/cmake_prefix_path.ps1'
[0.282s] INFO:colcon.colcon_core.shell:Creating environment descriptor '/home/leomorningrain/code/sdk_mark2_mcnm_ws/install/articubot_one/share/articubot_one/hook/cmake_prefix_path.dsv'
[0.283s] INFO:colcon.colcon_core.shell:Creating environment hook '/home/leomorningrain/code/sdk_mark2_mcnm_ws/install/articubot_one/share/articubot_one/hook/cmake_prefix_path.sh'
[0.283s] Level 1:colcon.colcon_core.environment:checking '/home/leomorningrain/code/sdk_mark2_mcnm_ws/install/articubot_one/bin'
[0.283s] Level 1:colcon.colcon_core.environment:checking '/home/leomorningrain/code/sdk_mark2_mcnm_ws/install/articubot_one/lib/pkgconfig/articubot_one.pc'
[0.283s] Level 1:colcon.colcon_core.environment:checking '/home/leomorningrain/code/sdk_mark2_mcnm_ws/install/articubot_one/lib/python3.10/site-packages'
[0.283s] Level 1:colcon.colcon_core.environment:checking '/home/leomorningrain/code/sdk_mark2_mcnm_ws/install/articubot_one/bin'
[0.284s] INFO:colcon.colcon_core.shell:Creating package script '/home/leomorningrain/code/sdk_mark2_mcnm_ws/install/articubot_one/share/articubot_one/package.ps1'
[0.284s] INFO:colcon.colcon_core.shell:Creating package descriptor '/home/leomorningrain/code/sdk_mark2_mcnm_ws/install/articubot_one/share/articubot_one/package.dsv'
[0.284s] INFO:colcon.colcon_core.shell:Creating package script '/home/leomorningrain/code/sdk_mark2_mcnm_ws/install/articubot_one/share/articubot_one/package.sh'
[0.284s] INFO:colcon.colcon_core.shell:Creating package script '/home/leomorningrain/code/sdk_mark2_mcnm_ws/install/articubot_one/share/articubot_one/package.bash'
[0.284s] INFO:colcon.colcon_core.shell:Creating package script '/home/leomorningrain/code/sdk_mark2_mcnm_ws/install/articubot_one/share/articubot_one/package.zsh'
[0.284s] Level 1:colcon.colcon_core.environment:create_file_with_runtime_dependencies(/home/leomorningrain/code/sdk_mark2_mcnm_ws/install/articubot_one/share/colcon-core/packages/articubot_one)
[0.287s] Level 1:colcon.colcon_core.environment:create_environment_scripts_only(xpkg_urdf_mark2_mcnm)
[0.287s] Level 1:colcon.colcon_core.environment:checking '/home/leomorningrain/code/sdk_mark2_mcnm_ws/install/xpkg_urdf_mark2_mcnm' for CMake module files
[0.287s] Level 1:colcon.colcon_core.environment:checking '/home/leomorningrain/code/sdk_mark2_mcnm_ws/install/xpkg_urdf_mark2_mcnm' for CMake config files
[0.287s] Level 1:colcon.colcon_core.shell:create_environment_hook('xpkg_urdf_mark2_mcnm', 'cmake_prefix_path')
[0.288s] INFO:colcon.colcon_core.shell:Creating environment hook '/home/leomorningrain/code/sdk_mark2_mcnm_ws/install/xpkg_urdf_mark2_mcnm/share/xpkg_urdf_mark2_mcnm/hook/cmake_prefix_path.ps1'
[0.288s] INFO:colcon.colcon_core.shell:Creating environment descriptor '/home/leomorningrain/code/sdk_mark2_mcnm_ws/install/xpkg_urdf_mark2_mcnm/share/xpkg_urdf_mark2_mcnm/hook/cmake_prefix_path.dsv'
[0.288s] INFO:colcon.colcon_core.shell:Creating environment hook '/home/leomorningrain/code/sdk_mark2_mcnm_ws/install/xpkg_urdf_mark2_mcnm/share/xpkg_urdf_mark2_mcnm/hook/cmake_prefix_path.sh'
[0.288s] Level 1:colcon.colcon_core.environment:checking '/home/leomorningrain/code/sdk_mark2_mcnm_ws/install/xpkg_urdf_mark2_mcnm/bin'
[0.288s] Level 1:colcon.colcon_core.environment:checking '/home/leomorningrain/code/sdk_mark2_mcnm_ws/install/xpkg_urdf_mark2_mcnm/lib/pkgconfig/xpkg_urdf_mark2_mcnm.pc'
[0.288s] Level 1:colcon.colcon_core.environment:checking '/home/leomorningrain/code/sdk_mark2_mcnm_ws/install/xpkg_urdf_mark2_mcnm/lib/python3.10/site-packages'
[0.288s] Level 1:colcon.colcon_core.environment:checking '/home/leomorningrain/code/sdk_mark2_mcnm_ws/install/xpkg_urdf_mark2_mcnm/bin'
[0.289s] INFO:colcon.colcon_core.shell:Creating package script '/home/leomorningrain/code/sdk_mark2_mcnm_ws/install/xpkg_urdf_mark2_mcnm/share/xpkg_urdf_mark2_mcnm/package.ps1'
[0.289s] INFO:colcon.colcon_core.shell:Creating package descriptor '/home/leomorningrain/code/sdk_mark2_mcnm_ws/install/xpkg_urdf_mark2_mcnm/share/xpkg_urdf_mark2_mcnm/package.dsv'
[0.289s] INFO:colcon.colcon_core.shell:Creating package script '/home/leomorningrain/code/sdk_mark2_mcnm_ws/install/xpkg_urdf_mark2_mcnm/share/xpkg_urdf_mark2_mcnm/package.sh'
[0.289s] INFO:colcon.colcon_core.shell:Creating package script '/home/leomorningrain/code/sdk_mark2_mcnm_ws/install/xpkg_urdf_mark2_mcnm/share/xpkg_urdf_mark2_mcnm/package.bash'
[0.289s] INFO:colcon.colcon_core.shell:Creating package script '/home/leomorningrain/code/sdk_mark2_mcnm_ws/install/xpkg_urdf_mark2_mcnm/share/xpkg_urdf_mark2_mcnm/package.zsh'
[0.290s] Level 1:colcon.colcon_core.environment:create_file_with_runtime_dependencies(/home/leomorningrain/code/sdk_mark2_mcnm_ws/install/xpkg_urdf_mark2_mcnm/share/colcon-core/packages/xpkg_urdf_mark2_mcnm)
[0.291s] Level 1:colcon.colcon_core.environment:create_environment_scripts_only(xpkg_demo)
[0.291s] Level 1:colcon.colcon_core.environment:checking '/home/leomorningrain/code/sdk_mark2_mcnm_ws/install/xpkg_demo' for CMake module files
[0.291s] Level 1:colcon.colcon_core.environment:checking '/home/leomorningrain/code/sdk_mark2_mcnm_ws/install/xpkg_demo' for CMake config files
[0.291s] Level 1:colcon.colcon_core.shell:create_environment_hook('xpkg_demo', 'cmake_prefix_path')
[0.291s] INFO:colcon.colcon_core.shell:Creating environment hook '/home/leomorningrain/code/sdk_mark2_mcnm_ws/install/xpkg_demo/share/xpkg_demo/hook/cmake_prefix_path.ps1'
[0.291s] INFO:colcon.colcon_core.shell:Creating environment descriptor '/home/leomorningrain/code/sdk_mark2_mcnm_ws/install/xpkg_demo/share/xpkg_demo/hook/cmake_prefix_path.dsv'
[0.292s] INFO:colcon.colcon_core.shell:Creating environment hook '/home/leomorningrain/code/sdk_mark2_mcnm_ws/install/xpkg_demo/share/xpkg_demo/hook/cmake_prefix_path.sh'
[0.292s] Level 1:colcon.colcon_core.environment:checking '/home/leomorningrain/code/sdk_mark2_mcnm_ws/install/xpkg_demo/bin'
[0.292s] Level 1:colcon.colcon_core.environment:checking '/home/leomorningrain/code/sdk_mark2_mcnm_ws/install/xpkg_demo/lib/pkgconfig/xpkg_demo.pc'
[0.292s] Level 1:colcon.colcon_core.environment:checking '/home/leomorningrain/code/sdk_mark2_mcnm_ws/install/xpkg_demo/lib/python3.10/site-packages'
[0.293s] Level 1:colcon.colcon_core.environment:checking '/home/leomorningrain/code/sdk_mark2_mcnm_ws/install/xpkg_demo/bin'
[0.293s] INFO:colcon.colcon_core.shell:Creating package script '/home/leomorningrain/code/sdk_mark2_mcnm_ws/install/xpkg_demo/share/xpkg_demo/package.ps1'
[0.293s] INFO:colcon.colcon_core.shell:Creating package descriptor '/home/leomorningrain/code/sdk_mark2_mcnm_ws/install/xpkg_demo/share/xpkg_demo/package.dsv'
[0.293s] INFO:colcon.colcon_core.shell:Creating package script '/home/leomorningrain/code/sdk_mark2_mcnm_ws/install/xpkg_demo/share/xpkg_demo/package.sh'
[0.293s] INFO:colcon.colcon_core.shell:Creating package script '/home/leomorningrain/code/sdk_mark2_mcnm_ws/install/xpkg_demo/share/xpkg_demo/package.bash'
[0.293s] INFO:colcon.colcon_core.shell:Creating package script '/home/leomorningrain/code/sdk_mark2_mcnm_ws/install/xpkg_demo/share/xpkg_demo/package.zsh'
[0.294s] Level 1:colcon.colcon_core.environment:create_file_with_runtime_dependencies(/home/leomorningrain/code/sdk_mark2_mcnm_ws/install/xpkg_demo/share/colcon-core/packages/xpkg_demo)
[0.296s] Level 1:colcon.colcon_core.environment:create_environment_scripts_only(articubot_one)
[0.296s] Level 1:colcon.colcon_core.environment:checking '/home/leomorningrain/code/sdk_mark2_mcnm_ws/install/articubot_one' for CMake module files
[0.297s] Level 1:colcon.colcon_core.environment:checking '/home/leomorningrain/code/sdk_mark2_mcnm_ws/install/articubot_one' for CMake config files
[0.297s] Level 1:colcon.colcon_core.shell:create_environment_hook('articubot_one', 'cmake_prefix_path')
[0.297s] INFO:colcon.colcon_core.shell:Creating environment hook '/home/leomorningrain/code/sdk_mark2_mcnm_ws/install/articubot_one/share/articubot_one/hook/cmake_prefix_path.ps1'
[0.297s] INFO:colcon.colcon_core.shell:Creating environment descriptor '/home/leomorningrain/code/sdk_mark2_mcnm_ws/install/articubot_one/share/articubot_one/hook/cmake_prefix_path.dsv'
[0.298s] INFO:colcon.colcon_core.shell:Creating environment hook '/home/leomorningrain/code/sdk_mark2_mcnm_ws/install/articubot_one/share/articubot_one/hook/cmake_prefix_path.sh'
[0.298s] Level 1:colcon.colcon_core.environment:checking '/home/leomorningrain/code/sdk_mark2_mcnm_ws/install/articubot_one/bin'
[0.298s] Level 1:colcon.colcon_core.environment:checking '/home/leomorningrain/code/sdk_mark2_mcnm_ws/install/articubot_one/lib/pkgconfig/articubot_one.pc'
[0.298s] Level 1:colcon.colcon_core.environment:checking '/home/leomorningrain/code/sdk_mark2_mcnm_ws/install/articubot_one/lib/python3.10/site-packages'
[0.298s] Level 1:colcon.colcon_core.environment:checking '/home/leomorningrain/code/sdk_mark2_mcnm_ws/install/articubot_one/bin'
[0.298s] INFO:colcon.colcon_core.shell:Creating package script '/home/leomorningrain/code/sdk_mark2_mcnm_ws/install/articubot_one/share/articubot_one/package.ps1'
[0.299s] INFO:colcon.colcon_core.shell:Creating package descriptor '/home/leomorningrain/code/sdk_mark2_mcnm_ws/install/articubot_one/share/articubot_one/package.dsv'
[0.299s] INFO:colcon.colcon_core.shell:Creating package script '/home/leomorningrain/code/sdk_mark2_mcnm_ws/install/articubot_one/share/articubot_one/package.sh'
[0.299s] INFO:colcon.colcon_core.shell:Creating package script '/home/leomorningrain/code/sdk_mark2_mcnm_ws/install/articubot_one/share/articubot_one/package.bash'
[0.299s] INFO:colcon.colcon_core.shell:Creating package script '/home/leomorningrain/code/sdk_mark2_mcnm_ws/install/articubot_one/share/articubot_one/package.zsh'
[0.299s] Level 1:colcon.colcon_core.environment:create_file_with_runtime_dependencies(/home/leomorningrain/code/sdk_mark2_mcnm_ws/install/articubot_one/share/colcon-core/packages/articubot_one)
[0.393s] DEBUG:colcon.colcon_core.event_handler.log_command:Invoked command in '/home/leomorningrain/code/sdk_mark2_mcnm_ws/build/xpkg_msgs' returned '0': CMAKE_PREFIX_PATH=/opt/ros/humble /usr/bin/cmake --build /home/leomorningrain/code/sdk_mark2_mcnm_ws/build/xpkg_msgs -- -j32 -l32
[0.444s] DEBUG:colcon.colcon_core.event_handler.log_command:Invoking command in '/home/leomorningrain/code/sdk_mark2_mcnm_ws/build/xpkg_msgs': CMAKE_PREFIX_PATH=/opt/ros/humble /usr/bin/cmake --install /home/leomorningrain/code/sdk_mark2_mcnm_ws/build/xpkg_msgs
[0.474s] Level 1:colcon.colcon_core.environment:create_environment_scripts_only(xpkg_msgs)
[0.475s] Level 1:colcon.colcon_core.environment:checking '/home/leomorningrain/code/sdk_mark2_mcnm_ws/install/xpkg_msgs' for CMake module files
[0.475s] DEBUG:colcon.colcon_core.event_handler.log_command:Invoked command in '/home/leomorningrain/code/sdk_mark2_mcnm_ws/build/xpkg_msgs' returned '0': CMAKE_PREFIX_PATH=/opt/ros/humble /usr/bin/cmake --install /home/leomorningrain/code/sdk_mark2_mcnm_ws/build/xpkg_msgs
[0.475s] Level 1:colcon.colcon_core.environment:checking '/home/leomorningrain/code/sdk_mark2_mcnm_ws/install/xpkg_msgs' for CMake config files
[0.476s] Level 1:colcon.colcon_core.shell:create_environment_hook('xpkg_msgs', 'cmake_prefix_path')
[0.476s] INFO:colcon.colcon_core.shell:Creating environment hook '/home/leomorningrain/code/sdk_mark2_mcnm_ws/install/xpkg_msgs/share/xpkg_msgs/hook/cmake_prefix_path.ps1'
[0.476s] INFO:colcon.colcon_core.shell:Creating environment descriptor '/home/leomorningrain/code/sdk_mark2_mcnm_ws/install/xpkg_msgs/share/xpkg_msgs/hook/cmake_prefix_path.dsv'
[0.476s] INFO:colcon.colcon_core.shell:Creating environment hook '/home/leomorningrain/code/sdk_mark2_mcnm_ws/install/xpkg_msgs/share/xpkg_msgs/hook/cmake_prefix_path.sh'
[0.476s] Level 1:colcon.colcon_core.environment:checking '/home/leomorningrain/code/sdk_mark2_mcnm_ws/install/xpkg_msgs/lib'
[0.476s] Level 1:colcon.colcon_core.shell:create_environment_hook('xpkg_msgs', 'ld_library_path_lib')
[0.477s] INFO:colcon.colcon_core.shell:Creating environment hook '/home/leomorningrain/code/sdk_mark2_mcnm_ws/install/xpkg_msgs/share/xpkg_msgs/hook/ld_library_path_lib.ps1'
[0.477s] INFO:colcon.colcon_core.shell:Creating environment descriptor '/home/leomorningrain/code/sdk_mark2_mcnm_ws/install/xpkg_msgs/share/xpkg_msgs/hook/ld_library_path_lib.dsv'
[0.477s] INFO:colcon.colcon_core.shell:Creating environment hook '/home/leomorningrain/code/sdk_mark2_mcnm_ws/install/xpkg_msgs/share/xpkg_msgs/hook/ld_library_path_lib.sh'
[0.477s] Level 1:colcon.colcon_core.environment:checking '/home/leomorningrain/code/sdk_mark2_mcnm_ws/install/xpkg_msgs/bin'
[0.477s] Level 1:colcon.colcon_core.environment:checking '/home/leomorningrain/code/sdk_mark2_mcnm_ws/install/xpkg_msgs/lib/pkgconfig/xpkg_msgs.pc'
[0.477s] Level 1:colcon.colcon_core.environment:checking '/home/leomorningrain/code/sdk_mark2_mcnm_ws/install/xpkg_msgs/lib/python3.10/site-packages'
[0.477s] Level 1:colcon.colcon_core.environment:checking '/home/leomorningrain/code/sdk_mark2_mcnm_ws/install/xpkg_msgs/bin'
[0.477s] INFO:colcon.colcon_core.shell:Creating package script '/home/leomorningrain/code/sdk_mark2_mcnm_ws/install/xpkg_msgs/share/xpkg_msgs/package.ps1'
[0.478s] INFO:colcon.colcon_core.shell:Creating package descriptor '/home/leomorningrain/code/sdk_mark2_mcnm_ws/install/xpkg_msgs/share/xpkg_msgs/package.dsv'
[0.478s] INFO:colcon.colcon_core.shell:Creating package script '/home/leomorningrain/code/sdk_mark2_mcnm_ws/install/xpkg_msgs/share/xpkg_msgs/package.sh'
[0.478s] INFO:colcon.colcon_core.shell:Creating package script '/home/leomorningrain/code/sdk_mark2_mcnm_ws/install/xpkg_msgs/share/xpkg_msgs/package.bash'
[0.478s] INFO:colcon.colcon_core.shell:Creating package script '/home/leomorningrain/code/sdk_mark2_mcnm_ws/install/xpkg_msgs/share/xpkg_msgs/package.zsh'
[0.478s] Level 1:colcon.colcon_core.environment:create_file_with_runtime_dependencies(/home/leomorningrain/code/sdk_mark2_mcnm_ws/install/xpkg_msgs/share/colcon-core/packages/xpkg_msgs)
[0.523s] Level 1:colcon.colcon_core.environment:create_environment_scripts_only(xpkg_msgs)
[0.523s] Level 1:colcon.colcon_core.environment:checking '/home/leomorningrain/code/sdk_mark2_mcnm_ws/install/xpkg_msgs' for CMake module files
[0.523s] Level 1:colcon.colcon_core.environment:checking '/home/leomorningrain/code/sdk_mark2_mcnm_ws/install/xpkg_msgs' for CMake config files
[0.524s] Level 1:colcon.colcon_core.shell:create_environment_hook('xpkg_msgs', 'cmake_prefix_path')
[0.524s] INFO:colcon.colcon_core.shell:Creating environment hook '/home/leomorningrain/code/sdk_mark2_mcnm_ws/install/xpkg_msgs/share/xpkg_msgs/hook/cmake_prefix_path.ps1'
[0.524s] INFO:colcon.colcon_core.shell:Creating environment descriptor '/home/leomorningrain/code/sdk_mark2_mcnm_ws/install/xpkg_msgs/share/xpkg_msgs/hook/cmake_prefix_path.dsv'
[0.524s] INFO:colcon.colcon_core.shell:Creating environment hook '/home/leomorningrain/code/sdk_mark2_mcnm_ws/install/xpkg_msgs/share/xpkg_msgs/hook/cmake_prefix_path.sh'
[0.524s] Level 1:colcon.colcon_core.environment:checking '/home/leomorningrain/code/sdk_mark2_mcnm_ws/install/xpkg_msgs/lib'
[0.524s] Level 1:colcon.colcon_core.shell:create_environment_hook('xpkg_msgs', 'ld_library_path_lib')
[0.524s] INFO:colcon.colcon_core.shell:Creating environment hook '/home/leomorningrain/code/sdk_mark2_mcnm_ws/install/xpkg_msgs/share/xpkg_msgs/hook/ld_library_path_lib.ps1'
[0.525s] INFO:colcon.colcon_core.shell:Creating environment descriptor '/home/leomorningrain/code/sdk_mark2_mcnm_ws/install/xpkg_msgs/share/xpkg_msgs/hook/ld_library_path_lib.dsv'
[0.525s] INFO:colcon.colcon_core.shell:Creating environment hook '/home/leomorningrain/code/sdk_mark2_mcnm_ws/install/xpkg_msgs/share/xpkg_msgs/hook/ld_library_path_lib.sh'
[0.525s] Level 1:colcon.colcon_core.environment:checking '/home/leomorningrain/code/sdk_mark2_mcnm_ws/install/xpkg_msgs/bin'
[0.525s] Level 1:colcon.colcon_core.environment:checking '/home/leomorningrain/code/sdk_mark2_mcnm_ws/install/xpkg_msgs/lib/pkgconfig/xpkg_msgs.pc'
[0.525s] Level 1:colcon.colcon_core.environment:checking '/home/leomorningrain/code/sdk_mark2_mcnm_ws/install/xpkg_msgs/lib/python3.10/site-packages'
[0.525s] Level 1:colcon.colcon_core.environment:checking '/home/leomorningrain/code/sdk_mark2_mcnm_ws/install/xpkg_msgs/bin'
[0.525s] INFO:colcon.colcon_core.shell:Creating package script '/home/leomorningrain/code/sdk_mark2_mcnm_ws/install/xpkg_msgs/share/xpkg_msgs/package.ps1'
[0.526s] INFO:colcon.colcon_core.shell:Creating package descriptor '/home/leomorningrain/code/sdk_mark2_mcnm_ws/install/xpkg_msgs/share/xpkg_msgs/package.dsv'
[0.526s] INFO:colcon.colcon_core.shell:Creating package script '/home/leomorningrain/code/sdk_mark2_mcnm_ws/install/xpkg_msgs/share/xpkg_msgs/package.sh'
[0.526s] INFO:colcon.colcon_core.shell:Creating package script '/home/leomorningrain/code/sdk_mark2_mcnm_ws/install/xpkg_msgs/share/xpkg_msgs/package.bash'
[0.526s] INFO:colcon.colcon_core.shell:Creating package script '/home/leomorningrain/code/sdk_mark2_mcnm_ws/install/xpkg_msgs/share/xpkg_msgs/package.zsh'
[0.526s] Level 1:colcon.colcon_core.environment:create_file_with_runtime_dependencies(/home/leomorningrain/code/sdk_mark2_mcnm_ws/install/xpkg_msgs/share/colcon-core/packages/xpkg_msgs)
[0.526s] INFO:colcon.colcon_ros.task.ament_cmake.build:Building ROS package in '/home/leomorningrain/code/sdk_mark2_mcnm_ws/src/base/xpkg_comm' with build type 'ament_cmake'
[0.526s] INFO:colcon.colcon_cmake.task.cmake.build:Building CMake package in '/home/leomorningrain/code/sdk_mark2_mcnm_ws/src/base/xpkg_comm'
[0.527s] INFO:colcon.colcon_core.shell:Skip shell extension 'powershell' for command environment: Not usable outside of PowerShell
[0.527s] DEBUG:colcon.colcon_core.shell:Skip shell extension 'dsv' for command environment
[0.528s] INFO:colcon.colcon_ros.task.ament_cmake.build:Building ROS package in '/home/leomorningrain/code/sdk_mark2_mcnm_ws/src/drivers/xpkg_vehicle' with build type 'ament_cmake'
[0.528s] INFO:colcon.colcon_cmake.task.cmake.build:Building CMake package in '/home/leomorningrain/code/sdk_mark2_mcnm_ws/src/drivers/xpkg_vehicle'
[0.528s] INFO:colcon.colcon_core.shell:Skip shell extension 'powershell' for command environment: Not usable outside of PowerShell
[0.528s] DEBUG:colcon.colcon_core.shell:Skip shell extension 'dsv' for command environment
[0.532s] DEBUG:colcon.colcon_core.event_handler.log_command:Invoking command in '/home/leomorningrain/code/sdk_mark2_mcnm_ws/build/xpkg_comm': AMENT_PREFIX_PATH=/home/leomorningrain/code/sdk_mark2_mcnm_ws/install/xpkg_msgs:${AMENT_PREFIX_PATH} CMAKE_PREFIX_PATH=/home/leomorningrain/code/sdk_mark2_mcnm_ws/install/xpkg_msgs:/opt/ros/humble LD_LIBRARY_PATH=/home/leomorningrain/code/sdk_mark2_mcnm_ws/install/xpkg_msgs/lib:/usr/lib/x86_64-linux-gnu/gazebo-11/plugins:/opt/ros/humble/opt/rviz_ogre_vendor/lib:/opt/ros/humble/lib/x86_64-linux-gnu:/opt/ros/humble/lib:/usr/local/lib:/usr/local/lib PYTHONPATH=/home/leomorningrain/code/sdk_mark2_mcnm_ws/install/xpkg_msgs/local/lib/python3.10/dist-packages:${PYTHONPATH} /usr/bin/cmake --build /home/leomorningrain/code/sdk_mark2_mcnm_ws/build/xpkg_comm -- -j32 -l32
[0.534s] DEBUG:colcon.colcon_core.event_handler.log_command:Invoking command in '/home/leomorningrain/code/sdk_mark2_mcnm_ws/build/xpkg_vehicle': AMENT_PREFIX_PATH=/home/leomorningrain/code/sdk_mark2_mcnm_ws/install/xpkg_msgs:${AMENT_PREFIX_PATH} CMAKE_PREFIX_PATH=/home/leomorningrain/code/sdk_mark2_mcnm_ws/install/xpkg_msgs:/opt/ros/humble LD_LIBRARY_PATH=/home/leomorningrain/code/sdk_mark2_mcnm_ws/install/xpkg_msgs/lib:/usr/lib/x86_64-linux-gnu/gazebo-11/plugins:/opt/ros/humble/opt/rviz_ogre_vendor/lib:/opt/ros/humble/lib/x86_64-linux-gnu:/opt/ros/humble/lib:/usr/local/lib:/usr/local/lib PYTHONPATH=/home/leomorningrain/code/sdk_mark2_mcnm_ws/install/xpkg_msgs/local/lib/python3.10/dist-packages:${PYTHONPATH} /usr/bin/cmake --build /home/leomorningrain/code/sdk_mark2_mcnm_ws/build/xpkg_vehicle -- -j32 -l32
[0.567s] DEBUG:colcon.colcon_core.event_handler.log_command:Invoked command in '/home/leomorningrain/code/sdk_mark2_mcnm_ws/build/xpkg_comm' returned '0': AMENT_PREFIX_PATH=/home/leomorningrain/code/sdk_mark2_mcnm_ws/install/xpkg_msgs:${AMENT_PREFIX_PATH} CMAKE_PREFIX_PATH=/home/leomorningrain/code/sdk_mark2_mcnm_ws/install/xpkg_msgs:/opt/ros/humble LD_LIBRARY_PATH=/home/leomorningrain/code/sdk_mark2_mcnm_ws/install/xpkg_msgs/lib:/usr/lib/x86_64-linux-gnu/gazebo-11/plugins:/opt/ros/humble/opt/rviz_ogre_vendor/lib:/opt/ros/humble/lib/x86_64-linux-gnu:/opt/ros/humble/lib:/usr/local/lib:/usr/local/lib PYTHONPATH=/home/leomorningrain/code/sdk_mark2_mcnm_ws/install/xpkg_msgs/local/lib/python3.10/dist-packages:${PYTHONPATH} /usr/bin/cmake --build /home/leomorningrain/code/sdk_mark2_mcnm_ws/build/xpkg_comm -- -j32 -l32
[0.571s] DEBUG:colcon.colcon_core.event_handler.log_command:Invoked command in '/home/leomorningrain/code/sdk_mark2_mcnm_ws/build/xpkg_vehicle' returned '0': AMENT_PREFIX_PATH=/home/leomorningrain/code/sdk_mark2_mcnm_ws/install/xpkg_msgs:${AMENT_PREFIX_PATH} CMAKE_PREFIX_PATH=/home/leomorningrain/code/sdk_mark2_mcnm_ws/install/xpkg_msgs:/opt/ros/humble LD_LIBRARY_PATH=/home/leomorningrain/code/sdk_mark2_mcnm_ws/install/xpkg_msgs/lib:/usr/lib/x86_64-linux-gnu/gazebo-11/plugins:/opt/ros/humble/opt/rviz_ogre_vendor/lib:/opt/ros/humble/lib/x86_64-linux-gnu:/opt/ros/humble/lib:/usr/local/lib:/usr/local/lib PYTHONPATH=/home/leomorningrain/code/sdk_mark2_mcnm_ws/install/xpkg_msgs/local/lib/python3.10/dist-packages:${PYTHONPATH} /usr/bin/cmake --build /home/leomorningrain/code/sdk_mark2_mcnm_ws/build/xpkg_vehicle -- -j32 -l32
[0.586s] DEBUG:colcon.colcon_core.event_handler.log_command:Invoking command in '/home/leomorningrain/code/sdk_mark2_mcnm_ws/build/xpkg_comm': AMENT_PREFIX_PATH=/home/leomorningrain/code/sdk_mark2_mcnm_ws/install/xpkg_msgs:${AMENT_PREFIX_PATH} CMAKE_PREFIX_PATH=/home/leomorningrain/code/sdk_mark2_mcnm_ws/install/xpkg_msgs:/opt/ros/humble LD_LIBRARY_PATH=/home/leomorningrain/code/sdk_mark2_mcnm_ws/install/xpkg_msgs/lib:/usr/lib/x86_64-linux-gnu/gazebo-11/plugins:/opt/ros/humble/opt/rviz_ogre_vendor/lib:/opt/ros/humble/lib/x86_64-linux-gnu:/opt/ros/humble/lib:/usr/local/lib:/usr/local/lib PYTHONPATH=/home/leomorningrain/code/sdk_mark2_mcnm_ws/install/xpkg_msgs/local/lib/python3.10/dist-packages:${PYTHONPATH} /usr/bin/cmake --install /home/leomorningrain/code/sdk_mark2_mcnm_ws/build/xpkg_comm
[0.588s] DEBUG:colcon.colcon_core.event_handler.log_command:Invoking command in '/home/leomorningrain/code/sdk_mark2_mcnm_ws/build/xpkg_vehicle': AMENT_PREFIX_PATH=/home/leomorningrain/code/sdk_mark2_mcnm_ws/install/xpkg_msgs:${AMENT_PREFIX_PATH} CMAKE_PREFIX_PATH=/home/leomorningrain/code/sdk_mark2_mcnm_ws/install/xpkg_msgs:/opt/ros/humble LD_LIBRARY_PATH=/home/leomorningrain/code/sdk_mark2_mcnm_ws/install/xpkg_msgs/lib:/usr/lib/x86_64-linux-gnu/gazebo-11/plugins:/opt/ros/humble/opt/rviz_ogre_vendor/lib:/opt/ros/humble/lib/x86_64-linux-gnu:/opt/ros/humble/lib:/usr/local/lib:/usr/local/lib PYTHONPATH=/home/leomorningrain/code/sdk_mark2_mcnm_ws/install/xpkg_msgs/local/lib/python3.10/dist-packages:${PYTHONPATH} /usr/bin/cmake --install /home/leomorningrain/code/sdk_mark2_mcnm_ws/build/xpkg_vehicle
[0.591s] Level 1:colcon.colcon_core.environment:create_environment_scripts_only(xpkg_comm)
[0.591s] Level 1:colcon.colcon_core.environment:checking '/home/leomorningrain/code/sdk_mark2_mcnm_ws/install/xpkg_comm' for CMake module files
[0.591s] DEBUG:colcon.colcon_core.event_handler.log_command:Invoked command in '/home/leomorningrain/code/sdk_mark2_mcnm_ws/build/xpkg_comm' returned '0': AMENT_PREFIX_PATH=/home/leomorningrain/code/sdk_mark2_mcnm_ws/install/xpkg_msgs:${AMENT_PREFIX_PATH} CMAKE_PREFIX_PATH=/home/leomorningrain/code/sdk_mark2_mcnm_ws/install/xpkg_msgs:/opt/ros/humble LD_LIBRARY_PATH=/home/leomorningrain/code/sdk_mark2_mcnm_ws/install/xpkg_msgs/lib:/usr/lib/x86_64-linux-gnu/gazebo-11/plugins:/opt/ros/humble/opt/rviz_ogre_vendor/lib:/opt/ros/humble/lib/x86_64-linux-gnu:/opt/ros/humble/lib:/usr/local/lib:/usr/local/lib PYTHONPATH=/home/leomorningrain/code/sdk_mark2_mcnm_ws/install/xpkg_msgs/local/lib/python3.10/dist-packages:${PYTHONPATH} /usr/bin/cmake --install /home/leomorningrain/code/sdk_mark2_mcnm_ws/build/xpkg_comm
[0.591s] Level 1:colcon.colcon_core.environment:checking '/home/leomorningrain/code/sdk_mark2_mcnm_ws/install/xpkg_comm' for CMake config files
[0.592s] Level 1:colcon.colcon_core.shell:create_environment_hook('xpkg_comm', 'cmake_prefix_path')
[0.592s] INFO:colcon.colcon_core.shell:Creating environment hook '/home/leomorningrain/code/sdk_mark2_mcnm_ws/install/xpkg_comm/share/xpkg_comm/hook/cmake_prefix_path.ps1'
[0.593s] INFO:colcon.colcon_core.shell:Creating environment descriptor '/home/leomorningrain/code/sdk_mark2_mcnm_ws/install/xpkg_comm/share/xpkg_comm/hook/cmake_prefix_path.dsv'
[0.593s] INFO:colcon.colcon_core.shell:Creating environment hook '/home/leomorningrain/code/sdk_mark2_mcnm_ws/install/xpkg_comm/share/xpkg_comm/hook/cmake_prefix_path.sh'
[0.594s] Level 1:colcon.colcon_core.environment:checking '/home/leomorningrain/code/sdk_mark2_mcnm_ws/install/xpkg_comm/lib'
[0.594s] Level 1:colcon.colcon_core.environment:checking '/home/leomorningrain/code/sdk_mark2_mcnm_ws/install/xpkg_comm/bin'
[0.594s] Level 1:colcon.colcon_core.environment:checking '/home/leomorningrain/code/sdk_mark2_mcnm_ws/install/xpkg_comm/lib/pkgconfig/xpkg_comm.pc'
[0.594s] Level 1:colcon.colcon_core.environment:checking '/home/leomorningrain/code/sdk_mark2_mcnm_ws/install/xpkg_comm/lib/python3.10/site-packages'
[0.594s] Level 1:colcon.colcon_core.environment:checking '/home/leomorningrain/code/sdk_mark2_mcnm_ws/install/xpkg_comm/bin'
[0.595s] INFO:colcon.colcon_core.shell:Creating package script '/home/leomorningrain/code/sdk_mark2_mcnm_ws/install/xpkg_comm/share/xpkg_comm/package.ps1'
[0.595s] INFO:colcon.colcon_core.shell:Creating package descriptor '/home/leomorningrain/code/sdk_mark2_mcnm_ws/install/xpkg_comm/share/xpkg_comm/package.dsv'
[0.595s] INFO:colcon.colcon_core.shell:Creating package script '/home/leomorningrain/code/sdk_mark2_mcnm_ws/install/xpkg_comm/share/xpkg_comm/package.sh'
[0.596s] INFO:colcon.colcon_core.shell:Creating package script '/home/leomorningrain/code/sdk_mark2_mcnm_ws/install/xpkg_comm/share/xpkg_comm/package.bash'
[0.596s] INFO:colcon.colcon_core.shell:Creating package script '/home/leomorningrain/code/sdk_mark2_mcnm_ws/install/xpkg_comm/share/xpkg_comm/package.zsh'
[0.596s] Level 1:colcon.colcon_core.environment:create_file_with_runtime_dependencies(/home/leomorningrain/code/sdk_mark2_mcnm_ws/install/xpkg_comm/share/colcon-core/packages/xpkg_comm)
[0.597s] Level 1:colcon.colcon_core.environment:create_environment_scripts_only(xpkg_vehicle)
[0.597s] Level 1:colcon.colcon_core.environment:checking '/home/leomorningrain/code/sdk_mark2_mcnm_ws/install/xpkg_vehicle' for CMake module files
[0.598s] DEBUG:colcon.colcon_core.event_handler.log_command:Invoked command in '/home/leomorningrain/code/sdk_mark2_mcnm_ws/build/xpkg_vehicle' returned '0': AMENT_PREFIX_PATH=/home/leomorningrain/code/sdk_mark2_mcnm_ws/install/xpkg_msgs:${AMENT_PREFIX_PATH} CMAKE_PREFIX_PATH=/home/leomorningrain/code/sdk_mark2_mcnm_ws/install/xpkg_msgs:/opt/ros/humble LD_LIBRARY_PATH=/home/leomorningrain/code/sdk_mark2_mcnm_ws/install/xpkg_msgs/lib:/usr/lib/x86_64-linux-gnu/gazebo-11/plugins:/opt/ros/humble/opt/rviz_ogre_vendor/lib:/opt/ros/humble/lib/x86_64-linux-gnu:/opt/ros/humble/lib:/usr/local/lib:/usr/local/lib PYTHONPATH=/home/leomorningrain/code/sdk_mark2_mcnm_ws/install/xpkg_msgs/local/lib/python3.10/dist-packages:${PYTHONPATH} /usr/bin/cmake --install /home/leomorningrain/code/sdk_mark2_mcnm_ws/build/xpkg_vehicle
[0.598s] Level 1:colcon.colcon_core.environment:checking '/home/leomorningrain/code/sdk_mark2_mcnm_ws/install/xpkg_vehicle' for CMake config files
[0.598s] Level 1:colcon.colcon_core.shell:create_environment_hook('xpkg_vehicle', 'cmake_prefix_path')
[0.598s] INFO:colcon.colcon_core.shell:Creating environment hook '/home/leomorningrain/code/sdk_mark2_mcnm_ws/install/xpkg_vehicle/share/xpkg_vehicle/hook/cmake_prefix_path.ps1'
[0.598s] INFO:colcon.colcon_core.shell:Creating environment descriptor '/home/leomorningrain/code/sdk_mark2_mcnm_ws/install/xpkg_vehicle/share/xpkg_vehicle/hook/cmake_prefix_path.dsv'
[0.598s] INFO:colcon.colcon_core.shell:Creating environment hook '/home/leomorningrain/code/sdk_mark2_mcnm_ws/install/xpkg_vehicle/share/xpkg_vehicle/hook/cmake_prefix_path.sh'
[0.599s] Level 1:colcon.colcon_core.environment:checking '/home/leomorningrain/code/sdk_mark2_mcnm_ws/install/xpkg_vehicle/lib'
[0.599s] Level 1:colcon.colcon_core.environment:checking '/home/leomorningrain/code/sdk_mark2_mcnm_ws/install/xpkg_vehicle/bin'
[0.599s] Level 1:colcon.colcon_core.environment:checking '/home/leomorningrain/code/sdk_mark2_mcnm_ws/install/xpkg_vehicle/lib/pkgconfig/xpkg_vehicle.pc'
[0.599s] Level 1:colcon.colcon_core.environment:checking '/home/leomorningrain/code/sdk_mark2_mcnm_ws/install/xpkg_vehicle/lib/python3.10/site-packages'
[0.599s] Level 1:colcon.colcon_core.environment:checking '/home/leomorningrain/code/sdk_mark2_mcnm_ws/install/xpkg_vehicle/bin'
[0.599s] INFO:colcon.colcon_core.shell:Creating package script '/home/leomorningrain/code/sdk_mark2_mcnm_ws/install/xpkg_vehicle/share/xpkg_vehicle/package.ps1'
[0.599s] INFO:colcon.colcon_core.shell:Creating package descriptor '/home/leomorningrain/code/sdk_mark2_mcnm_ws/install/xpkg_vehicle/share/xpkg_vehicle/package.dsv'
[0.599s] INFO:colcon.colcon_core.shell:Creating package script '/home/leomorningrain/code/sdk_mark2_mcnm_ws/install/xpkg_vehicle/share/xpkg_vehicle/package.sh'
[0.599s] INFO:colcon.colcon_core.shell:Creating package script '/home/leomorningrain/code/sdk_mark2_mcnm_ws/install/xpkg_vehicle/share/xpkg_vehicle/package.bash'
[0.599s] INFO:colcon.colcon_core.shell:Creating package script '/home/leomorningrain/code/sdk_mark2_mcnm_ws/install/xpkg_vehicle/share/xpkg_vehicle/package.zsh'
[0.600s] Level 1:colcon.colcon_core.environment:create_file_with_runtime_dependencies(/home/leomorningrain/code/sdk_mark2_mcnm_ws/install/xpkg_vehicle/share/colcon-core/packages/xpkg_vehicle)
[0.614s] Level 1:colcon.colcon_core.environment:create_environment_scripts_only(xpkg_comm)
[0.614s] Level 1:colcon.colcon_core.environment:checking '/home/leomorningrain/code/sdk_mark2_mcnm_ws/install/xpkg_comm' for CMake module files
[0.614s] Level 1:colcon.colcon_core.environment:checking '/home/leomorningrain/code/sdk_mark2_mcnm_ws/install/xpkg_comm' for CMake config files
[0.614s] Level 1:colcon.colcon_core.shell:create_environment_hook('xpkg_comm', 'cmake_prefix_path')
[0.614s] INFO:colcon.colcon_core.shell:Creating environment hook '/home/leomorningrain/code/sdk_mark2_mcnm_ws/install/xpkg_comm/share/xpkg_comm/hook/cmake_prefix_path.ps1'
[0.614s] INFO:colcon.colcon_core.shell:Creating environment descriptor '/home/leomorningrain/code/sdk_mark2_mcnm_ws/install/xpkg_comm/share/xpkg_comm/hook/cmake_prefix_path.dsv'
[0.615s] INFO:colcon.colcon_core.shell:Creating environment hook '/home/leomorningrain/code/sdk_mark2_mcnm_ws/install/xpkg_comm/share/xpkg_comm/hook/cmake_prefix_path.sh'
[0.615s] Level 1:colcon.colcon_core.environment:checking '/home/leomorningrain/code/sdk_mark2_mcnm_ws/install/xpkg_comm/lib'
[0.615s] Level 1:colcon.colcon_core.environment:checking '/home/leomorningrain/code/sdk_mark2_mcnm_ws/install/xpkg_comm/bin'
[0.615s] Level 1:colcon.colcon_core.environment:checking '/home/leomorningrain/code/sdk_mark2_mcnm_ws/install/xpkg_comm/lib/pkgconfig/xpkg_comm.pc'
[0.615s] Level 1:colcon.colcon_core.environment:checking '/home/leomorningrain/code/sdk_mark2_mcnm_ws/install/xpkg_comm/lib/python3.10/site-packages'
[0.615s] Level 1:colcon.colcon_core.environment:checking '/home/leomorningrain/code/sdk_mark2_mcnm_ws/install/xpkg_comm/bin'
[0.615s] INFO:colcon.colcon_core.shell:Creating package script '/home/leomorningrain/code/sdk_mark2_mcnm_ws/install/xpkg_comm/share/xpkg_comm/package.ps1'
[0.615s] INFO:colcon.colcon_core.shell:Creating package descriptor '/home/leomorningrain/code/sdk_mark2_mcnm_ws/install/xpkg_comm/share/xpkg_comm/package.dsv'
[0.616s] INFO:colcon.colcon_core.shell:Creating package script '/home/leomorningrain/code/sdk_mark2_mcnm_ws/install/xpkg_comm/share/xpkg_comm/package.sh'
[0.616s] INFO:colcon.colcon_core.shell:Creating package script '/home/leomorningrain/code/sdk_mark2_mcnm_ws/install/xpkg_comm/share/xpkg_comm/package.bash'
[0.616s] INFO:colcon.colcon_core.shell:Creating package script '/home/leomorningrain/code/sdk_mark2_mcnm_ws/install/xpkg_comm/share/xpkg_comm/package.zsh'
[0.616s] Level 1:colcon.colcon_core.environment:create_file_with_runtime_dependencies(/home/leomorningrain/code/sdk_mark2_mcnm_ws/install/xpkg_comm/share/colcon-core/packages/xpkg_comm)
[0.616s] Level 1:colcon.colcon_core.environment:create_environment_scripts_only(xpkg_vehicle)
[0.617s] Level 1:colcon.colcon_core.environment:checking '/home/leomorningrain/code/sdk_mark2_mcnm_ws/install/xpkg_vehicle' for CMake module files
[0.617s] Level 1:colcon.colcon_core.environment:checking '/home/leomorningrain/code/sdk_mark2_mcnm_ws/install/xpkg_vehicle' for CMake config files
[0.617s] Level 1:colcon.colcon_core.shell:create_environment_hook('xpkg_vehicle', 'cmake_prefix_path')
[0.617s] INFO:colcon.colcon_core.shell:Creating environment hook '/home/leomorningrain/code/sdk_mark2_mcnm_ws/install/xpkg_vehicle/share/xpkg_vehicle/hook/cmake_prefix_path.ps1'
[0.617s] INFO:colcon.colcon_core.shell:Creating environment descriptor '/home/leomorningrain/code/sdk_mark2_mcnm_ws/install/xpkg_vehicle/share/xpkg_vehicle/hook/cmake_prefix_path.dsv'
[0.617s] INFO:colcon.colcon_core.shell:Creating environment hook '/home/leomorningrain/code/sdk_mark2_mcnm_ws/install/xpkg_vehicle/share/xpkg_vehicle/hook/cmake_prefix_path.sh'
[0.618s] Level 1:colcon.colcon_core.environment:checking '/home/leomorningrain/code/sdk_mark2_mcnm_ws/install/xpkg_vehicle/lib'
[0.618s] Level 1:colcon.colcon_core.environment:checking '/home/leomorningrain/code/sdk_mark2_mcnm_ws/install/xpkg_vehicle/bin'
[0.618s] Level 1:colcon.colcon_core.environment:checking '/home/leomorningrain/code/sdk_mark2_mcnm_ws/install/xpkg_vehicle/lib/pkgconfig/xpkg_vehicle.pc'
[0.618s] Level 1:colcon.colcon_core.environment:checking '/home/leomorningrain/code/sdk_mark2_mcnm_ws/install/xpkg_vehicle/lib/python3.10/site-packages'
[0.618s] Level 1:colcon.colcon_core.environment:checking '/home/leomorningrain/code/sdk_mark2_mcnm_ws/install/xpkg_vehicle/bin'
[0.618s] INFO:colcon.colcon_core.shell:Creating package script '/home/leomorningrain/code/sdk_mark2_mcnm_ws/install/xpkg_vehicle/share/xpkg_vehicle/package.ps1'
[0.618s] INFO:colcon.colcon_core.shell:Creating package descriptor '/home/leomorningrain/code/sdk_mark2_mcnm_ws/install/xpkg_vehicle/share/xpkg_vehicle/package.dsv'
[0.618s] INFO:colcon.colcon_core.shell:Creating package script '/home/leomorningrain/code/sdk_mark2_mcnm_ws/install/xpkg_vehicle/share/xpkg_vehicle/package.sh'
[0.619s] INFO:colcon.colcon_core.shell:Creating package script '/home/leomorningrain/code/sdk_mark2_mcnm_ws/install/xpkg_vehicle/share/xpkg_vehicle/package.bash'
[0.619s] INFO:colcon.colcon_core.shell:Creating package script '/home/leomorningrain/code/sdk_mark2_mcnm_ws/install/xpkg_vehicle/share/xpkg_vehicle/package.zsh'
[0.619s] Level 1:colcon.colcon_core.environment:create_file_with_runtime_dependencies(/home/leomorningrain/code/sdk_mark2_mcnm_ws/install/xpkg_vehicle/share/colcon-core/packages/xpkg_vehicle)
[0.619s] DEBUG:colcon.colcon_parallel_executor.executor.parallel:closing loop
[0.619s] DEBUG:colcon.colcon_parallel_executor.executor.parallel:loop closed
[0.619s] DEBUG:colcon.colcon_parallel_executor.executor.parallel:run_until_complete finished with '0'
[0.619s] DEBUG:colcon.colcon_core.event_reactor:joining thread
[0.622s] INFO:colcon.colcon_core.plugin_system:Skipping extension 'colcon_notification.desktop_notification.terminal_notifier': Not used on non-Darwin systems
[0.622s] INFO:colcon.colcon_core.plugin_system:Skipping extension 'colcon_notification.desktop_notification.win32': Not used on non-Windows systems
[0.622s] INFO:colcon.colcon_notification.desktop_notification:Sending desktop notification using 'notify2'
[0.630s] DEBUG:colcon.colcon_core.event_reactor:joined thread
[0.630s] INFO:colcon.colcon_core.shell:Creating prefix script '/home/leomorningrain/code/sdk_mark2_mcnm_ws/install/local_setup.ps1'
[0.631s] INFO:colcon.colcon_core.shell:Creating prefix util module '/home/leomorningrain/code/sdk_mark2_mcnm_ws/install/_local_setup_util_ps1.py'
[0.631s] INFO:colcon.colcon_core.shell:Creating prefix chain script '/home/leomorningrain/code/sdk_mark2_mcnm_ws/install/setup.ps1'
[0.632s] INFO:colcon.colcon_core.shell:Creating prefix script '/home/leomorningrain/code/sdk_mark2_mcnm_ws/install/local_setup.sh'
[0.633s] INFO:colcon.colcon_core.shell:Creating prefix util module '/home/leomorningrain/code/sdk_mark2_mcnm_ws/install/_local_setup_util_sh.py'
[0.633s] INFO:colcon.colcon_core.shell:Creating prefix chain script '/home/leomorningrain/code/sdk_mark2_mcnm_ws/install/setup.sh'
[0.634s] INFO:colcon.colcon_core.shell:Creating prefix script '/home/leomorningrain/code/sdk_mark2_mcnm_ws/install/local_setup.bash'
[0.634s] INFO:colcon.colcon_core.shell:Creating prefix chain script '/home/leomorningrain/code/sdk_mark2_mcnm_ws/install/setup.bash'
[0.635s] INFO:colcon.colcon_core.shell:Creating prefix script '/home/leomorningrain/code/sdk_mark2_mcnm_ws/install/local_setup.zsh'
[0.635s] INFO:colcon.colcon_core.shell:Creating prefix chain script '/home/leomorningrain/code/sdk_mark2_mcnm_ws/install/setup.zsh'
