[0.374s] Invoking command in '/home/leomorningrain/code/sdk_mark2_mcnm_ws/src/serial_motor_demo/serial_motor_demo': AMENT_PREFIX_PATH=/home/leomorningrain/code/sdk_mark2_mcnm_ws/install/serial_motor_demo_msgs:${AMENT_PREFIX_PATH} CMAKE_PREFIX_PATH=/home/leomorningrain/code/sdk_mark2_mcnm_ws/install/serial_motor_demo_msgs LD_LIBRARY_PATH=/home/leomorningrain/code/sdk_mark2_mcnm_ws/install/serial_motor_demo_msgs/lib:/usr/lib/x86_64-linux-gnu/gazebo-11/plugins:/opt/ros/humble/opt/rviz_ogre_vendor/lib:/opt/ros/humble/lib/x86_64-linux-gnu:/opt/ros/humble/lib:/usr/local/lib PYTHONPATH=/home/leomorningrain/code/sdk_mark2_mcnm_ws/build/serial_motor_demo/prefix_override:/home/leomorningrain/code/sdk_mark2_mcnm_ws/install/serial_motor_demo/lib/python3.10/site-packages:/home/leomorningrain/code/sdk_mark2_mcnm_ws/install/serial_motor_demo_msgs/local/lib/python3.10/dist-packages:${PYTHONPATH} /usr/bin/python3 -W ignore:setup.py install is deprecated setup.py egg_info --egg-base ../../../build/serial_motor_demo build --build-base /home/leomorningrain/code/sdk_mark2_mcnm_ws/build/serial_motor_demo/build install --record /home/leomorningrain/code/sdk_mark2_mcnm_ws/build/serial_motor_demo/install.log --install-scripts $base/lib/serial_motor_demo --single-version-externally-managed install_data
[0.480s] /usr/lib/python3/dist-packages/setuptools/dist.py:723: UserWarning: Usage of dash-separated 'script-dir' will not be supported in future versions. Please use the underscore name 'script_dir' instead
[0.480s]   warnings.warn(
[0.484s] running egg_info
[0.484s] writing ../../../build/serial_motor_demo/serial_motor_demo.egg-info/PKG-INFO
[0.484s] writing dependency_links to ../../../build/serial_motor_demo/serial_motor_demo.egg-info/dependency_links.txt
[0.484s] writing entry points to ../../../build/serial_motor_demo/serial_motor_demo.egg-info/entry_points.txt
[0.485s] writing requirements to ../../../build/serial_motor_demo/serial_motor_demo.egg-info/requires.txt
[0.485s] writing top-level names to ../../../build/serial_motor_demo/serial_motor_demo.egg-info/top_level.txt
[0.485s] reading manifest file '../../../build/serial_motor_demo/serial_motor_demo.egg-info/SOURCES.txt'
[0.486s] writing manifest file '../../../build/serial_motor_demo/serial_motor_demo.egg-info/SOURCES.txt'
[0.486s] running build
[0.486s] running build_py
[0.486s] running install
[0.486s] running install_lib
[0.487s] running install_data
[0.487s] running install_egg_info
[0.488s] removing '/home/leomorningrain/code/sdk_mark2_mcnm_ws/install/serial_motor_demo/lib/python3.10/site-packages/serial_motor_demo-0.0.0-py3.10.egg-info' (and everything under it)
[0.488s] Copying ../../../build/serial_motor_demo/serial_motor_demo.egg-info to /home/leomorningrain/code/sdk_mark2_mcnm_ws/install/serial_motor_demo/lib/python3.10/site-packages/serial_motor_demo-0.0.0-py3.10.egg-info
[0.488s] running install_scripts
[0.499s] Installing driver script to /home/leomorningrain/code/sdk_mark2_mcnm_ws/install/serial_motor_demo/lib/serial_motor_demo
[0.499s] Installing gui script to /home/leomorningrain/code/sdk_mark2_mcnm_ws/install/serial_motor_demo/lib/serial_motor_demo
[0.499s] writing list of installed files to '/home/leomorningrain/code/sdk_mark2_mcnm_ws/build/serial_motor_demo/install.log'
[0.511s] Invoked command in '/home/leomorningrain/code/sdk_mark2_mcnm_ws/src/serial_motor_demo/serial_motor_demo' returned '0': AMENT_PREFIX_PATH=/home/leomorningrain/code/sdk_mark2_mcnm_ws/install/serial_motor_demo_msgs:${AMENT_PREFIX_PATH} CMAKE_PREFIX_PATH=/home/leomorningrain/code/sdk_mark2_mcnm_ws/install/serial_motor_demo_msgs LD_LIBRARY_PATH=/home/leomorningrain/code/sdk_mark2_mcnm_ws/install/serial_motor_demo_msgs/lib:/usr/lib/x86_64-linux-gnu/gazebo-11/plugins:/opt/ros/humble/opt/rviz_ogre_vendor/lib:/opt/ros/humble/lib/x86_64-linux-gnu:/opt/ros/humble/lib:/usr/local/lib PYTHONPATH=/home/leomorningrain/code/sdk_mark2_mcnm_ws/build/serial_motor_demo/prefix_override:/home/leomorningrain/code/sdk_mark2_mcnm_ws/install/serial_motor_demo/lib/python3.10/site-packages:/home/leomorningrain/code/sdk_mark2_mcnm_ws/install/serial_motor_demo_msgs/local/lib/python3.10/dist-packages:${PYTHONPATH} /usr/bin/python3 -W ignore:setup.py install is deprecated setup.py egg_info --egg-base ../../../build/serial_motor_demo build --build-base /home/leomorningrain/code/sdk_mark2_mcnm_ws/build/serial_motor_demo/build install --record /home/leomorningrain/code/sdk_mark2_mcnm_ws/build/serial_motor_demo/install.log --install-scripts $base/lib/serial_motor_demo --single-version-externally-managed install_data
