[0.010s] Invoking command in '/home/leomorningrain/code/sdk_mark2_mcnm_ws/build/teleop_twist_joy': CMAKE_PREFIX_PATH=${CMAKE_PREFIX_PATH}:/opt/ros/humble /usr/bin/cmake /home/leomorningrain/code/sdk_mark2_mcnm_ws/src/teleop_twist_joy -DCMAKE_INSTALL_PREFIX=/home/leomorningrain/code/sdk_mark2_mcnm_ws/install/teleop_twist_joy
[0.035s] -- The C compiler identification is GNU 11.4.0
[0.069s] -- The CXX compiler identification is GNU 11.4.0
[0.075s] -- Detecting C compiler ABI info
[0.118s] -- Detecting C compiler ABI info - done
[0.123s] -- Check for working C compiler: /usr/bin/cc - skipped
[0.123s] -- Detecting C compile features
[0.123s] -- Detecting C compile features - done
[0.125s] -- Detecting CXX compiler ABI info
[0.180s] -- Detecting CXX compiler ABI info - done
[0.186s] -- Check for working CXX compiler: /usr/bin/c++ - skipped
[0.186s] -- Detecting CXX compile features
[0.186s] -- Detecting CXX compile features - done
[0.188s] -- Found ament_cmake: 1.3.8 (/opt/ros/humble/share/ament_cmake/cmake)
[0.284s] -- Found Python3: /usr/bin/python3 (found version "3.10.12") found components: Interpreter 
[0.341s] -- Found geometry_msgs: 4.2.3 (/opt/ros/humble/share/geometry_msgs/cmake)
[0.367s] -- Found rosidl_generator_c: 3.1.5 (/opt/ros/humble/share/rosidl_generator_c/cmake)
[0.370s] -- Found rosidl_adapter: 3.1.5 (/opt/ros/humble/share/rosidl_adapter/cmake)
[0.376s] -- Found rosidl_generator_cpp: 3.1.5 (/opt/ros/humble/share/rosidl_generator_cpp/cmake)
[0.384s] -- Using all available rosidl_typesupport_c: rosidl_typesupport_fastrtps_c;rosidl_typesupport_introspection_c
[0.403s] -- Using all available rosidl_typesupport_cpp: rosidl_typesupport_fastrtps_cpp;rosidl_typesupport_introspection_cpp
[0.494s] -- Found rclcpp: 16.0.8 (/opt/ros/humble/share/rclcpp/cmake)
[0.534s] -- Found rmw_implementation_cmake: 6.1.1 (/opt/ros/humble/share/rmw_implementation_cmake/cmake)
[0.536s] -- Found rmw_fastrtps_cpp: 6.2.6 (/opt/ros/humble/share/rmw_fastrtps_cpp/cmake)
[0.600s] -- Found OpenSSL: /usr/lib/x86_64-linux-gnu/libcrypto.so (found version "3.0.2")  
[0.621s] -- Found FastRTPS: /opt/ros/humble/include  
[0.665s] -- Using RMW implementation 'rmw_fastrtps_cpp' as default
[0.671s] -- Looking for pthread.h
[0.718s] -- Looking for pthread.h - found
[0.718s] -- Performing Test CMAKE_HAVE_LIBC_PTHREAD
[0.768s] -- Performing Test CMAKE_HAVE_LIBC_PTHREAD - Success
[0.769s] -- Found Threads: TRUE  
[0.860s] -- Found rclcpp_components: 16.0.8 (/opt/ros/humble/share/rclcpp_components/cmake)
[0.906s] -- Found sensor_msgs: 4.2.3 (/opt/ros/humble/share/sensor_msgs/cmake)
[0.970s] -- Performing Test COMPILER_HAS_HIDDEN_VISIBILITY
[1.024s] -- Performing Test COMPILER_HAS_HIDDEN_VISIBILITY - Success
[1.026s] -- Performing Test COMPILER_HAS_HIDDEN_INLINE_VISIBILITY
[1.079s] -- Performing Test COMPILER_HAS_HIDDEN_INLINE_VISIBILITY - Success
[1.079s] -- Performing Test COMPILER_HAS_DEPRECATED_ATTR
[1.127s] -- Performing Test COMPILER_HAS_DEPRECATED_ATTR - Success
[1.129s] -- Found ament_lint_auto: 0.12.10 (/opt/ros/humble/share/ament_lint_auto/cmake)
[1.186s] -- Found python_cmake_module: 0.10.0 (/opt/ros/humble/share/python_cmake_module/cmake)
[1.199s] -- Found PythonInterp: /usr/bin/python3 (found suitable version "3.10.12", minimum required is "3.6") 
[1.202s] -- Found PythonLibs: /usr/lib/x86_64-linux-gnu/libpython3.10.so (found suitable version "3.10.12", minimum required is "3.5") 
[1.203s] -- Using PYTHON_EXECUTABLE: /usr/bin/python3
[1.203s] -- Using PYTHON_INCLUDE_DIRS: /usr/include/python3.10
[1.203s] -- Using PYTHON_LIBRARIES: /usr/lib/x86_64-linux-gnu/libpython3.10.so
[1.216s] -- Found PythonExtra: .so  
[1.231s] -- Added test 'cppcheck' to perform static code analysis on C / C++ code
[1.231s] -- Configured cppcheck include dirs: $<BUILD_INTERFACE:/home/leomorningrain/code/sdk_mark2_mcnm_ws/src/teleop_twist_joy/include>
[1.231s] -- Configured cppcheck exclude dirs and/or files: 
[1.233s] -- Added test 'cpplint' to check C / C++ code against the Google style
[1.233s] -- Configured cpplint exclude dirs and/or files: 
[1.233s] -- Added test 'flake8' to check Python code syntax and style conventions
[1.234s] -- Added test 'lint_cmake' to check CMake code style
[1.234s] -- Added test 'pep257' to check Python code against some of the docstring style conventions in PEP 257
[1.236s] -- Added test 'uncrustify' to check C / C++ code style
[1.236s] -- Configured uncrustify additional arguments: 
[1.236s] -- Added test 'xmllint' to check XML markup files
[1.238s] -- Configuring done
[1.246s] -- Generating done
[1.247s] -- Build files have been written to: /home/leomorningrain/code/sdk_mark2_mcnm_ws/build/teleop_twist_joy
[1.253s] Invoked command in '/home/leomorningrain/code/sdk_mark2_mcnm_ws/build/teleop_twist_joy' returned '0': CMAKE_PREFIX_PATH=${CMAKE_PREFIX_PATH}:/opt/ros/humble /usr/bin/cmake /home/leomorningrain/code/sdk_mark2_mcnm_ws/src/teleop_twist_joy -DCMAKE_INSTALL_PREFIX=/home/leomorningrain/code/sdk_mark2_mcnm_ws/install/teleop_twist_joy
[1.255s] Invoking command in '/home/leomorningrain/code/sdk_mark2_mcnm_ws/build/teleop_twist_joy': CMAKE_PREFIX_PATH=${CMAKE_PREFIX_PATH}:/opt/ros/humble /usr/bin/cmake --build /home/leomorningrain/code/sdk_mark2_mcnm_ws/build/teleop_twist_joy -- -j32 -l32
[1.287s] [ 25%] [32mBuilding CXX object CMakeFiles/teleop_twist_joy.dir/src/teleop_twist_joy.cpp.o[0m
[7.085s] [ 50%] [32m[1mLinking CXX shared library libteleop_twist_joy.so[0m
[7.333s] [ 50%] Built target teleop_twist_joy
[7.345s] [ 75%] [32mBuilding CXX object CMakeFiles/teleop_twist_joy_node.dir/src/teleop_node.cpp.o[0m
[8.765s] [100%] [32m[1mLinking CXX executable teleop_node[0m
[8.883s] [100%] Built target teleop_twist_joy_node
[8.893s] Invoked command in '/home/leomorningrain/code/sdk_mark2_mcnm_ws/build/teleop_twist_joy' returned '0': CMAKE_PREFIX_PATH=${CMAKE_PREFIX_PATH}:/opt/ros/humble /usr/bin/cmake --build /home/leomorningrain/code/sdk_mark2_mcnm_ws/build/teleop_twist_joy -- -j32 -l32
[8.912s] Invoking command in '/home/leomorningrain/code/sdk_mark2_mcnm_ws/build/teleop_twist_joy': CMAKE_PREFIX_PATH=${CMAKE_PREFIX_PATH}:/opt/ros/humble /usr/bin/cmake --install /home/leomorningrain/code/sdk_mark2_mcnm_ws/build/teleop_twist_joy
[8.916s] -- Install configuration: ""
[8.917s] -- Installing: /home/leomorningrain/code/sdk_mark2_mcnm_ws/install/teleop_twist_joy/lib/libteleop_twist_joy.so
[8.920s] -- Set runtime path of "/home/leomorningrain/code/sdk_mark2_mcnm_ws/install/teleop_twist_joy/lib/libteleop_twist_joy.so" to ""
[8.920s] -- Installing: /home/leomorningrain/code/sdk_mark2_mcnm_ws/install/teleop_twist_joy/lib/teleop_twist_joy/teleop_node
[8.921s] -- Set runtime path of "/home/leomorningrain/code/sdk_mark2_mcnm_ws/install/teleop_twist_joy/lib/teleop_twist_joy/teleop_node" to ""
[8.921s] -- Installing: /home/leomorningrain/code/sdk_mark2_mcnm_ws/install/teleop_twist_joy/include/teleop_twist_joy
[8.921s] -- Installing: /home/leomorningrain/code/sdk_mark2_mcnm_ws/install/teleop_twist_joy/include/teleop_twist_joy/teleop_twist_joy
[8.921s] -- Installing: /home/leomorningrain/code/sdk_mark2_mcnm_ws/install/teleop_twist_joy/include/teleop_twist_joy/teleop_twist_joy/teleop_twist_joy.hpp
[8.921s] -- Installing: /home/leomorningrain/code/sdk_mark2_mcnm_ws/install/teleop_twist_joy/include/teleop_twist_joy/teleop_twist_joy/teleop_twist_joy_export.h
[8.921s] -- Installing: /home/leomorningrain/code/sdk_mark2_mcnm_ws/install/teleop_twist_joy/share/teleop_twist_joy/launch
[8.921s] -- Installing: /home/leomorningrain/code/sdk_mark2_mcnm_ws/install/teleop_twist_joy/share/teleop_twist_joy/launch/teleop-launch.py
[8.921s] -- Installing: /home/leomorningrain/code/sdk_mark2_mcnm_ws/install/teleop_twist_joy/share/teleop_twist_joy/config
[8.921s] -- Installing: /home/leomorningrain/code/sdk_mark2_mcnm_ws/install/teleop_twist_joy/share/teleop_twist_joy/config/ps3-holonomic.config.yaml
[8.921s] -- Installing: /home/leomorningrain/code/sdk_mark2_mcnm_ws/install/teleop_twist_joy/share/teleop_twist_joy/config/atk3.config.yaml
[8.921s] -- Installing: /home/leomorningrain/code/sdk_mark2_mcnm_ws/install/teleop_twist_joy/share/teleop_twist_joy/config/pdp.config.yaml
[8.921s] -- Installing: /home/leomorningrain/code/sdk_mark2_mcnm_ws/install/teleop_twist_joy/share/teleop_twist_joy/config/ps3.config.yaml
[8.921s] -- Installing: /home/leomorningrain/code/sdk_mark2_mcnm_ws/install/teleop_twist_joy/share/teleop_twist_joy/config/xbox.config.yaml
[8.921s] -- Installing: /home/leomorningrain/code/sdk_mark2_mcnm_ws/install/teleop_twist_joy/share/teleop_twist_joy/config/xd3.config.yaml
[8.921s] -- Installing: /home/leomorningrain/code/sdk_mark2_mcnm_ws/install/teleop_twist_joy/share/teleop_twist_joy/environment/library_path.sh
[8.921s] -- Installing: /home/leomorningrain/code/sdk_mark2_mcnm_ws/install/teleop_twist_joy/share/teleop_twist_joy/environment/library_path.dsv
[8.922s] -- Installing: /home/leomorningrain/code/sdk_mark2_mcnm_ws/install/teleop_twist_joy/share/ament_index/resource_index/package_run_dependencies/teleop_twist_joy
[8.922s] -- Installing: /home/leomorningrain/code/sdk_mark2_mcnm_ws/install/teleop_twist_joy/share/ament_index/resource_index/parent_prefix_path/teleop_twist_joy
[8.922s] -- Installing: /home/leomorningrain/code/sdk_mark2_mcnm_ws/install/teleop_twist_joy/share/teleop_twist_joy/environment/ament_prefix_path.sh
[8.922s] -- Installing: /home/leomorningrain/code/sdk_mark2_mcnm_ws/install/teleop_twist_joy/share/teleop_twist_joy/environment/ament_prefix_path.dsv
[8.922s] -- Installing: /home/leomorningrain/code/sdk_mark2_mcnm_ws/install/teleop_twist_joy/share/teleop_twist_joy/environment/path.sh
[8.922s] -- Installing: /home/leomorningrain/code/sdk_mark2_mcnm_ws/install/teleop_twist_joy/share/teleop_twist_joy/environment/path.dsv
[8.922s] -- Installing: /home/leomorningrain/code/sdk_mark2_mcnm_ws/install/teleop_twist_joy/share/teleop_twist_joy/local_setup.bash
[8.922s] -- Installing: /home/leomorningrain/code/sdk_mark2_mcnm_ws/install/teleop_twist_joy/share/teleop_twist_joy/local_setup.sh
[8.922s] -- Installing: /home/leomorningrain/code/sdk_mark2_mcnm_ws/install/teleop_twist_joy/share/teleop_twist_joy/local_setup.zsh
[8.922s] -- Installing: /home/leomorningrain/code/sdk_mark2_mcnm_ws/install/teleop_twist_joy/share/teleop_twist_joy/local_setup.dsv
[8.922s] -- Installing: /home/leomorningrain/code/sdk_mark2_mcnm_ws/install/teleop_twist_joy/share/teleop_twist_joy/package.dsv
[8.922s] -- Installing: /home/leomorningrain/code/sdk_mark2_mcnm_ws/install/teleop_twist_joy/share/ament_index/resource_index/packages/teleop_twist_joy
[8.922s] -- Installing: /home/leomorningrain/code/sdk_mark2_mcnm_ws/install/teleop_twist_joy/share/ament_index/resource_index/rclcpp_components/teleop_twist_joy
[8.922s] -- Installing: /home/leomorningrain/code/sdk_mark2_mcnm_ws/install/teleop_twist_joy/share/teleop_twist_joy/cmake/export_teleop_twist_joyExport.cmake
[8.922s] -- Installing: /home/leomorningrain/code/sdk_mark2_mcnm_ws/install/teleop_twist_joy/share/teleop_twist_joy/cmake/export_teleop_twist_joyExport-noconfig.cmake
[8.922s] -- Installing: /home/leomorningrain/code/sdk_mark2_mcnm_ws/install/teleop_twist_joy/share/teleop_twist_joy/cmake/ament_cmake_export_include_directories-extras.cmake
[8.922s] -- Installing: /home/leomorningrain/code/sdk_mark2_mcnm_ws/install/teleop_twist_joy/share/teleop_twist_joy/cmake/ament_cmake_export_libraries-extras.cmake
[8.922s] -- Installing: /home/leomorningrain/code/sdk_mark2_mcnm_ws/install/teleop_twist_joy/share/teleop_twist_joy/cmake/ament_cmake_export_targets-extras.cmake
[8.922s] -- Installing: /home/leomorningrain/code/sdk_mark2_mcnm_ws/install/teleop_twist_joy/share/teleop_twist_joy/cmake/teleop_twist_joyConfig.cmake
[8.922s] -- Installing: /home/leomorningrain/code/sdk_mark2_mcnm_ws/install/teleop_twist_joy/share/teleop_twist_joy/cmake/teleop_twist_joyConfig-version.cmake
[8.922s] -- Installing: /home/leomorningrain/code/sdk_mark2_mcnm_ws/install/teleop_twist_joy/share/teleop_twist_joy/package.xml
[8.923s] Invoked command in '/home/leomorningrain/code/sdk_mark2_mcnm_ws/build/teleop_twist_joy' returned '0': CMAKE_PREFIX_PATH=${CMAKE_PREFIX_PATH}:/opt/ros/humble /usr/bin/cmake --install /home/leomorningrain/code/sdk_mark2_mcnm_ws/build/teleop_twist_joy
