[0.048s] DEBUG:colcon:Command line arguments: ['/usr/bin/colcon', 'build']
[0.048s] DEBUG:colcon:Parsed command line arguments: Namespace(log_base=None, log_level=None, verb_name='build', build_base='build', install_base='install', merge_install=False, symlink_install=False, test_result_base=None, continue_on_error=False, executor='parallel', parallel_workers=32, event_handlers=None, ignore_user_meta=False, metas=['./colcon.meta'], base_paths=['.'], packages_ignore=None, packages_ignore_regex=None, paths=None, packages_up_to=None, packages_up_to_regex=None, packages_above=None, packages_above_and_dependencies=None, packages_above_depth=None, packages_select_by_dep=None, packages_skip_by_dep=None, packages_skip_up_to=None, packages_select_build_failed=False, packages_skip_build_finished=False, packages_select_test_failures=False, packages_skip_test_passed=False, packages_select=None, packages_skip=None, packages_select_regex=None, packages_skip_regex=None, packages_start=None, packages_end=None, allow_overriding=[], cmake_args=None, cmake_target=None, cmake_target_skip_unavailable=False, cmake_clean_cache=False, cmake_clean_first=False, cmake_force_configure=False, ament_cmake_args=None, catkin_cmake_args=None, catkin_skip_building_tests=False, verb_parser=<colcon_defaults.argument_parser.defaults.DefaultArgumentsDecorator object at 0x721789cb09a0>, verb_extension=<colcon_core.verb.build.BuildVerb object at 0x721789d9d600>, main=<bound method BuildVerb.main of <colcon_core.verb.build.BuildVerb object at 0x721789d9d600>>)
[0.121s] Level 1:colcon.colcon_core.package_discovery:discover_packages(colcon_meta) check parameters
[0.121s] Level 1:colcon.colcon_core.package_discovery:discover_packages(recursive) check parameters
[0.121s] Level 1:colcon.colcon_core.package_discovery:discover_packages(ignore) check parameters
[0.121s] Level 1:colcon.colcon_core.package_discovery:discover_packages(path) check parameters
[0.121s] Level 1:colcon.colcon_core.package_discovery:discover_packages(colcon_meta) discover
[0.121s] Level 1:colcon.colcon_core.package_discovery:discover_packages(recursive) discover
[0.121s] INFO:colcon.colcon_core.package_discovery:Crawling recursively for packages in '/home/leomorningrain/code/sdk_mark2_mcnm_ws'
[0.121s] Level 1:colcon.colcon_core.package_identification:_identify(.) by extensions ['ignore', 'ignore_ament_install']
[0.122s] Level 1:colcon.colcon_core.package_identification:_identify(.) by extension 'ignore'
[0.122s] Level 1:colcon.colcon_core.package_identification:_identify(.) by extension 'ignore_ament_install'
[0.122s] Level 1:colcon.colcon_core.package_identification:_identify(.) by extensions ['colcon_pkg']
[0.122s] Level 1:colcon.colcon_core.package_identification:_identify(.) by extension 'colcon_pkg'
[0.122s] Level 1:colcon.colcon_core.package_identification:_identify(.) by extensions ['colcon_meta']
[0.122s] Level 1:colcon.colcon_core.package_identification:_identify(.) by extension 'colcon_meta'
[0.122s] Level 1:colcon.colcon_core.package_identification:_identify(.) by extensions ['ros']
[0.122s] Level 1:colcon.colcon_core.package_identification:_identify(.) by extension 'ros'
[0.127s] Level 1:colcon.colcon_core.package_identification:_identify(.) by extensions ['cmake', 'python']
[0.127s] Level 1:colcon.colcon_core.package_identification:_identify(.) by extension 'cmake'
[0.127s] Level 1:colcon.colcon_core.package_identification:_identify(.) by extension 'python'
[0.127s] Level 1:colcon.colcon_core.package_identification:_identify(.) by extensions ['python_setup_py']
[0.127s] Level 1:colcon.colcon_core.package_identification:_identify(.) by extension 'python_setup_py'
[0.128s] Level 1:colcon.colcon_core.package_identification:_identify(build) by extensions ['ignore', 'ignore_ament_install']
[0.128s] Level 1:colcon.colcon_core.package_identification:_identify(build) by extension 'ignore'
[0.128s] Level 1:colcon.colcon_core.package_identification:_identify(build) ignored
[0.128s] Level 1:colcon.colcon_core.package_identification:_identify(install) by extensions ['ignore', 'ignore_ament_install']
[0.128s] Level 1:colcon.colcon_core.package_identification:_identify(install) by extension 'ignore'
[0.128s] Level 1:colcon.colcon_core.package_identification:_identify(install) ignored
[0.128s] Level 1:colcon.colcon_core.package_identification:_identify(log) by extensions ['ignore', 'ignore_ament_install']
[0.128s] Level 1:colcon.colcon_core.package_identification:_identify(log) by extension 'ignore'
[0.128s] Level 1:colcon.colcon_core.package_identification:_identify(log) ignored
[0.128s] Level 1:colcon.colcon_core.package_identification:_identify(src) by extensions ['ignore', 'ignore_ament_install']
[0.128s] Level 1:colcon.colcon_core.package_identification:_identify(src) by extension 'ignore'
[0.128s] Level 1:colcon.colcon_core.package_identification:_identify(src) by extension 'ignore_ament_install'
[0.128s] Level 1:colcon.colcon_core.package_identification:_identify(src) by extensions ['colcon_pkg']
[0.128s] Level 1:colcon.colcon_core.package_identification:_identify(src) by extension 'colcon_pkg'
[0.128s] Level 1:colcon.colcon_core.package_identification:_identify(src) by extensions ['colcon_meta']
[0.128s] Level 1:colcon.colcon_core.package_identification:_identify(src) by extension 'colcon_meta'
[0.128s] Level 1:colcon.colcon_core.package_identification:_identify(src) by extensions ['ros']
[0.128s] Level 1:colcon.colcon_core.package_identification:_identify(src) by extension 'ros'
[0.128s] Level 1:colcon.colcon_core.package_identification:_identify(src) by extensions ['cmake', 'python']
[0.128s] Level 1:colcon.colcon_core.package_identification:_identify(src) by extension 'cmake'
[0.128s] Level 1:colcon.colcon_core.package_identification:_identify(src) by extension 'python'
[0.128s] Level 1:colcon.colcon_core.package_identification:_identify(src) by extensions ['python_setup_py']
[0.128s] Level 1:colcon.colcon_core.package_identification:_identify(src) by extension 'python_setup_py'
[0.128s] Level 1:colcon.colcon_core.package_identification:_identify(src/articubot_one) by extensions ['ignore', 'ignore_ament_install']
[0.128s] Level 1:colcon.colcon_core.package_identification:_identify(src/articubot_one) by extension 'ignore'
[0.128s] Level 1:colcon.colcon_core.package_identification:_identify(src/articubot_one) by extension 'ignore_ament_install'
[0.128s] Level 1:colcon.colcon_core.package_identification:_identify(src/articubot_one) by extensions ['colcon_pkg']
[0.128s] Level 1:colcon.colcon_core.package_identification:_identify(src/articubot_one) by extension 'colcon_pkg'
[0.128s] Level 1:colcon.colcon_core.package_identification:_identify(src/articubot_one) by extensions ['colcon_meta']
[0.128s] Level 1:colcon.colcon_core.package_identification:_identify(src/articubot_one) by extension 'colcon_meta'
[0.128s] Level 1:colcon.colcon_core.package_identification:_identify(src/articubot_one) by extensions ['ros']
[0.128s] Level 1:colcon.colcon_core.package_identification:_identify(src/articubot_one) by extension 'ros'
[0.130s] DEBUG:colcon.colcon_core.package_identification:Package 'src/articubot_one' with type 'ros.ament_cmake' and name 'articubot_one'
[0.130s] Level 1:colcon.colcon_core.package_identification:_identify(src/base) by extensions ['ignore', 'ignore_ament_install']
[0.130s] Level 1:colcon.colcon_core.package_identification:_identify(src/base) by extension 'ignore'
[0.130s] Level 1:colcon.colcon_core.package_identification:_identify(src/base) by extension 'ignore_ament_install'
[0.130s] Level 1:colcon.colcon_core.package_identification:_identify(src/base) by extensions ['colcon_pkg']
[0.130s] Level 1:colcon.colcon_core.package_identification:_identify(src/base) by extension 'colcon_pkg'
[0.130s] Level 1:colcon.colcon_core.package_identification:_identify(src/base) by extensions ['colcon_meta']
[0.130s] Level 1:colcon.colcon_core.package_identification:_identify(src/base) by extension 'colcon_meta'
[0.130s] Level 1:colcon.colcon_core.package_identification:_identify(src/base) by extensions ['ros']
[0.130s] Level 1:colcon.colcon_core.package_identification:_identify(src/base) by extension 'ros'
[0.130s] Level 1:colcon.colcon_core.package_identification:_identify(src/base) by extensions ['cmake', 'python']
[0.130s] Level 1:colcon.colcon_core.package_identification:_identify(src/base) by extension 'cmake'
[0.130s] Level 1:colcon.colcon_core.package_identification:_identify(src/base) by extension 'python'
[0.130s] Level 1:colcon.colcon_core.package_identification:_identify(src/base) by extensions ['python_setup_py']
[0.130s] Level 1:colcon.colcon_core.package_identification:_identify(src/base) by extension 'python_setup_py'
[0.130s] Level 1:colcon.colcon_core.package_identification:_identify(src/base/xpkg_comm) by extensions ['ignore', 'ignore_ament_install']
[0.130s] Level 1:colcon.colcon_core.package_identification:_identify(src/base/xpkg_comm) by extension 'ignore'
[0.130s] Level 1:colcon.colcon_core.package_identification:_identify(src/base/xpkg_comm) by extension 'ignore_ament_install'
[0.130s] Level 1:colcon.colcon_core.package_identification:_identify(src/base/xpkg_comm) by extensions ['colcon_pkg']
[0.130s] Level 1:colcon.colcon_core.package_identification:_identify(src/base/xpkg_comm) by extension 'colcon_pkg'
[0.130s] Level 1:colcon.colcon_core.package_identification:_identify(src/base/xpkg_comm) by extensions ['colcon_meta']
[0.130s] Level 1:colcon.colcon_core.package_identification:_identify(src/base/xpkg_comm) by extension 'colcon_meta'
[0.130s] Level 1:colcon.colcon_core.package_identification:_identify(src/base/xpkg_comm) by extensions ['ros']
[0.130s] Level 1:colcon.colcon_core.package_identification:_identify(src/base/xpkg_comm) by extension 'ros'
[0.134s] DEBUG:colcon.colcon_core.package_identification:Package 'src/base/xpkg_comm' with type 'ros.ament_cmake' and name 'xpkg_comm'
[0.134s] Level 1:colcon.colcon_core.package_identification:_identify(src/base/xpkg_msgs) by extensions ['ignore', 'ignore_ament_install']
[0.134s] Level 1:colcon.colcon_core.package_identification:_identify(src/base/xpkg_msgs) by extension 'ignore'
[0.134s] Level 1:colcon.colcon_core.package_identification:_identify(src/base/xpkg_msgs) by extension 'ignore_ament_install'
[0.134s] Level 1:colcon.colcon_core.package_identification:_identify(src/base/xpkg_msgs) by extensions ['colcon_pkg']
[0.134s] Level 1:colcon.colcon_core.package_identification:_identify(src/base/xpkg_msgs) by extension 'colcon_pkg'
[0.134s] Level 1:colcon.colcon_core.package_identification:_identify(src/base/xpkg_msgs) by extensions ['colcon_meta']
[0.134s] Level 1:colcon.colcon_core.package_identification:_identify(src/base/xpkg_msgs) by extension 'colcon_meta'
[0.134s] Level 1:colcon.colcon_core.package_identification:_identify(src/base/xpkg_msgs) by extensions ['ros']
[0.134s] Level 1:colcon.colcon_core.package_identification:_identify(src/base/xpkg_msgs) by extension 'ros'
[0.141s] DEBUG:colcon.colcon_core.package_identification:Package 'src/base/xpkg_msgs' with type 'ros.ament_cmake' and name 'xpkg_msgs'
[0.141s] Level 1:colcon.colcon_core.package_identification:_identify(src/demo) by extensions ['ignore', 'ignore_ament_install']
[0.142s] Level 1:colcon.colcon_core.package_identification:_identify(src/demo) by extension 'ignore'
[0.142s] Level 1:colcon.colcon_core.package_identification:_identify(src/demo) by extension 'ignore_ament_install'
[0.142s] Level 1:colcon.colcon_core.package_identification:_identify(src/demo) by extensions ['colcon_pkg']
[0.142s] Level 1:colcon.colcon_core.package_identification:_identify(src/demo) by extension 'colcon_pkg'
[0.142s] Level 1:colcon.colcon_core.package_identification:_identify(src/demo) by extensions ['colcon_meta']
[0.142s] Level 1:colcon.colcon_core.package_identification:_identify(src/demo) by extension 'colcon_meta'
[0.142s] Level 1:colcon.colcon_core.package_identification:_identify(src/demo) by extensions ['ros']
[0.142s] Level 1:colcon.colcon_core.package_identification:_identify(src/demo) by extension 'ros'
[0.142s] Level 1:colcon.colcon_core.package_identification:_identify(src/demo) by extensions ['cmake', 'python']
[0.142s] Level 1:colcon.colcon_core.package_identification:_identify(src/demo) by extension 'cmake'
[0.142s] Level 1:colcon.colcon_core.package_identification:_identify(src/demo) by extension 'python'
[0.142s] Level 1:colcon.colcon_core.package_identification:_identify(src/demo) by extensions ['python_setup_py']
[0.142s] Level 1:colcon.colcon_core.package_identification:_identify(src/demo) by extension 'python_setup_py'
[0.142s] Level 1:colcon.colcon_core.package_identification:_identify(src/demo/demo_general_chassis) by extensions ['ignore', 'ignore_ament_install']
[0.142s] Level 1:colcon.colcon_core.package_identification:_identify(src/demo/demo_general_chassis) by extension 'ignore'
[0.142s] Level 1:colcon.colcon_core.package_identification:_identify(src/demo/demo_general_chassis) by extension 'ignore_ament_install'
[0.142s] Level 1:colcon.colcon_core.package_identification:_identify(src/demo/demo_general_chassis) by extensions ['colcon_pkg']
[0.142s] Level 1:colcon.colcon_core.package_identification:_identify(src/demo/demo_general_chassis) by extension 'colcon_pkg'
[0.142s] Level 1:colcon.colcon_core.package_identification:_identify(src/demo/demo_general_chassis) by extensions ['colcon_meta']
[0.142s] Level 1:colcon.colcon_core.package_identification:_identify(src/demo/demo_general_chassis) by extension 'colcon_meta'
[0.142s] Level 1:colcon.colcon_core.package_identification:_identify(src/demo/demo_general_chassis) by extensions ['ros']
[0.142s] Level 1:colcon.colcon_core.package_identification:_identify(src/demo/demo_general_chassis) by extension 'ros'
[0.143s] DEBUG:colcon.colcon_core.package_identification:Package 'src/demo/demo_general_chassis' with type 'ros.ament_cmake' and name 'xpkg_demo'
[0.144s] Level 1:colcon.colcon_core.package_identification:_identify(src/drivers) by extensions ['ignore', 'ignore_ament_install']
[0.144s] Level 1:colcon.colcon_core.package_identification:_identify(src/drivers) by extension 'ignore'
[0.144s] Level 1:colcon.colcon_core.package_identification:_identify(src/drivers) by extension 'ignore_ament_install'
[0.144s] Level 1:colcon.colcon_core.package_identification:_identify(src/drivers) by extensions ['colcon_pkg']
[0.144s] Level 1:colcon.colcon_core.package_identification:_identify(src/drivers) by extension 'colcon_pkg'
[0.144s] Level 1:colcon.colcon_core.package_identification:_identify(src/drivers) by extensions ['colcon_meta']
[0.144s] Level 1:colcon.colcon_core.package_identification:_identify(src/drivers) by extension 'colcon_meta'
[0.144s] Level 1:colcon.colcon_core.package_identification:_identify(src/drivers) by extensions ['ros']
[0.144s] Level 1:colcon.colcon_core.package_identification:_identify(src/drivers) by extension 'ros'
[0.144s] Level 1:colcon.colcon_core.package_identification:_identify(src/drivers) by extensions ['cmake', 'python']
[0.144s] Level 1:colcon.colcon_core.package_identification:_identify(src/drivers) by extension 'cmake'
[0.144s] Level 1:colcon.colcon_core.package_identification:_identify(src/drivers) by extension 'python'
[0.144s] Level 1:colcon.colcon_core.package_identification:_identify(src/drivers) by extensions ['python_setup_py']
[0.144s] Level 1:colcon.colcon_core.package_identification:_identify(src/drivers) by extension 'python_setup_py'
[0.144s] Level 1:colcon.colcon_core.package_identification:_identify(src/drivers/xpkg_vehicle) by extensions ['ignore', 'ignore_ament_install']
[0.144s] Level 1:colcon.colcon_core.package_identification:_identify(src/drivers/xpkg_vehicle) by extension 'ignore'
[0.144s] Level 1:colcon.colcon_core.package_identification:_identify(src/drivers/xpkg_vehicle) by extension 'ignore_ament_install'
[0.144s] Level 1:colcon.colcon_core.package_identification:_identify(src/drivers/xpkg_vehicle) by extensions ['colcon_pkg']
[0.144s] Level 1:colcon.colcon_core.package_identification:_identify(src/drivers/xpkg_vehicle) by extension 'colcon_pkg'
[0.144s] Level 1:colcon.colcon_core.package_identification:_identify(src/drivers/xpkg_vehicle) by extensions ['colcon_meta']
[0.144s] Level 1:colcon.colcon_core.package_identification:_identify(src/drivers/xpkg_vehicle) by extension 'colcon_meta'
[0.144s] Level 1:colcon.colcon_core.package_identification:_identify(src/drivers/xpkg_vehicle) by extensions ['ros']
[0.144s] Level 1:colcon.colcon_core.package_identification:_identify(src/drivers/xpkg_vehicle) by extension 'ros'
[0.150s] DEBUG:colcon.colcon_core.package_identification:Package 'src/drivers/xpkg_vehicle' with type 'ros.ament_cmake' and name 'xpkg_vehicle'
[0.150s] Level 1:colcon.colcon_core.package_identification:_identify(src/urdf) by extensions ['ignore', 'ignore_ament_install']
[0.150s] Level 1:colcon.colcon_core.package_identification:_identify(src/urdf) by extension 'ignore'
[0.150s] Level 1:colcon.colcon_core.package_identification:_identify(src/urdf) by extension 'ignore_ament_install'
[0.150s] Level 1:colcon.colcon_core.package_identification:_identify(src/urdf) by extensions ['colcon_pkg']
[0.150s] Level 1:colcon.colcon_core.package_identification:_identify(src/urdf) by extension 'colcon_pkg'
[0.150s] Level 1:colcon.colcon_core.package_identification:_identify(src/urdf) by extensions ['colcon_meta']
[0.150s] Level 1:colcon.colcon_core.package_identification:_identify(src/urdf) by extension 'colcon_meta'
[0.150s] Level 1:colcon.colcon_core.package_identification:_identify(src/urdf) by extensions ['ros']
[0.150s] Level 1:colcon.colcon_core.package_identification:_identify(src/urdf) by extension 'ros'
[0.150s] Level 1:colcon.colcon_core.package_identification:_identify(src/urdf) by extensions ['cmake', 'python']
[0.150s] Level 1:colcon.colcon_core.package_identification:_identify(src/urdf) by extension 'cmake'
[0.150s] Level 1:colcon.colcon_core.package_identification:_identify(src/urdf) by extension 'python'
[0.150s] Level 1:colcon.colcon_core.package_identification:_identify(src/urdf) by extensions ['python_setup_py']
[0.150s] Level 1:colcon.colcon_core.package_identification:_identify(src/urdf) by extension 'python_setup_py'
[0.150s] Level 1:colcon.colcon_core.package_identification:_identify(src/urdf/xpkg_urdf_mark2_mcnm) by extensions ['ignore', 'ignore_ament_install']
[0.150s] Level 1:colcon.colcon_core.package_identification:_identify(src/urdf/xpkg_urdf_mark2_mcnm) by extension 'ignore'
[0.150s] Level 1:colcon.colcon_core.package_identification:_identify(src/urdf/xpkg_urdf_mark2_mcnm) by extension 'ignore_ament_install'
[0.150s] Level 1:colcon.colcon_core.package_identification:_identify(src/urdf/xpkg_urdf_mark2_mcnm) by extensions ['colcon_pkg']
[0.150s] Level 1:colcon.colcon_core.package_identification:_identify(src/urdf/xpkg_urdf_mark2_mcnm) by extension 'colcon_pkg'
[0.150s] Level 1:colcon.colcon_core.package_identification:_identify(src/urdf/xpkg_urdf_mark2_mcnm) by extensions ['colcon_meta']
[0.150s] Level 1:colcon.colcon_core.package_identification:_identify(src/urdf/xpkg_urdf_mark2_mcnm) by extension 'colcon_meta'
[0.150s] Level 1:colcon.colcon_core.package_identification:_identify(src/urdf/xpkg_urdf_mark2_mcnm) by extensions ['ros']
[0.150s] Level 1:colcon.colcon_core.package_identification:_identify(src/urdf/xpkg_urdf_mark2_mcnm) by extension 'ros'
[0.153s] DEBUG:colcon.colcon_core.package_identification:Package 'src/urdf/xpkg_urdf_mark2_mcnm' with type 'ros.ament_cmake' and name 'xpkg_urdf_mark2_mcnm'
[0.153s] Level 1:colcon.colcon_core.package_discovery:discover_packages(recursive) using defaults
[0.153s] Level 1:colcon.colcon_core.package_discovery:discover_packages(ignore) discover
[0.153s] Level 1:colcon.colcon_core.package_discovery:discover_packages(ignore) using defaults
[0.153s] Level 1:colcon.colcon_core.package_discovery:discover_packages(path) discover
[0.153s] Level 1:colcon.colcon_core.package_discovery:discover_packages(path) using defaults
[0.164s] Level 1:colcon.colcon_core.package_discovery:discover_packages(prefix_path) check parameters
[0.164s] Level 1:colcon.colcon_core.package_discovery:discover_packages(prefix_path) discover
[0.165s] DEBUG:colcon.colcon_installed_package_information.package_discovery:Found 341 installed packages in /opt/ros/humble
[0.166s] Level 1:colcon.colcon_core.package_discovery:discover_packages(prefix_path) using defaults
[0.187s] Level 5:colcon.colcon_core.verb:set package 'articubot_one' build argument 'cmake_args' from command line to 'None'
[0.187s] Level 5:colcon.colcon_core.verb:set package 'articubot_one' build argument 'cmake_target' from command line to 'None'
[0.187s] Level 5:colcon.colcon_core.verb:set package 'articubot_one' build argument 'cmake_target_skip_unavailable' from command line to 'False'
[0.187s] Level 5:colcon.colcon_core.verb:set package 'articubot_one' build argument 'cmake_clean_cache' from command line to 'False'
[0.187s] Level 5:colcon.colcon_core.verb:set package 'articubot_one' build argument 'cmake_clean_first' from command line to 'False'
[0.187s] Level 5:colcon.colcon_core.verb:set package 'articubot_one' build argument 'cmake_force_configure' from command line to 'False'
[0.187s] Level 5:colcon.colcon_core.verb:set package 'articubot_one' build argument 'ament_cmake_args' from command line to 'None'
[0.187s] Level 5:colcon.colcon_core.verb:set package 'articubot_one' build argument 'catkin_cmake_args' from command line to 'None'
[0.187s] Level 5:colcon.colcon_core.verb:set package 'articubot_one' build argument 'catkin_skip_building_tests' from command line to 'False'
[0.187s] DEBUG:colcon.colcon_core.verb:Building package 'articubot_one' with the following arguments: {'ament_cmake_args': None, 'build_base': '/home/leomorningrain/code/sdk_mark2_mcnm_ws/build/articubot_one', 'catkin_cmake_args': None, 'catkin_skip_building_tests': False, 'cmake_args': None, 'cmake_clean_cache': False, 'cmake_clean_first': False, 'cmake_force_configure': False, 'cmake_target': None, 'cmake_target_skip_unavailable': False, 'install_base': '/home/leomorningrain/code/sdk_mark2_mcnm_ws/install/articubot_one', 'merge_install': False, 'path': '/home/leomorningrain/code/sdk_mark2_mcnm_ws/src/articubot_one', 'symlink_install': False, 'test_result_base': None}
[0.187s] Level 5:colcon.colcon_core.verb:set package 'xpkg_demo' build argument 'cmake_args' from command line to 'None'
[0.187s] Level 5:colcon.colcon_core.verb:set package 'xpkg_demo' build argument 'cmake_target' from command line to 'None'
[0.187s] Level 5:colcon.colcon_core.verb:set package 'xpkg_demo' build argument 'cmake_target_skip_unavailable' from command line to 'False'
[0.187s] Level 5:colcon.colcon_core.verb:set package 'xpkg_demo' build argument 'cmake_clean_cache' from command line to 'False'
[0.187s] Level 5:colcon.colcon_core.verb:set package 'xpkg_demo' build argument 'cmake_clean_first' from command line to 'False'
[0.187s] Level 5:colcon.colcon_core.verb:set package 'xpkg_demo' build argument 'cmake_force_configure' from command line to 'False'
[0.187s] Level 5:colcon.colcon_core.verb:set package 'xpkg_demo' build argument 'ament_cmake_args' from command line to 'None'
[0.187s] Level 5:colcon.colcon_core.verb:set package 'xpkg_demo' build argument 'catkin_cmake_args' from command line to 'None'
[0.187s] Level 5:colcon.colcon_core.verb:set package 'xpkg_demo' build argument 'catkin_skip_building_tests' from command line to 'False'
[0.187s] DEBUG:colcon.colcon_core.verb:Building package 'xpkg_demo' with the following arguments: {'ament_cmake_args': None, 'build_base': '/home/leomorningrain/code/sdk_mark2_mcnm_ws/build/xpkg_demo', 'catkin_cmake_args': None, 'catkin_skip_building_tests': False, 'cmake_args': None, 'cmake_clean_cache': False, 'cmake_clean_first': False, 'cmake_force_configure': False, 'cmake_target': None, 'cmake_target_skip_unavailable': False, 'install_base': '/home/leomorningrain/code/sdk_mark2_mcnm_ws/install/xpkg_demo', 'merge_install': False, 'path': '/home/leomorningrain/code/sdk_mark2_mcnm_ws/src/demo/demo_general_chassis', 'symlink_install': False, 'test_result_base': None}
[0.187s] Level 5:colcon.colcon_core.verb:set package 'xpkg_msgs' build argument 'cmake_args' from command line to 'None'
[0.187s] Level 5:colcon.colcon_core.verb:set package 'xpkg_msgs' build argument 'cmake_target' from command line to 'None'
[0.187s] Level 5:colcon.colcon_core.verb:set package 'xpkg_msgs' build argument 'cmake_target_skip_unavailable' from command line to 'False'
[0.187s] Level 5:colcon.colcon_core.verb:set package 'xpkg_msgs' build argument 'cmake_clean_cache' from command line to 'False'
[0.187s] Level 5:colcon.colcon_core.verb:set package 'xpkg_msgs' build argument 'cmake_clean_first' from command line to 'False'
[0.187s] Level 5:colcon.colcon_core.verb:set package 'xpkg_msgs' build argument 'cmake_force_configure' from command line to 'False'
[0.187s] Level 5:colcon.colcon_core.verb:set package 'xpkg_msgs' build argument 'ament_cmake_args' from command line to 'None'
[0.187s] Level 5:colcon.colcon_core.verb:set package 'xpkg_msgs' build argument 'catkin_cmake_args' from command line to 'None'
[0.187s] Level 5:colcon.colcon_core.verb:set package 'xpkg_msgs' build argument 'catkin_skip_building_tests' from command line to 'False'
[0.187s] DEBUG:colcon.colcon_core.verb:Building package 'xpkg_msgs' with the following arguments: {'ament_cmake_args': None, 'build_base': '/home/leomorningrain/code/sdk_mark2_mcnm_ws/build/xpkg_msgs', 'catkin_cmake_args': None, 'catkin_skip_building_tests': False, 'cmake_args': None, 'cmake_clean_cache': False, 'cmake_clean_first': False, 'cmake_force_configure': False, 'cmake_target': None, 'cmake_target_skip_unavailable': False, 'install_base': '/home/leomorningrain/code/sdk_mark2_mcnm_ws/install/xpkg_msgs', 'merge_install': False, 'path': '/home/leomorningrain/code/sdk_mark2_mcnm_ws/src/base/xpkg_msgs', 'symlink_install': False, 'test_result_base': None}
[0.187s] Level 5:colcon.colcon_core.verb:set package 'xpkg_urdf_mark2_mcnm' build argument 'cmake_args' from command line to 'None'
[0.187s] Level 5:colcon.colcon_core.verb:set package 'xpkg_urdf_mark2_mcnm' build argument 'cmake_target' from command line to 'None'
[0.187s] Level 5:colcon.colcon_core.verb:set package 'xpkg_urdf_mark2_mcnm' build argument 'cmake_target_skip_unavailable' from command line to 'False'
[0.187s] Level 5:colcon.colcon_core.verb:set package 'xpkg_urdf_mark2_mcnm' build argument 'cmake_clean_cache' from command line to 'False'
[0.187s] Level 5:colcon.colcon_core.verb:set package 'xpkg_urdf_mark2_mcnm' build argument 'cmake_clean_first' from command line to 'False'
[0.188s] Level 5:colcon.colcon_core.verb:set package 'xpkg_urdf_mark2_mcnm' build argument 'cmake_force_configure' from command line to 'False'
[0.188s] Level 5:colcon.colcon_core.verb:set package 'xpkg_urdf_mark2_mcnm' build argument 'ament_cmake_args' from command line to 'None'
[0.188s] Level 5:colcon.colcon_core.verb:set package 'xpkg_urdf_mark2_mcnm' build argument 'catkin_cmake_args' from command line to 'None'
[0.188s] Level 5:colcon.colcon_core.verb:set package 'xpkg_urdf_mark2_mcnm' build argument 'catkin_skip_building_tests' from command line to 'False'
[0.188s] DEBUG:colcon.colcon_core.verb:Building package 'xpkg_urdf_mark2_mcnm' with the following arguments: {'ament_cmake_args': None, 'build_base': '/home/leomorningrain/code/sdk_mark2_mcnm_ws/build/xpkg_urdf_mark2_mcnm', 'catkin_cmake_args': None, 'catkin_skip_building_tests': False, 'cmake_args': None, 'cmake_clean_cache': False, 'cmake_clean_first': False, 'cmake_force_configure': False, 'cmake_target': None, 'cmake_target_skip_unavailable': False, 'install_base': '/home/leomorningrain/code/sdk_mark2_mcnm_ws/install/xpkg_urdf_mark2_mcnm', 'merge_install': False, 'path': '/home/leomorningrain/code/sdk_mark2_mcnm_ws/src/urdf/xpkg_urdf_mark2_mcnm', 'symlink_install': False, 'test_result_base': None}
[0.188s] Level 5:colcon.colcon_core.verb:set package 'xpkg_comm' build argument 'cmake_args' from command line to 'None'
[0.188s] Level 5:colcon.colcon_core.verb:set package 'xpkg_comm' build argument 'cmake_target' from command line to 'None'
[0.188s] Level 5:colcon.colcon_core.verb:set package 'xpkg_comm' build argument 'cmake_target_skip_unavailable' from command line to 'False'
[0.188s] Level 5:colcon.colcon_core.verb:set package 'xpkg_comm' build argument 'cmake_clean_cache' from command line to 'False'
[0.188s] Level 5:colcon.colcon_core.verb:set package 'xpkg_comm' build argument 'cmake_clean_first' from command line to 'False'
[0.188s] Level 5:colcon.colcon_core.verb:set package 'xpkg_comm' build argument 'cmake_force_configure' from command line to 'False'
[0.188s] Level 5:colcon.colcon_core.verb:set package 'xpkg_comm' build argument 'ament_cmake_args' from command line to 'None'
[0.188s] Level 5:colcon.colcon_core.verb:set package 'xpkg_comm' build argument 'catkin_cmake_args' from command line to 'None'
[0.188s] Level 5:colcon.colcon_core.verb:set package 'xpkg_comm' build argument 'catkin_skip_building_tests' from command line to 'False'
[0.188s] DEBUG:colcon.colcon_core.verb:Building package 'xpkg_comm' with the following arguments: {'ament_cmake_args': None, 'build_base': '/home/leomorningrain/code/sdk_mark2_mcnm_ws/build/xpkg_comm', 'catkin_cmake_args': None, 'catkin_skip_building_tests': False, 'cmake_args': None, 'cmake_clean_cache': False, 'cmake_clean_first': False, 'cmake_force_configure': False, 'cmake_target': None, 'cmake_target_skip_unavailable': False, 'install_base': '/home/leomorningrain/code/sdk_mark2_mcnm_ws/install/xpkg_comm', 'merge_install': False, 'path': '/home/leomorningrain/code/sdk_mark2_mcnm_ws/src/base/xpkg_comm', 'symlink_install': False, 'test_result_base': None}
[0.188s] Level 5:colcon.colcon_core.verb:set package 'xpkg_vehicle' build argument 'cmake_args' from command line to 'None'
[0.188s] Level 5:colcon.colcon_core.verb:set package 'xpkg_vehicle' build argument 'cmake_target' from command line to 'None'
[0.188s] Level 5:colcon.colcon_core.verb:set package 'xpkg_vehicle' build argument 'cmake_target_skip_unavailable' from command line to 'False'
[0.188s] Level 5:colcon.colcon_core.verb:set package 'xpkg_vehicle' build argument 'cmake_clean_cache' from command line to 'False'
[0.188s] Level 5:colcon.colcon_core.verb:set package 'xpkg_vehicle' build argument 'cmake_clean_first' from command line to 'False'
[0.188s] Level 5:colcon.colcon_core.verb:set package 'xpkg_vehicle' build argument 'cmake_force_configure' from command line to 'False'
[0.188s] Level 5:colcon.colcon_core.verb:set package 'xpkg_vehicle' build argument 'ament_cmake_args' from command line to 'None'
[0.188s] Level 5:colcon.colcon_core.verb:set package 'xpkg_vehicle' build argument 'catkin_cmake_args' from command line to 'None'
[0.188s] Level 5:colcon.colcon_core.verb:set package 'xpkg_vehicle' build argument 'catkin_skip_building_tests' from command line to 'False'
[0.188s] DEBUG:colcon.colcon_core.verb:Building package 'xpkg_vehicle' with the following arguments: {'ament_cmake_args': None, 'build_base': '/home/leomorningrain/code/sdk_mark2_mcnm_ws/build/xpkg_vehicle', 'catkin_cmake_args': None, 'catkin_skip_building_tests': False, 'cmake_args': None, 'cmake_clean_cache': False, 'cmake_clean_first': False, 'cmake_force_configure': False, 'cmake_target': None, 'cmake_target_skip_unavailable': False, 'install_base': '/home/leomorningrain/code/sdk_mark2_mcnm_ws/install/xpkg_vehicle', 'merge_install': False, 'path': '/home/leomorningrain/code/sdk_mark2_mcnm_ws/src/drivers/xpkg_vehicle', 'symlink_install': False, 'test_result_base': None}
[0.188s] INFO:colcon.colcon_core.executor:Executing jobs using 'parallel' executor
[0.189s] DEBUG:colcon.colcon_parallel_executor.executor.parallel:run_until_complete
[0.189s] INFO:colcon.colcon_ros.task.ament_cmake.build:Building ROS package in '/home/leomorningrain/code/sdk_mark2_mcnm_ws/src/base/xpkg_msgs' with build type 'ament_cmake'
[0.189s] INFO:colcon.colcon_cmake.task.cmake.build:Building CMake package in '/home/leomorningrain/code/sdk_mark2_mcnm_ws/src/base/xpkg_msgs'
[0.190s] INFO:colcon.colcon_core.plugin_system:Skipping extension 'colcon_core.shell.bat': Not used on non-Windows systems
[0.190s] INFO:colcon.colcon_core.shell:Skip shell extension 'powershell' for command environment: Not usable outside of PowerShell
[0.190s] DEBUG:colcon.colcon_core.shell:Skip shell extension 'dsv' for command environment
[0.192s] INFO:colcon.colcon_ros.task.ament_cmake.build:Building ROS package in '/home/leomorningrain/code/sdk_mark2_mcnm_ws/src/articubot_one' with build type 'ament_cmake'
[0.192s] INFO:colcon.colcon_cmake.task.cmake.build:Building CMake package in '/home/leomorningrain/code/sdk_mark2_mcnm_ws/src/articubot_one'
[0.192s] INFO:colcon.colcon_core.shell:Skip shell extension 'powershell' for command environment: Not usable outside of PowerShell
[0.192s] DEBUG:colcon.colcon_core.shell:Skip shell extension 'dsv' for command environment
[0.193s] INFO:colcon.colcon_ros.task.ament_cmake.build:Building ROS package in '/home/leomorningrain/code/sdk_mark2_mcnm_ws/src/demo/demo_general_chassis' with build type 'ament_cmake'
[0.193s] INFO:colcon.colcon_cmake.task.cmake.build:Building CMake package in '/home/leomorningrain/code/sdk_mark2_mcnm_ws/src/demo/demo_general_chassis'
[0.193s] INFO:colcon.colcon_core.shell:Skip shell extension 'powershell' for command environment: Not usable outside of PowerShell
[0.193s] DEBUG:colcon.colcon_core.shell:Skip shell extension 'dsv' for command environment
[0.195s] INFO:colcon.colcon_ros.task.ament_cmake.build:Building ROS package in '/home/leomorningrain/code/sdk_mark2_mcnm_ws/src/urdf/xpkg_urdf_mark2_mcnm' with build type 'ament_cmake'
[0.195s] INFO:colcon.colcon_cmake.task.cmake.build:Building CMake package in '/home/leomorningrain/code/sdk_mark2_mcnm_ws/src/urdf/xpkg_urdf_mark2_mcnm'
[0.195s] INFO:colcon.colcon_core.shell:Skip shell extension 'powershell' for command environment: Not usable outside of PowerShell
[0.195s] DEBUG:colcon.colcon_core.shell:Skip shell extension 'dsv' for command environment
[0.199s] DEBUG:colcon.colcon_core.event_handler.log_command:Invoking command in '/home/leomorningrain/code/sdk_mark2_mcnm_ws/build/xpkg_msgs': CMAKE_PREFIX_PATH=/opt/ros/humble /usr/bin/cmake --build /home/leomorningrain/code/sdk_mark2_mcnm_ws/build/xpkg_msgs -- -j32 -l32
[0.200s] DEBUG:colcon.colcon_core.event_handler.log_command:Invoking command in '/home/leomorningrain/code/sdk_mark2_mcnm_ws/build/articubot_one': CMAKE_PREFIX_PATH=/opt/ros/humble /usr/bin/cmake --build /home/leomorningrain/code/sdk_mark2_mcnm_ws/build/articubot_one -- -j32 -l32
[0.202s] DEBUG:colcon.colcon_core.event_handler.log_command:Invoking command in '/home/leomorningrain/code/sdk_mark2_mcnm_ws/build/xpkg_demo': CMAKE_PREFIX_PATH=/opt/ros/humble /usr/bin/cmake --build /home/leomorningrain/code/sdk_mark2_mcnm_ws/build/xpkg_demo -- -j32 -l32
[0.204s] DEBUG:colcon.colcon_core.event_handler.log_command:Invoking command in '/home/leomorningrain/code/sdk_mark2_mcnm_ws/build/xpkg_urdf_mark2_mcnm': CMAKE_PREFIX_PATH=/opt/ros/humble /usr/bin/cmake --build /home/leomorningrain/code/sdk_mark2_mcnm_ws/build/xpkg_urdf_mark2_mcnm -- -j32 -l32
[0.220s] DEBUG:colcon.colcon_core.event_handler.log_command:Invoked command in '/home/leomorningrain/code/sdk_mark2_mcnm_ws/build/articubot_one' returned '0': CMAKE_PREFIX_PATH=/opt/ros/humble /usr/bin/cmake --build /home/leomorningrain/code/sdk_mark2_mcnm_ws/build/articubot_one -- -j32 -l32
[0.222s] DEBUG:colcon.colcon_core.event_handler.log_command:Invoked command in '/home/leomorningrain/code/sdk_mark2_mcnm_ws/build/xpkg_demo' returned '0': CMAKE_PREFIX_PATH=/opt/ros/humble /usr/bin/cmake --build /home/leomorningrain/code/sdk_mark2_mcnm_ws/build/xpkg_demo -- -j32 -l32
[0.223s] DEBUG:colcon.colcon_core.event_handler.log_command:Invoked command in '/home/leomorningrain/code/sdk_mark2_mcnm_ws/build/xpkg_urdf_mark2_mcnm' returned '0': CMAKE_PREFIX_PATH=/opt/ros/humble /usr/bin/cmake --build /home/leomorningrain/code/sdk_mark2_mcnm_ws/build/xpkg_urdf_mark2_mcnm -- -j32 -l32
[0.240s] DEBUG:colcon.colcon_core.event_handler.log_command:Invoking command in '/home/leomorningrain/code/sdk_mark2_mcnm_ws/build/xpkg_urdf_mark2_mcnm': CMAKE_PREFIX_PATH=/opt/ros/humble /usr/bin/cmake --install /home/leomorningrain/code/sdk_mark2_mcnm_ws/build/xpkg_urdf_mark2_mcnm
[0.242s] DEBUG:colcon.colcon_core.event_handler.log_command:Invoking command in '/home/leomorningrain/code/sdk_mark2_mcnm_ws/build/articubot_one': CMAKE_PREFIX_PATH=/opt/ros/humble /usr/bin/cmake --install /home/leomorningrain/code/sdk_mark2_mcnm_ws/build/articubot_one
[0.243s] DEBUG:colcon.colcon_core.event_handler.log_command:Invoking command in '/home/leomorningrain/code/sdk_mark2_mcnm_ws/build/xpkg_demo': CMAKE_PREFIX_PATH=/opt/ros/humble /usr/bin/cmake --install /home/leomorningrain/code/sdk_mark2_mcnm_ws/build/xpkg_demo
[0.246s] Level 1:colcon.colcon_core.environment:create_environment_scripts_only(xpkg_urdf_mark2_mcnm)
[0.251s] Level 1:colcon.colcon_core.environment:checking '/home/leomorningrain/code/sdk_mark2_mcnm_ws/install/xpkg_urdf_mark2_mcnm' for CMake module files
[0.251s] DEBUG:colcon.colcon_core.event_handler.log_command:Invoked command in '/home/leomorningrain/code/sdk_mark2_mcnm_ws/build/xpkg_urdf_mark2_mcnm' returned '0': CMAKE_PREFIX_PATH=/opt/ros/humble /usr/bin/cmake --install /home/leomorningrain/code/sdk_mark2_mcnm_ws/build/xpkg_urdf_mark2_mcnm
[0.252s] Level 1:colcon.colcon_core.environment:checking '/home/leomorningrain/code/sdk_mark2_mcnm_ws/install/xpkg_urdf_mark2_mcnm' for CMake config files
[0.253s] Level 1:colcon.colcon_core.shell:create_environment_hook('xpkg_urdf_mark2_mcnm', 'cmake_prefix_path')
[0.253s] INFO:colcon.colcon_core.shell:Creating environment hook '/home/leomorningrain/code/sdk_mark2_mcnm_ws/install/xpkg_urdf_mark2_mcnm/share/xpkg_urdf_mark2_mcnm/hook/cmake_prefix_path.ps1'
[0.255s] INFO:colcon.colcon_core.shell:Creating environment descriptor '/home/leomorningrain/code/sdk_mark2_mcnm_ws/install/xpkg_urdf_mark2_mcnm/share/xpkg_urdf_mark2_mcnm/hook/cmake_prefix_path.dsv'
[0.255s] INFO:colcon.colcon_core.shell:Creating environment hook '/home/leomorningrain/code/sdk_mark2_mcnm_ws/install/xpkg_urdf_mark2_mcnm/share/xpkg_urdf_mark2_mcnm/hook/cmake_prefix_path.sh'
[0.256s] Level 1:colcon.colcon_core.environment:checking '/home/leomorningrain/code/sdk_mark2_mcnm_ws/install/xpkg_urdf_mark2_mcnm/bin'
[0.256s] Level 1:colcon.colcon_core.environment:checking '/home/leomorningrain/code/sdk_mark2_mcnm_ws/install/xpkg_urdf_mark2_mcnm/lib/pkgconfig/xpkg_urdf_mark2_mcnm.pc'
[0.256s] Level 1:colcon.colcon_core.environment:checking '/home/leomorningrain/code/sdk_mark2_mcnm_ws/install/xpkg_urdf_mark2_mcnm/lib/python3.10/site-packages'
[0.256s] Level 1:colcon.colcon_core.environment:checking '/home/leomorningrain/code/sdk_mark2_mcnm_ws/install/xpkg_urdf_mark2_mcnm/bin'
[0.257s] INFO:colcon.colcon_core.shell:Creating package script '/home/leomorningrain/code/sdk_mark2_mcnm_ws/install/xpkg_urdf_mark2_mcnm/share/xpkg_urdf_mark2_mcnm/package.ps1'
[0.257s] INFO:colcon.colcon_core.shell:Creating package descriptor '/home/leomorningrain/code/sdk_mark2_mcnm_ws/install/xpkg_urdf_mark2_mcnm/share/xpkg_urdf_mark2_mcnm/package.dsv'
[0.258s] INFO:colcon.colcon_core.shell:Creating package script '/home/leomorningrain/code/sdk_mark2_mcnm_ws/install/xpkg_urdf_mark2_mcnm/share/xpkg_urdf_mark2_mcnm/package.sh'
[0.259s] INFO:colcon.colcon_core.shell:Creating package script '/home/leomorningrain/code/sdk_mark2_mcnm_ws/install/xpkg_urdf_mark2_mcnm/share/xpkg_urdf_mark2_mcnm/package.bash'
[0.259s] INFO:colcon.colcon_core.shell:Creating package script '/home/leomorningrain/code/sdk_mark2_mcnm_ws/install/xpkg_urdf_mark2_mcnm/share/xpkg_urdf_mark2_mcnm/package.zsh'
[0.260s] Level 1:colcon.colcon_core.environment:create_file_with_runtime_dependencies(/home/leomorningrain/code/sdk_mark2_mcnm_ws/install/xpkg_urdf_mark2_mcnm/share/colcon-core/packages/xpkg_urdf_mark2_mcnm)
[0.261s] Level 1:colcon.colcon_core.environment:create_environment_scripts_only(articubot_one)
[0.262s] Level 1:colcon.colcon_core.environment:checking '/home/leomorningrain/code/sdk_mark2_mcnm_ws/install/articubot_one' for CMake module files
[0.262s] DEBUG:colcon.colcon_core.event_handler.log_command:Invoked command in '/home/leomorningrain/code/sdk_mark2_mcnm_ws/build/articubot_one' returned '0': CMAKE_PREFIX_PATH=/opt/ros/humble /usr/bin/cmake --install /home/leomorningrain/code/sdk_mark2_mcnm_ws/build/articubot_one
[0.262s] Level 1:colcon.colcon_core.environment:checking '/home/leomorningrain/code/sdk_mark2_mcnm_ws/install/articubot_one' for CMake config files
[0.263s] Level 1:colcon.colcon_core.shell:create_environment_hook('articubot_one', 'cmake_prefix_path')
[0.263s] INFO:colcon.colcon_core.shell:Creating environment hook '/home/leomorningrain/code/sdk_mark2_mcnm_ws/install/articubot_one/share/articubot_one/hook/cmake_prefix_path.ps1'
[0.263s] INFO:colcon.colcon_core.shell:Creating environment descriptor '/home/leomorningrain/code/sdk_mark2_mcnm_ws/install/articubot_one/share/articubot_one/hook/cmake_prefix_path.dsv'
[0.263s] INFO:colcon.colcon_core.shell:Creating environment hook '/home/leomorningrain/code/sdk_mark2_mcnm_ws/install/articubot_one/share/articubot_one/hook/cmake_prefix_path.sh'
[0.264s] Level 1:colcon.colcon_core.environment:checking '/home/leomorningrain/code/sdk_mark2_mcnm_ws/install/articubot_one/bin'
[0.264s] Level 1:colcon.colcon_core.environment:checking '/home/leomorningrain/code/sdk_mark2_mcnm_ws/install/articubot_one/lib/pkgconfig/articubot_one.pc'
[0.264s] Level 1:colcon.colcon_core.environment:checking '/home/leomorningrain/code/sdk_mark2_mcnm_ws/install/articubot_one/lib/python3.10/site-packages'
[0.264s] Level 1:colcon.colcon_core.environment:checking '/home/leomorningrain/code/sdk_mark2_mcnm_ws/install/articubot_one/bin'
[0.264s] INFO:colcon.colcon_core.shell:Creating package script '/home/leomorningrain/code/sdk_mark2_mcnm_ws/install/articubot_one/share/articubot_one/package.ps1'
[0.265s] INFO:colcon.colcon_core.shell:Creating package descriptor '/home/leomorningrain/code/sdk_mark2_mcnm_ws/install/articubot_one/share/articubot_one/package.dsv'
[0.265s] INFO:colcon.colcon_core.shell:Creating package script '/home/leomorningrain/code/sdk_mark2_mcnm_ws/install/articubot_one/share/articubot_one/package.sh'
[0.265s] INFO:colcon.colcon_core.shell:Creating package script '/home/leomorningrain/code/sdk_mark2_mcnm_ws/install/articubot_one/share/articubot_one/package.bash'
[0.265s] INFO:colcon.colcon_core.shell:Creating package script '/home/leomorningrain/code/sdk_mark2_mcnm_ws/install/articubot_one/share/articubot_one/package.zsh'
[0.265s] Level 1:colcon.colcon_core.environment:create_file_with_runtime_dependencies(/home/leomorningrain/code/sdk_mark2_mcnm_ws/install/articubot_one/share/colcon-core/packages/articubot_one)
[0.266s] Level 1:colcon.colcon_core.environment:create_environment_scripts_only(xpkg_demo)
[0.266s] Level 1:colcon.colcon_core.environment:checking '/home/leomorningrain/code/sdk_mark2_mcnm_ws/install/xpkg_demo' for CMake module files
[0.266s] DEBUG:colcon.colcon_core.event_handler.log_command:Invoked command in '/home/leomorningrain/code/sdk_mark2_mcnm_ws/build/xpkg_demo' returned '0': CMAKE_PREFIX_PATH=/opt/ros/humble /usr/bin/cmake --install /home/leomorningrain/code/sdk_mark2_mcnm_ws/build/xpkg_demo
[0.267s] Level 1:colcon.colcon_core.environment:checking '/home/leomorningrain/code/sdk_mark2_mcnm_ws/install/xpkg_demo' for CMake config files
[0.267s] Level 1:colcon.colcon_core.shell:create_environment_hook('xpkg_demo', 'cmake_prefix_path')
[0.267s] INFO:colcon.colcon_core.shell:Creating environment hook '/home/leomorningrain/code/sdk_mark2_mcnm_ws/install/xpkg_demo/share/xpkg_demo/hook/cmake_prefix_path.ps1'
[0.267s] INFO:colcon.colcon_core.shell:Creating environment descriptor '/home/leomorningrain/code/sdk_mark2_mcnm_ws/install/xpkg_demo/share/xpkg_demo/hook/cmake_prefix_path.dsv'
[0.267s] INFO:colcon.colcon_core.shell:Creating environment hook '/home/leomorningrain/code/sdk_mark2_mcnm_ws/install/xpkg_demo/share/xpkg_demo/hook/cmake_prefix_path.sh'
[0.267s] Level 1:colcon.colcon_core.environment:checking '/home/leomorningrain/code/sdk_mark2_mcnm_ws/install/xpkg_demo/bin'
[0.268s] Level 1:colcon.colcon_core.environment:checking '/home/leomorningrain/code/sdk_mark2_mcnm_ws/install/xpkg_demo/lib/pkgconfig/xpkg_demo.pc'
[0.268s] Level 1:colcon.colcon_core.environment:checking '/home/leomorningrain/code/sdk_mark2_mcnm_ws/install/xpkg_demo/lib/python3.10/site-packages'
[0.268s] Level 1:colcon.colcon_core.environment:checking '/home/leomorningrain/code/sdk_mark2_mcnm_ws/install/xpkg_demo/bin'
[0.268s] INFO:colcon.colcon_core.shell:Creating package script '/home/leomorningrain/code/sdk_mark2_mcnm_ws/install/xpkg_demo/share/xpkg_demo/package.ps1'
[0.268s] INFO:colcon.colcon_core.shell:Creating package descriptor '/home/leomorningrain/code/sdk_mark2_mcnm_ws/install/xpkg_demo/share/xpkg_demo/package.dsv'
[0.269s] INFO:colcon.colcon_core.shell:Creating package script '/home/leomorningrain/code/sdk_mark2_mcnm_ws/install/xpkg_demo/share/xpkg_demo/package.sh'
[0.269s] INFO:colcon.colcon_core.shell:Creating package script '/home/leomorningrain/code/sdk_mark2_mcnm_ws/install/xpkg_demo/share/xpkg_demo/package.bash'
[0.269s] INFO:colcon.colcon_core.shell:Creating package script '/home/leomorningrain/code/sdk_mark2_mcnm_ws/install/xpkg_demo/share/xpkg_demo/package.zsh'
[0.269s] Level 1:colcon.colcon_core.environment:create_file_with_runtime_dependencies(/home/leomorningrain/code/sdk_mark2_mcnm_ws/install/xpkg_demo/share/colcon-core/packages/xpkg_demo)
[0.272s] Level 1:colcon.colcon_core.environment:create_environment_scripts_only(xpkg_urdf_mark2_mcnm)
[0.272s] Level 1:colcon.colcon_core.environment:checking '/home/leomorningrain/code/sdk_mark2_mcnm_ws/install/xpkg_urdf_mark2_mcnm' for CMake module files
[0.273s] Level 1:colcon.colcon_core.environment:checking '/home/leomorningrain/code/sdk_mark2_mcnm_ws/install/xpkg_urdf_mark2_mcnm' for CMake config files
[0.273s] Level 1:colcon.colcon_core.shell:create_environment_hook('xpkg_urdf_mark2_mcnm', 'cmake_prefix_path')
[0.273s] INFO:colcon.colcon_core.shell:Creating environment hook '/home/leomorningrain/code/sdk_mark2_mcnm_ws/install/xpkg_urdf_mark2_mcnm/share/xpkg_urdf_mark2_mcnm/hook/cmake_prefix_path.ps1'
[0.273s] INFO:colcon.colcon_core.shell:Creating environment descriptor '/home/leomorningrain/code/sdk_mark2_mcnm_ws/install/xpkg_urdf_mark2_mcnm/share/xpkg_urdf_mark2_mcnm/hook/cmake_prefix_path.dsv'
[0.273s] INFO:colcon.colcon_core.shell:Creating environment hook '/home/leomorningrain/code/sdk_mark2_mcnm_ws/install/xpkg_urdf_mark2_mcnm/share/xpkg_urdf_mark2_mcnm/hook/cmake_prefix_path.sh'
[0.274s] Level 1:colcon.colcon_core.environment:checking '/home/leomorningrain/code/sdk_mark2_mcnm_ws/install/xpkg_urdf_mark2_mcnm/bin'
[0.274s] Level 1:colcon.colcon_core.environment:checking '/home/leomorningrain/code/sdk_mark2_mcnm_ws/install/xpkg_urdf_mark2_mcnm/lib/pkgconfig/xpkg_urdf_mark2_mcnm.pc'
[0.274s] Level 1:colcon.colcon_core.environment:checking '/home/leomorningrain/code/sdk_mark2_mcnm_ws/install/xpkg_urdf_mark2_mcnm/lib/python3.10/site-packages'
[0.274s] Level 1:colcon.colcon_core.environment:checking '/home/leomorningrain/code/sdk_mark2_mcnm_ws/install/xpkg_urdf_mark2_mcnm/bin'
[0.274s] INFO:colcon.colcon_core.shell:Creating package script '/home/leomorningrain/code/sdk_mark2_mcnm_ws/install/xpkg_urdf_mark2_mcnm/share/xpkg_urdf_mark2_mcnm/package.ps1'
[0.275s] INFO:colcon.colcon_core.shell:Creating package descriptor '/home/leomorningrain/code/sdk_mark2_mcnm_ws/install/xpkg_urdf_mark2_mcnm/share/xpkg_urdf_mark2_mcnm/package.dsv'
[0.275s] INFO:colcon.colcon_core.shell:Creating package script '/home/leomorningrain/code/sdk_mark2_mcnm_ws/install/xpkg_urdf_mark2_mcnm/share/xpkg_urdf_mark2_mcnm/package.sh'
[0.275s] INFO:colcon.colcon_core.shell:Creating package script '/home/leomorningrain/code/sdk_mark2_mcnm_ws/install/xpkg_urdf_mark2_mcnm/share/xpkg_urdf_mark2_mcnm/package.bash'
[0.275s] INFO:colcon.colcon_core.shell:Creating package script '/home/leomorningrain/code/sdk_mark2_mcnm_ws/install/xpkg_urdf_mark2_mcnm/share/xpkg_urdf_mark2_mcnm/package.zsh'
[0.275s] Level 1:colcon.colcon_core.environment:create_file_with_runtime_dependencies(/home/leomorningrain/code/sdk_mark2_mcnm_ws/install/xpkg_urdf_mark2_mcnm/share/colcon-core/packages/xpkg_urdf_mark2_mcnm)
[0.277s] Level 1:colcon.colcon_core.environment:create_environment_scripts_only(articubot_one)
[0.277s] Level 1:colcon.colcon_core.environment:checking '/home/leomorningrain/code/sdk_mark2_mcnm_ws/install/articubot_one' for CMake module files
[0.278s] Level 1:colcon.colcon_core.environment:checking '/home/leomorningrain/code/sdk_mark2_mcnm_ws/install/articubot_one' for CMake config files
[0.278s] Level 1:colcon.colcon_core.shell:create_environment_hook('articubot_one', 'cmake_prefix_path')
[0.278s] INFO:colcon.colcon_core.shell:Creating environment hook '/home/leomorningrain/code/sdk_mark2_mcnm_ws/install/articubot_one/share/articubot_one/hook/cmake_prefix_path.ps1'
[0.278s] INFO:colcon.colcon_core.shell:Creating environment descriptor '/home/leomorningrain/code/sdk_mark2_mcnm_ws/install/articubot_one/share/articubot_one/hook/cmake_prefix_path.dsv'
[0.278s] INFO:colcon.colcon_core.shell:Creating environment hook '/home/leomorningrain/code/sdk_mark2_mcnm_ws/install/articubot_one/share/articubot_one/hook/cmake_prefix_path.sh'
[0.278s] Level 1:colcon.colcon_core.environment:checking '/home/leomorningrain/code/sdk_mark2_mcnm_ws/install/articubot_one/bin'
[0.278s] Level 1:colcon.colcon_core.environment:checking '/home/leomorningrain/code/sdk_mark2_mcnm_ws/install/articubot_one/lib/pkgconfig/articubot_one.pc'
[0.279s] Level 1:colcon.colcon_core.environment:checking '/home/leomorningrain/code/sdk_mark2_mcnm_ws/install/articubot_one/lib/python3.10/site-packages'
[0.279s] Level 1:colcon.colcon_core.environment:checking '/home/leomorningrain/code/sdk_mark2_mcnm_ws/install/articubot_one/bin'
[0.279s] INFO:colcon.colcon_core.shell:Creating package script '/home/leomorningrain/code/sdk_mark2_mcnm_ws/install/articubot_one/share/articubot_one/package.ps1'
[0.279s] INFO:colcon.colcon_core.shell:Creating package descriptor '/home/leomorningrain/code/sdk_mark2_mcnm_ws/install/articubot_one/share/articubot_one/package.dsv'
[0.279s] INFO:colcon.colcon_core.shell:Creating package script '/home/leomorningrain/code/sdk_mark2_mcnm_ws/install/articubot_one/share/articubot_one/package.sh'
[0.280s] INFO:colcon.colcon_core.shell:Creating package script '/home/leomorningrain/code/sdk_mark2_mcnm_ws/install/articubot_one/share/articubot_one/package.bash'
[0.280s] INFO:colcon.colcon_core.shell:Creating package script '/home/leomorningrain/code/sdk_mark2_mcnm_ws/install/articubot_one/share/articubot_one/package.zsh'
[0.280s] Level 1:colcon.colcon_core.environment:create_file_with_runtime_dependencies(/home/leomorningrain/code/sdk_mark2_mcnm_ws/install/articubot_one/share/colcon-core/packages/articubot_one)
[0.281s] Level 1:colcon.colcon_core.environment:create_environment_scripts_only(xpkg_demo)
[0.281s] Level 1:colcon.colcon_core.environment:checking '/home/leomorningrain/code/sdk_mark2_mcnm_ws/install/xpkg_demo' for CMake module files
[0.281s] Level 1:colcon.colcon_core.environment:checking '/home/leomorningrain/code/sdk_mark2_mcnm_ws/install/xpkg_demo' for CMake config files
[0.282s] Level 1:colcon.colcon_core.shell:create_environment_hook('xpkg_demo', 'cmake_prefix_path')
[0.282s] INFO:colcon.colcon_core.shell:Creating environment hook '/home/leomorningrain/code/sdk_mark2_mcnm_ws/install/xpkg_demo/share/xpkg_demo/hook/cmake_prefix_path.ps1'
[0.282s] INFO:colcon.colcon_core.shell:Creating environment descriptor '/home/leomorningrain/code/sdk_mark2_mcnm_ws/install/xpkg_demo/share/xpkg_demo/hook/cmake_prefix_path.dsv'
[0.282s] INFO:colcon.colcon_core.shell:Creating environment hook '/home/leomorningrain/code/sdk_mark2_mcnm_ws/install/xpkg_demo/share/xpkg_demo/hook/cmake_prefix_path.sh'
[0.282s] Level 1:colcon.colcon_core.environment:checking '/home/leomorningrain/code/sdk_mark2_mcnm_ws/install/xpkg_demo/bin'
[0.282s] Level 1:colcon.colcon_core.environment:checking '/home/leomorningrain/code/sdk_mark2_mcnm_ws/install/xpkg_demo/lib/pkgconfig/xpkg_demo.pc'
[0.283s] Level 1:colcon.colcon_core.environment:checking '/home/leomorningrain/code/sdk_mark2_mcnm_ws/install/xpkg_demo/lib/python3.10/site-packages'
[0.283s] Level 1:colcon.colcon_core.environment:checking '/home/leomorningrain/code/sdk_mark2_mcnm_ws/install/xpkg_demo/bin'
[0.283s] INFO:colcon.colcon_core.shell:Creating package script '/home/leomorningrain/code/sdk_mark2_mcnm_ws/install/xpkg_demo/share/xpkg_demo/package.ps1'
[0.283s] INFO:colcon.colcon_core.shell:Creating package descriptor '/home/leomorningrain/code/sdk_mark2_mcnm_ws/install/xpkg_demo/share/xpkg_demo/package.dsv'
[0.283s] INFO:colcon.colcon_core.shell:Creating package script '/home/leomorningrain/code/sdk_mark2_mcnm_ws/install/xpkg_demo/share/xpkg_demo/package.sh'
[0.284s] INFO:colcon.colcon_core.shell:Creating package script '/home/leomorningrain/code/sdk_mark2_mcnm_ws/install/xpkg_demo/share/xpkg_demo/package.bash'
[0.284s] INFO:colcon.colcon_core.shell:Creating package script '/home/leomorningrain/code/sdk_mark2_mcnm_ws/install/xpkg_demo/share/xpkg_demo/package.zsh'
[0.284s] Level 1:colcon.colcon_core.environment:create_file_with_runtime_dependencies(/home/leomorningrain/code/sdk_mark2_mcnm_ws/install/xpkg_demo/share/colcon-core/packages/xpkg_demo)
[0.398s] DEBUG:colcon.colcon_core.event_handler.log_command:Invoked command in '/home/leomorningrain/code/sdk_mark2_mcnm_ws/build/xpkg_msgs' returned '0': CMAKE_PREFIX_PATH=/opt/ros/humble /usr/bin/cmake --build /home/leomorningrain/code/sdk_mark2_mcnm_ws/build/xpkg_msgs -- -j32 -l32
[0.455s] DEBUG:colcon.colcon_core.event_handler.log_command:Invoking command in '/home/leomorningrain/code/sdk_mark2_mcnm_ws/build/xpkg_msgs': CMAKE_PREFIX_PATH=/opt/ros/humble /usr/bin/cmake --install /home/leomorningrain/code/sdk_mark2_mcnm_ws/build/xpkg_msgs
[0.485s] Level 1:colcon.colcon_core.environment:create_environment_scripts_only(xpkg_msgs)
[0.485s] Level 1:colcon.colcon_core.environment:checking '/home/leomorningrain/code/sdk_mark2_mcnm_ws/install/xpkg_msgs' for CMake module files
[0.485s] DEBUG:colcon.colcon_core.event_handler.log_command:Invoked command in '/home/leomorningrain/code/sdk_mark2_mcnm_ws/build/xpkg_msgs' returned '0': CMAKE_PREFIX_PATH=/opt/ros/humble /usr/bin/cmake --install /home/leomorningrain/code/sdk_mark2_mcnm_ws/build/xpkg_msgs
[0.486s] Level 1:colcon.colcon_core.environment:checking '/home/leomorningrain/code/sdk_mark2_mcnm_ws/install/xpkg_msgs' for CMake config files
[0.486s] Level 1:colcon.colcon_core.shell:create_environment_hook('xpkg_msgs', 'cmake_prefix_path')
[0.486s] INFO:colcon.colcon_core.shell:Creating environment hook '/home/leomorningrain/code/sdk_mark2_mcnm_ws/install/xpkg_msgs/share/xpkg_msgs/hook/cmake_prefix_path.ps1'
[0.486s] INFO:colcon.colcon_core.shell:Creating environment descriptor '/home/leomorningrain/code/sdk_mark2_mcnm_ws/install/xpkg_msgs/share/xpkg_msgs/hook/cmake_prefix_path.dsv'
[0.486s] INFO:colcon.colcon_core.shell:Creating environment hook '/home/leomorningrain/code/sdk_mark2_mcnm_ws/install/xpkg_msgs/share/xpkg_msgs/hook/cmake_prefix_path.sh'
[0.487s] Level 1:colcon.colcon_core.environment:checking '/home/leomorningrain/code/sdk_mark2_mcnm_ws/install/xpkg_msgs/lib'
[0.487s] Level 1:colcon.colcon_core.shell:create_environment_hook('xpkg_msgs', 'ld_library_path_lib')
[0.487s] INFO:colcon.colcon_core.shell:Creating environment hook '/home/leomorningrain/code/sdk_mark2_mcnm_ws/install/xpkg_msgs/share/xpkg_msgs/hook/ld_library_path_lib.ps1'
[0.487s] INFO:colcon.colcon_core.shell:Creating environment descriptor '/home/leomorningrain/code/sdk_mark2_mcnm_ws/install/xpkg_msgs/share/xpkg_msgs/hook/ld_library_path_lib.dsv'
[0.487s] INFO:colcon.colcon_core.shell:Creating environment hook '/home/leomorningrain/code/sdk_mark2_mcnm_ws/install/xpkg_msgs/share/xpkg_msgs/hook/ld_library_path_lib.sh'
[0.487s] Level 1:colcon.colcon_core.environment:checking '/home/leomorningrain/code/sdk_mark2_mcnm_ws/install/xpkg_msgs/bin'
[0.487s] Level 1:colcon.colcon_core.environment:checking '/home/leomorningrain/code/sdk_mark2_mcnm_ws/install/xpkg_msgs/lib/pkgconfig/xpkg_msgs.pc'
[0.487s] Level 1:colcon.colcon_core.environment:checking '/home/leomorningrain/code/sdk_mark2_mcnm_ws/install/xpkg_msgs/lib/python3.10/site-packages'
[0.487s] Level 1:colcon.colcon_core.environment:checking '/home/leomorningrain/code/sdk_mark2_mcnm_ws/install/xpkg_msgs/bin'
[0.488s] INFO:colcon.colcon_core.shell:Creating package script '/home/leomorningrain/code/sdk_mark2_mcnm_ws/install/xpkg_msgs/share/xpkg_msgs/package.ps1'
[0.488s] INFO:colcon.colcon_core.shell:Creating package descriptor '/home/leomorningrain/code/sdk_mark2_mcnm_ws/install/xpkg_msgs/share/xpkg_msgs/package.dsv'
[0.488s] INFO:colcon.colcon_core.shell:Creating package script '/home/leomorningrain/code/sdk_mark2_mcnm_ws/install/xpkg_msgs/share/xpkg_msgs/package.sh'
[0.488s] INFO:colcon.colcon_core.shell:Creating package script '/home/leomorningrain/code/sdk_mark2_mcnm_ws/install/xpkg_msgs/share/xpkg_msgs/package.bash'
[0.488s] INFO:colcon.colcon_core.shell:Creating package script '/home/leomorningrain/code/sdk_mark2_mcnm_ws/install/xpkg_msgs/share/xpkg_msgs/package.zsh'
[0.488s] Level 1:colcon.colcon_core.environment:create_file_with_runtime_dependencies(/home/leomorningrain/code/sdk_mark2_mcnm_ws/install/xpkg_msgs/share/colcon-core/packages/xpkg_msgs)
[0.542s] Level 1:colcon.colcon_core.environment:create_environment_scripts_only(xpkg_msgs)
[0.543s] Level 1:colcon.colcon_core.environment:checking '/home/leomorningrain/code/sdk_mark2_mcnm_ws/install/xpkg_msgs' for CMake module files
[0.543s] Level 1:colcon.colcon_core.environment:checking '/home/leomorningrain/code/sdk_mark2_mcnm_ws/install/xpkg_msgs' for CMake config files
[0.543s] Level 1:colcon.colcon_core.shell:create_environment_hook('xpkg_msgs', 'cmake_prefix_path')
[0.543s] INFO:colcon.colcon_core.shell:Creating environment hook '/home/leomorningrain/code/sdk_mark2_mcnm_ws/install/xpkg_msgs/share/xpkg_msgs/hook/cmake_prefix_path.ps1'
[0.543s] INFO:colcon.colcon_core.shell:Creating environment descriptor '/home/leomorningrain/code/sdk_mark2_mcnm_ws/install/xpkg_msgs/share/xpkg_msgs/hook/cmake_prefix_path.dsv'
[0.544s] INFO:colcon.colcon_core.shell:Creating environment hook '/home/leomorningrain/code/sdk_mark2_mcnm_ws/install/xpkg_msgs/share/xpkg_msgs/hook/cmake_prefix_path.sh'
[0.544s] Level 1:colcon.colcon_core.environment:checking '/home/leomorningrain/code/sdk_mark2_mcnm_ws/install/xpkg_msgs/lib'
[0.544s] Level 1:colcon.colcon_core.shell:create_environment_hook('xpkg_msgs', 'ld_library_path_lib')
[0.544s] INFO:colcon.colcon_core.shell:Creating environment hook '/home/leomorningrain/code/sdk_mark2_mcnm_ws/install/xpkg_msgs/share/xpkg_msgs/hook/ld_library_path_lib.ps1'
[0.544s] INFO:colcon.colcon_core.shell:Creating environment descriptor '/home/leomorningrain/code/sdk_mark2_mcnm_ws/install/xpkg_msgs/share/xpkg_msgs/hook/ld_library_path_lib.dsv'
[0.544s] INFO:colcon.colcon_core.shell:Creating environment hook '/home/leomorningrain/code/sdk_mark2_mcnm_ws/install/xpkg_msgs/share/xpkg_msgs/hook/ld_library_path_lib.sh'
[0.545s] Level 1:colcon.colcon_core.environment:checking '/home/leomorningrain/code/sdk_mark2_mcnm_ws/install/xpkg_msgs/bin'
[0.545s] Level 1:colcon.colcon_core.environment:checking '/home/leomorningrain/code/sdk_mark2_mcnm_ws/install/xpkg_msgs/lib/pkgconfig/xpkg_msgs.pc'
[0.545s] Level 1:colcon.colcon_core.environment:checking '/home/leomorningrain/code/sdk_mark2_mcnm_ws/install/xpkg_msgs/lib/python3.10/site-packages'
[0.545s] Level 1:colcon.colcon_core.environment:checking '/home/leomorningrain/code/sdk_mark2_mcnm_ws/install/xpkg_msgs/bin'
[0.545s] INFO:colcon.colcon_core.shell:Creating package script '/home/leomorningrain/code/sdk_mark2_mcnm_ws/install/xpkg_msgs/share/xpkg_msgs/package.ps1'
[0.546s] INFO:colcon.colcon_core.shell:Creating package descriptor '/home/leomorningrain/code/sdk_mark2_mcnm_ws/install/xpkg_msgs/share/xpkg_msgs/package.dsv'
[0.546s] INFO:colcon.colcon_core.shell:Creating package script '/home/leomorningrain/code/sdk_mark2_mcnm_ws/install/xpkg_msgs/share/xpkg_msgs/package.sh'
[0.546s] INFO:colcon.colcon_core.shell:Creating package script '/home/leomorningrain/code/sdk_mark2_mcnm_ws/install/xpkg_msgs/share/xpkg_msgs/package.bash'
[0.546s] INFO:colcon.colcon_core.shell:Creating package script '/home/leomorningrain/code/sdk_mark2_mcnm_ws/install/xpkg_msgs/share/xpkg_msgs/package.zsh'
[0.546s] Level 1:colcon.colcon_core.environment:create_file_with_runtime_dependencies(/home/leomorningrain/code/sdk_mark2_mcnm_ws/install/xpkg_msgs/share/colcon-core/packages/xpkg_msgs)
[0.546s] INFO:colcon.colcon_ros.task.ament_cmake.build:Building ROS package in '/home/leomorningrain/code/sdk_mark2_mcnm_ws/src/base/xpkg_comm' with build type 'ament_cmake'
[0.546s] INFO:colcon.colcon_cmake.task.cmake.build:Building CMake package in '/home/leomorningrain/code/sdk_mark2_mcnm_ws/src/base/xpkg_comm'
[0.547s] INFO:colcon.colcon_core.shell:Skip shell extension 'powershell' for command environment: Not usable outside of PowerShell
[0.547s] DEBUG:colcon.colcon_core.shell:Skip shell extension 'dsv' for command environment
[0.548s] INFO:colcon.colcon_ros.task.ament_cmake.build:Building ROS package in '/home/leomorningrain/code/sdk_mark2_mcnm_ws/src/drivers/xpkg_vehicle' with build type 'ament_cmake'
[0.548s] INFO:colcon.colcon_cmake.task.cmake.build:Building CMake package in '/home/leomorningrain/code/sdk_mark2_mcnm_ws/src/drivers/xpkg_vehicle'
[0.549s] INFO:colcon.colcon_core.shell:Skip shell extension 'powershell' for command environment: Not usable outside of PowerShell
[0.549s] DEBUG:colcon.colcon_core.shell:Skip shell extension 'dsv' for command environment
[0.552s] DEBUG:colcon.colcon_core.event_handler.log_command:Invoking command in '/home/leomorningrain/code/sdk_mark2_mcnm_ws/build/xpkg_comm': AMENT_PREFIX_PATH=/home/leomorningrain/code/sdk_mark2_mcnm_ws/install/xpkg_msgs:${AMENT_PREFIX_PATH} CMAKE_PREFIX_PATH=/home/leomorningrain/code/sdk_mark2_mcnm_ws/install/xpkg_msgs:/opt/ros/humble LD_LIBRARY_PATH=/home/leomorningrain/code/sdk_mark2_mcnm_ws/install/xpkg_msgs/lib:/usr/lib/x86_64-linux-gnu/gazebo-11/plugins:/opt/ros/humble/opt/rviz_ogre_vendor/lib:/opt/ros/humble/lib/x86_64-linux-gnu:/opt/ros/humble/lib:/usr/local/lib PYTHONPATH=/home/leomorningrain/code/sdk_mark2_mcnm_ws/install/xpkg_msgs/local/lib/python3.10/dist-packages:${PYTHONPATH} /usr/bin/cmake --build /home/leomorningrain/code/sdk_mark2_mcnm_ws/build/xpkg_comm -- -j32 -l32
[0.554s] DEBUG:colcon.colcon_core.event_handler.log_command:Invoking command in '/home/leomorningrain/code/sdk_mark2_mcnm_ws/build/xpkg_vehicle': AMENT_PREFIX_PATH=/home/leomorningrain/code/sdk_mark2_mcnm_ws/install/xpkg_msgs:${AMENT_PREFIX_PATH} CMAKE_PREFIX_PATH=/home/leomorningrain/code/sdk_mark2_mcnm_ws/install/xpkg_msgs:/opt/ros/humble LD_LIBRARY_PATH=/home/leomorningrain/code/sdk_mark2_mcnm_ws/install/xpkg_msgs/lib:/usr/lib/x86_64-linux-gnu/gazebo-11/plugins:/opt/ros/humble/opt/rviz_ogre_vendor/lib:/opt/ros/humble/lib/x86_64-linux-gnu:/opt/ros/humble/lib:/usr/local/lib PYTHONPATH=/home/leomorningrain/code/sdk_mark2_mcnm_ws/install/xpkg_msgs/local/lib/python3.10/dist-packages:${PYTHONPATH} /usr/bin/cmake --build /home/leomorningrain/code/sdk_mark2_mcnm_ws/build/xpkg_vehicle -- -j32 -l32
[0.591s] DEBUG:colcon.colcon_core.event_handler.log_command:Invoked command in '/home/leomorningrain/code/sdk_mark2_mcnm_ws/build/xpkg_comm' returned '0': AMENT_PREFIX_PATH=/home/leomorningrain/code/sdk_mark2_mcnm_ws/install/xpkg_msgs:${AMENT_PREFIX_PATH} CMAKE_PREFIX_PATH=/home/leomorningrain/code/sdk_mark2_mcnm_ws/install/xpkg_msgs:/opt/ros/humble LD_LIBRARY_PATH=/home/leomorningrain/code/sdk_mark2_mcnm_ws/install/xpkg_msgs/lib:/usr/lib/x86_64-linux-gnu/gazebo-11/plugins:/opt/ros/humble/opt/rviz_ogre_vendor/lib:/opt/ros/humble/lib/x86_64-linux-gnu:/opt/ros/humble/lib:/usr/local/lib PYTHONPATH=/home/leomorningrain/code/sdk_mark2_mcnm_ws/install/xpkg_msgs/local/lib/python3.10/dist-packages:${PYTHONPATH} /usr/bin/cmake --build /home/leomorningrain/code/sdk_mark2_mcnm_ws/build/xpkg_comm -- -j32 -l32
[0.593s] DEBUG:colcon.colcon_core.event_handler.log_command:Invoked command in '/home/leomorningrain/code/sdk_mark2_mcnm_ws/build/xpkg_vehicle' returned '0': AMENT_PREFIX_PATH=/home/leomorningrain/code/sdk_mark2_mcnm_ws/install/xpkg_msgs:${AMENT_PREFIX_PATH} CMAKE_PREFIX_PATH=/home/leomorningrain/code/sdk_mark2_mcnm_ws/install/xpkg_msgs:/opt/ros/humble LD_LIBRARY_PATH=/home/leomorningrain/code/sdk_mark2_mcnm_ws/install/xpkg_msgs/lib:/usr/lib/x86_64-linux-gnu/gazebo-11/plugins:/opt/ros/humble/opt/rviz_ogre_vendor/lib:/opt/ros/humble/lib/x86_64-linux-gnu:/opt/ros/humble/lib:/usr/local/lib PYTHONPATH=/home/leomorningrain/code/sdk_mark2_mcnm_ws/install/xpkg_msgs/local/lib/python3.10/dist-packages:${PYTHONPATH} /usr/bin/cmake --build /home/leomorningrain/code/sdk_mark2_mcnm_ws/build/xpkg_vehicle -- -j32 -l32
[0.613s] DEBUG:colcon.colcon_core.event_handler.log_command:Invoking command in '/home/leomorningrain/code/sdk_mark2_mcnm_ws/build/xpkg_comm': AMENT_PREFIX_PATH=/home/leomorningrain/code/sdk_mark2_mcnm_ws/install/xpkg_msgs:${AMENT_PREFIX_PATH} CMAKE_PREFIX_PATH=/home/leomorningrain/code/sdk_mark2_mcnm_ws/install/xpkg_msgs:/opt/ros/humble LD_LIBRARY_PATH=/home/leomorningrain/code/sdk_mark2_mcnm_ws/install/xpkg_msgs/lib:/usr/lib/x86_64-linux-gnu/gazebo-11/plugins:/opt/ros/humble/opt/rviz_ogre_vendor/lib:/opt/ros/humble/lib/x86_64-linux-gnu:/opt/ros/humble/lib:/usr/local/lib PYTHONPATH=/home/leomorningrain/code/sdk_mark2_mcnm_ws/install/xpkg_msgs/local/lib/python3.10/dist-packages:${PYTHONPATH} /usr/bin/cmake --install /home/leomorningrain/code/sdk_mark2_mcnm_ws/build/xpkg_comm
[0.615s] DEBUG:colcon.colcon_core.event_handler.log_command:Invoking command in '/home/leomorningrain/code/sdk_mark2_mcnm_ws/build/xpkg_vehicle': AMENT_PREFIX_PATH=/home/leomorningrain/code/sdk_mark2_mcnm_ws/install/xpkg_msgs:${AMENT_PREFIX_PATH} CMAKE_PREFIX_PATH=/home/leomorningrain/code/sdk_mark2_mcnm_ws/install/xpkg_msgs:/opt/ros/humble LD_LIBRARY_PATH=/home/leomorningrain/code/sdk_mark2_mcnm_ws/install/xpkg_msgs/lib:/usr/lib/x86_64-linux-gnu/gazebo-11/plugins:/opt/ros/humble/opt/rviz_ogre_vendor/lib:/opt/ros/humble/lib/x86_64-linux-gnu:/opt/ros/humble/lib:/usr/local/lib PYTHONPATH=/home/leomorningrain/code/sdk_mark2_mcnm_ws/install/xpkg_msgs/local/lib/python3.10/dist-packages:${PYTHONPATH} /usr/bin/cmake --install /home/leomorningrain/code/sdk_mark2_mcnm_ws/build/xpkg_vehicle
[0.620s] Level 1:colcon.colcon_core.environment:create_environment_scripts_only(xpkg_comm)
[0.620s] Level 1:colcon.colcon_core.environment:checking '/home/leomorningrain/code/sdk_mark2_mcnm_ws/install/xpkg_comm' for CMake module files
[0.621s] Level 1:colcon.colcon_core.environment:checking '/home/leomorningrain/code/sdk_mark2_mcnm_ws/install/xpkg_comm' for CMake config files
[0.622s] Level 1:colcon.colcon_core.shell:create_environment_hook('xpkg_comm', 'cmake_prefix_path')
[0.623s] INFO:colcon.colcon_core.shell:Creating environment hook '/home/leomorningrain/code/sdk_mark2_mcnm_ws/install/xpkg_comm/share/xpkg_comm/hook/cmake_prefix_path.ps1'
[0.623s] INFO:colcon.colcon_core.shell:Creating environment descriptor '/home/leomorningrain/code/sdk_mark2_mcnm_ws/install/xpkg_comm/share/xpkg_comm/hook/cmake_prefix_path.dsv'
[0.624s] INFO:colcon.colcon_core.shell:Creating environment hook '/home/leomorningrain/code/sdk_mark2_mcnm_ws/install/xpkg_comm/share/xpkg_comm/hook/cmake_prefix_path.sh'
[0.625s] Level 1:colcon.colcon_core.environment:checking '/home/leomorningrain/code/sdk_mark2_mcnm_ws/install/xpkg_comm/lib'
[0.625s] Level 1:colcon.colcon_core.environment:checking '/home/leomorningrain/code/sdk_mark2_mcnm_ws/install/xpkg_comm/bin'
[0.625s] Level 1:colcon.colcon_core.environment:checking '/home/leomorningrain/code/sdk_mark2_mcnm_ws/install/xpkg_comm/lib/pkgconfig/xpkg_comm.pc'
[0.626s] Level 1:colcon.colcon_core.environment:checking '/home/leomorningrain/code/sdk_mark2_mcnm_ws/install/xpkg_comm/lib/python3.10/site-packages'
[0.626s] Level 1:colcon.colcon_core.environment:checking '/home/leomorningrain/code/sdk_mark2_mcnm_ws/install/xpkg_comm/bin'
[0.626s] INFO:colcon.colcon_core.shell:Creating package script '/home/leomorningrain/code/sdk_mark2_mcnm_ws/install/xpkg_comm/share/xpkg_comm/package.ps1'
[0.627s] INFO:colcon.colcon_core.shell:Creating package descriptor '/home/leomorningrain/code/sdk_mark2_mcnm_ws/install/xpkg_comm/share/xpkg_comm/package.dsv'
[0.628s] DEBUG:colcon.colcon_core.event_handler.log_command:Invoked command in '/home/leomorningrain/code/sdk_mark2_mcnm_ws/build/xpkg_comm' returned '0': AMENT_PREFIX_PATH=/home/leomorningrain/code/sdk_mark2_mcnm_ws/install/xpkg_msgs:${AMENT_PREFIX_PATH} CMAKE_PREFIX_PATH=/home/leomorningrain/code/sdk_mark2_mcnm_ws/install/xpkg_msgs:/opt/ros/humble LD_LIBRARY_PATH=/home/leomorningrain/code/sdk_mark2_mcnm_ws/install/xpkg_msgs/lib:/usr/lib/x86_64-linux-gnu/gazebo-11/plugins:/opt/ros/humble/opt/rviz_ogre_vendor/lib:/opt/ros/humble/lib/x86_64-linux-gnu:/opt/ros/humble/lib:/usr/local/lib PYTHONPATH=/home/leomorningrain/code/sdk_mark2_mcnm_ws/install/xpkg_msgs/local/lib/python3.10/dist-packages:${PYTHONPATH} /usr/bin/cmake --install /home/leomorningrain/code/sdk_mark2_mcnm_ws/build/xpkg_comm
[0.628s] INFO:colcon.colcon_core.shell:Creating package script '/home/leomorningrain/code/sdk_mark2_mcnm_ws/install/xpkg_comm/share/xpkg_comm/package.sh'
[0.628s] INFO:colcon.colcon_core.shell:Creating package script '/home/leomorningrain/code/sdk_mark2_mcnm_ws/install/xpkg_comm/share/xpkg_comm/package.bash'
[0.628s] INFO:colcon.colcon_core.shell:Creating package script '/home/leomorningrain/code/sdk_mark2_mcnm_ws/install/xpkg_comm/share/xpkg_comm/package.zsh'
[0.629s] Level 1:colcon.colcon_core.environment:create_file_with_runtime_dependencies(/home/leomorningrain/code/sdk_mark2_mcnm_ws/install/xpkg_comm/share/colcon-core/packages/xpkg_comm)
[0.630s] Level 1:colcon.colcon_core.environment:create_environment_scripts_only(xpkg_vehicle)
[0.631s] Level 1:colcon.colcon_core.environment:checking '/home/leomorningrain/code/sdk_mark2_mcnm_ws/install/xpkg_vehicle' for CMake module files
[0.631s] DEBUG:colcon.colcon_core.event_handler.log_command:Invoked command in '/home/leomorningrain/code/sdk_mark2_mcnm_ws/build/xpkg_vehicle' returned '0': AMENT_PREFIX_PATH=/home/leomorningrain/code/sdk_mark2_mcnm_ws/install/xpkg_msgs:${AMENT_PREFIX_PATH} CMAKE_PREFIX_PATH=/home/leomorningrain/code/sdk_mark2_mcnm_ws/install/xpkg_msgs:/opt/ros/humble LD_LIBRARY_PATH=/home/leomorningrain/code/sdk_mark2_mcnm_ws/install/xpkg_msgs/lib:/usr/lib/x86_64-linux-gnu/gazebo-11/plugins:/opt/ros/humble/opt/rviz_ogre_vendor/lib:/opt/ros/humble/lib/x86_64-linux-gnu:/opt/ros/humble/lib:/usr/local/lib PYTHONPATH=/home/leomorningrain/code/sdk_mark2_mcnm_ws/install/xpkg_msgs/local/lib/python3.10/dist-packages:${PYTHONPATH} /usr/bin/cmake --install /home/leomorningrain/code/sdk_mark2_mcnm_ws/build/xpkg_vehicle
[0.631s] Level 1:colcon.colcon_core.environment:checking '/home/leomorningrain/code/sdk_mark2_mcnm_ws/install/xpkg_vehicle' for CMake config files
[0.632s] Level 1:colcon.colcon_core.shell:create_environment_hook('xpkg_vehicle', 'cmake_prefix_path')
[0.632s] INFO:colcon.colcon_core.shell:Creating environment hook '/home/leomorningrain/code/sdk_mark2_mcnm_ws/install/xpkg_vehicle/share/xpkg_vehicle/hook/cmake_prefix_path.ps1'
[0.632s] INFO:colcon.colcon_core.shell:Creating environment descriptor '/home/leomorningrain/code/sdk_mark2_mcnm_ws/install/xpkg_vehicle/share/xpkg_vehicle/hook/cmake_prefix_path.dsv'
[0.633s] INFO:colcon.colcon_core.shell:Creating environment hook '/home/leomorningrain/code/sdk_mark2_mcnm_ws/install/xpkg_vehicle/share/xpkg_vehicle/hook/cmake_prefix_path.sh'
[0.633s] Level 1:colcon.colcon_core.environment:checking '/home/leomorningrain/code/sdk_mark2_mcnm_ws/install/xpkg_vehicle/lib'
[0.633s] Level 1:colcon.colcon_core.environment:checking '/home/leomorningrain/code/sdk_mark2_mcnm_ws/install/xpkg_vehicle/bin'
[0.633s] Level 1:colcon.colcon_core.environment:checking '/home/leomorningrain/code/sdk_mark2_mcnm_ws/install/xpkg_vehicle/lib/pkgconfig/xpkg_vehicle.pc'
[0.633s] Level 1:colcon.colcon_core.environment:checking '/home/leomorningrain/code/sdk_mark2_mcnm_ws/install/xpkg_vehicle/lib/python3.10/site-packages'
[0.633s] Level 1:colcon.colcon_core.environment:checking '/home/leomorningrain/code/sdk_mark2_mcnm_ws/install/xpkg_vehicle/bin'
[0.633s] INFO:colcon.colcon_core.shell:Creating package script '/home/leomorningrain/code/sdk_mark2_mcnm_ws/install/xpkg_vehicle/share/xpkg_vehicle/package.ps1'
[0.634s] INFO:colcon.colcon_core.shell:Creating package descriptor '/home/leomorningrain/code/sdk_mark2_mcnm_ws/install/xpkg_vehicle/share/xpkg_vehicle/package.dsv'
[0.634s] INFO:colcon.colcon_core.shell:Creating package script '/home/leomorningrain/code/sdk_mark2_mcnm_ws/install/xpkg_vehicle/share/xpkg_vehicle/package.sh'
[0.634s] INFO:colcon.colcon_core.shell:Creating package script '/home/leomorningrain/code/sdk_mark2_mcnm_ws/install/xpkg_vehicle/share/xpkg_vehicle/package.bash'
[0.634s] INFO:colcon.colcon_core.shell:Creating package script '/home/leomorningrain/code/sdk_mark2_mcnm_ws/install/xpkg_vehicle/share/xpkg_vehicle/package.zsh'
[0.634s] Level 1:colcon.colcon_core.environment:create_file_with_runtime_dependencies(/home/leomorningrain/code/sdk_mark2_mcnm_ws/install/xpkg_vehicle/share/colcon-core/packages/xpkg_vehicle)
[0.651s] Level 1:colcon.colcon_core.environment:create_environment_scripts_only(xpkg_comm)
[0.651s] Level 1:colcon.colcon_core.environment:checking '/home/leomorningrain/code/sdk_mark2_mcnm_ws/install/xpkg_comm' for CMake module files
[0.651s] Level 1:colcon.colcon_core.environment:checking '/home/leomorningrain/code/sdk_mark2_mcnm_ws/install/xpkg_comm' for CMake config files
[0.651s] Level 1:colcon.colcon_core.shell:create_environment_hook('xpkg_comm', 'cmake_prefix_path')
[0.651s] INFO:colcon.colcon_core.shell:Creating environment hook '/home/leomorningrain/code/sdk_mark2_mcnm_ws/install/xpkg_comm/share/xpkg_comm/hook/cmake_prefix_path.ps1'
[0.652s] INFO:colcon.colcon_core.shell:Creating environment descriptor '/home/leomorningrain/code/sdk_mark2_mcnm_ws/install/xpkg_comm/share/xpkg_comm/hook/cmake_prefix_path.dsv'
[0.652s] INFO:colcon.colcon_core.shell:Creating environment hook '/home/leomorningrain/code/sdk_mark2_mcnm_ws/install/xpkg_comm/share/xpkg_comm/hook/cmake_prefix_path.sh'
[0.652s] Level 1:colcon.colcon_core.environment:checking '/home/leomorningrain/code/sdk_mark2_mcnm_ws/install/xpkg_comm/lib'
[0.652s] Level 1:colcon.colcon_core.environment:checking '/home/leomorningrain/code/sdk_mark2_mcnm_ws/install/xpkg_comm/bin'
[0.652s] Level 1:colcon.colcon_core.environment:checking '/home/leomorningrain/code/sdk_mark2_mcnm_ws/install/xpkg_comm/lib/pkgconfig/xpkg_comm.pc'
[0.652s] Level 1:colcon.colcon_core.environment:checking '/home/leomorningrain/code/sdk_mark2_mcnm_ws/install/xpkg_comm/lib/python3.10/site-packages'
[0.653s] Level 1:colcon.colcon_core.environment:checking '/home/leomorningrain/code/sdk_mark2_mcnm_ws/install/xpkg_comm/bin'
[0.653s] INFO:colcon.colcon_core.shell:Creating package script '/home/leomorningrain/code/sdk_mark2_mcnm_ws/install/xpkg_comm/share/xpkg_comm/package.ps1'
[0.653s] INFO:colcon.colcon_core.shell:Creating package descriptor '/home/leomorningrain/code/sdk_mark2_mcnm_ws/install/xpkg_comm/share/xpkg_comm/package.dsv'
[0.653s] INFO:colcon.colcon_core.shell:Creating package script '/home/leomorningrain/code/sdk_mark2_mcnm_ws/install/xpkg_comm/share/xpkg_comm/package.sh'
[0.654s] INFO:colcon.colcon_core.shell:Creating package script '/home/leomorningrain/code/sdk_mark2_mcnm_ws/install/xpkg_comm/share/xpkg_comm/package.bash'
[0.654s] INFO:colcon.colcon_core.shell:Creating package script '/home/leomorningrain/code/sdk_mark2_mcnm_ws/install/xpkg_comm/share/xpkg_comm/package.zsh'
[0.654s] Level 1:colcon.colcon_core.environment:create_file_with_runtime_dependencies(/home/leomorningrain/code/sdk_mark2_mcnm_ws/install/xpkg_comm/share/colcon-core/packages/xpkg_comm)
[0.656s] Level 1:colcon.colcon_core.environment:create_environment_scripts_only(xpkg_vehicle)
[0.656s] Level 1:colcon.colcon_core.environment:checking '/home/leomorningrain/code/sdk_mark2_mcnm_ws/install/xpkg_vehicle' for CMake module files
[0.656s] Level 1:colcon.colcon_core.environment:checking '/home/leomorningrain/code/sdk_mark2_mcnm_ws/install/xpkg_vehicle' for CMake config files
[0.656s] Level 1:colcon.colcon_core.shell:create_environment_hook('xpkg_vehicle', 'cmake_prefix_path')
[0.657s] INFO:colcon.colcon_core.shell:Creating environment hook '/home/leomorningrain/code/sdk_mark2_mcnm_ws/install/xpkg_vehicle/share/xpkg_vehicle/hook/cmake_prefix_path.ps1'
[0.657s] INFO:colcon.colcon_core.shell:Creating environment descriptor '/home/leomorningrain/code/sdk_mark2_mcnm_ws/install/xpkg_vehicle/share/xpkg_vehicle/hook/cmake_prefix_path.dsv'
[0.657s] INFO:colcon.colcon_core.shell:Creating environment hook '/home/leomorningrain/code/sdk_mark2_mcnm_ws/install/xpkg_vehicle/share/xpkg_vehicle/hook/cmake_prefix_path.sh'
[0.657s] Level 1:colcon.colcon_core.environment:checking '/home/leomorningrain/code/sdk_mark2_mcnm_ws/install/xpkg_vehicle/lib'
[0.657s] Level 1:colcon.colcon_core.environment:checking '/home/leomorningrain/code/sdk_mark2_mcnm_ws/install/xpkg_vehicle/bin'
[0.657s] Level 1:colcon.colcon_core.environment:checking '/home/leomorningrain/code/sdk_mark2_mcnm_ws/install/xpkg_vehicle/lib/pkgconfig/xpkg_vehicle.pc'
[0.657s] Level 1:colcon.colcon_core.environment:checking '/home/leomorningrain/code/sdk_mark2_mcnm_ws/install/xpkg_vehicle/lib/python3.10/site-packages'
[0.658s] Level 1:colcon.colcon_core.environment:checking '/home/leomorningrain/code/sdk_mark2_mcnm_ws/install/xpkg_vehicle/bin'
[0.658s] INFO:colcon.colcon_core.shell:Creating package script '/home/leomorningrain/code/sdk_mark2_mcnm_ws/install/xpkg_vehicle/share/xpkg_vehicle/package.ps1'
[0.658s] INFO:colcon.colcon_core.shell:Creating package descriptor '/home/leomorningrain/code/sdk_mark2_mcnm_ws/install/xpkg_vehicle/share/xpkg_vehicle/package.dsv'
[0.658s] INFO:colcon.colcon_core.shell:Creating package script '/home/leomorningrain/code/sdk_mark2_mcnm_ws/install/xpkg_vehicle/share/xpkg_vehicle/package.sh'
[0.659s] INFO:colcon.colcon_core.shell:Creating package script '/home/leomorningrain/code/sdk_mark2_mcnm_ws/install/xpkg_vehicle/share/xpkg_vehicle/package.bash'
[0.659s] INFO:colcon.colcon_core.shell:Creating package script '/home/leomorningrain/code/sdk_mark2_mcnm_ws/install/xpkg_vehicle/share/xpkg_vehicle/package.zsh'
[0.659s] Level 1:colcon.colcon_core.environment:create_file_with_runtime_dependencies(/home/leomorningrain/code/sdk_mark2_mcnm_ws/install/xpkg_vehicle/share/colcon-core/packages/xpkg_vehicle)
[0.660s] DEBUG:colcon.colcon_parallel_executor.executor.parallel:closing loop
[0.660s] DEBUG:colcon.colcon_parallel_executor.executor.parallel:loop closed
[0.660s] DEBUG:colcon.colcon_parallel_executor.executor.parallel:run_until_complete finished with '0'
[0.660s] DEBUG:colcon.colcon_core.event_reactor:joining thread
[0.666s] INFO:colcon.colcon_core.plugin_system:Skipping extension 'colcon_notification.desktop_notification.terminal_notifier': Not used on non-Darwin systems
[0.666s] INFO:colcon.colcon_core.plugin_system:Skipping extension 'colcon_notification.desktop_notification.win32': Not used on non-Windows systems
[0.666s] INFO:colcon.colcon_notification.desktop_notification:Sending desktop notification using 'notify2'
[0.674s] DEBUG:colcon.colcon_core.event_reactor:joined thread
[0.674s] INFO:colcon.colcon_core.shell:Creating prefix script '/home/leomorningrain/code/sdk_mark2_mcnm_ws/install/local_setup.ps1'
[0.675s] INFO:colcon.colcon_core.shell:Creating prefix util module '/home/leomorningrain/code/sdk_mark2_mcnm_ws/install/_local_setup_util_ps1.py'
[0.675s] INFO:colcon.colcon_core.shell:Creating prefix chain script '/home/leomorningrain/code/sdk_mark2_mcnm_ws/install/setup.ps1'
[0.676s] INFO:colcon.colcon_core.shell:Creating prefix script '/home/leomorningrain/code/sdk_mark2_mcnm_ws/install/local_setup.sh'
[0.676s] INFO:colcon.colcon_core.shell:Creating prefix util module '/home/leomorningrain/code/sdk_mark2_mcnm_ws/install/_local_setup_util_sh.py'
[0.676s] INFO:colcon.colcon_core.shell:Creating prefix chain script '/home/leomorningrain/code/sdk_mark2_mcnm_ws/install/setup.sh'
[0.677s] INFO:colcon.colcon_core.shell:Creating prefix script '/home/leomorningrain/code/sdk_mark2_mcnm_ws/install/local_setup.bash'
[0.677s] INFO:colcon.colcon_core.shell:Creating prefix chain script '/home/leomorningrain/code/sdk_mark2_mcnm_ws/install/setup.bash'
[0.677s] INFO:colcon.colcon_core.shell:Creating prefix script '/home/leomorningrain/code/sdk_mark2_mcnm_ws/install/local_setup.zsh'
[0.678s] INFO:colcon.colcon_core.shell:Creating prefix chain script '/home/leomorningrain/code/sdk_mark2_mcnm_ws/install/setup.zsh'
